#
# There is insufficient memory for the Java Runtime Environment to continue.
# Native memory allocation (malloc) failed to allocate 82313216 bytes for committing reserved memory.
# Possible reasons:
#   The system is out of physical RAM or swap space
#   In 32 bit mode, the process size limit was hit
# Possible solutions:
#   Reduce memory load on the system
#   Increase physical memory or swap space
#   Check if swap backing store is full
#   Use 64 bit Java on a 64 bit OS
#   Decrease Java heap size (-Xmx/-Xms)
#   Decrease number of Java threads
#   Decrease Java thread stack sizes (-Xss)
#   Set larger code cache with -XX:ReservedCodeCacheSize=
# This output file may be truncated or incomplete.
#
#  Out of Memory Error (os_linux.cpp:2827), pid=7709, tid=140225945749248
#
# JRE version: OpenJDK Runtime Environment (7.0_85-b01) (build 1.7.0_85-b01)
# Java VM: OpenJDK 64-Bit Server VM (24.85-b03 mixed mode linux-amd64 compressed oops)
# Derivative: IcedTea 2.6.1
# Distribution: Ubuntu 14.04 LTS, package 7u85-2.6.1-5ubuntu0.14.04.1
# Failed to write core dump. Core dumps have been disabled. To enable core dumping, try "ulimit -c unlimited" before starting Java again
#

---------------  T H R E A D  ---------------

Current thread (0x00007f88f8076000):  VMThread [stack: 0x00007f88e59f4000,0x00007f88e5af5000] [id=7720]

Stack: [0x00007f88e59f4000,0x00007f88e5af5000],  sp=0x00007f88e5af3490,  free space=1021k
Native frames: (J=compiled Java code, j=interpreted, Vv=VM code, C=native code)
V  [libjvm.so+0x953d45]  VMError::report_and_die()+0x175
V  [libjvm.so+0x48fd24]  report_vm_out_of_memory(char const*, int, unsigned long, char const*)+0x74
V  [libjvm.so+0x7cf91b]  os::pd_commit_memory(char*, unsigned long, unsigned long, bool)+0xeb
V  [libjvm.so+0x7ca3df]  os::commit_memory(char*, unsigned long, unsigned long, bool)+0x1f
V  [libjvm.so+0x83db6b]  PSVirtualSpace::expand_by(unsigned long)+0x5b
V  [libjvm.so+0x83e9d0]  PSYoungGen::resize_generation(unsigned long, unsigned long)+0xb0
V  [libjvm.so+0x83f0bb]  PSYoungGen::resize(unsigned long, unsigned long)+0x1b
V  [libjvm.so+0x83b2f8]  PSScavenge::invoke_no_policy()+0xd68
V  [libjvm.so+0x83bb68]  PSScavenge::invoke()+0x38
V  [libjvm.so+0x7f2123]  ParallelScavengeHeap::failed_mem_allocate(unsigned long)+0x63
V  [libjvm.so+0x955744]  VM_ParallelGCFailedAllocation::doit()+0x84
V  [libjvm.so+0x959847]  VM_Operation::evaluate()+0x47
V  [libjvm.so+0x958308]  VMThread::evaluate_operation(VM_Operation*)+0x318
V  [libjvm.so+0x958769]  VMThread::loop()+0x219
V  [libjvm.so+0x958bb2]  VMThread::run()+0x72
V  [libjvm.so+0x7cc7e2]  java_start(Thread*)+0xf2

VM_Operation (0x00007f88adc8b770): ParallelGCFailedAllocation, mode: safepoint, requested by thread 0x00007f88f80f8800


---------------  P R O C E S S  ---------------

Java Threads: ( => current thread )
  0x00000000009b1000 JavaThread "Timer-1" [_thread_blocked, id=7758, stack(0x00007f88acf1d000,0x00007f88ad01e000)]
  0x00007f886c077800 JavaThread "Timer-3" [_thread_blocked, id=7757, stack(0x00007f88ad01e000,0x00007f88ad11f000)]
  0x00007f886c062800 JavaThread "Timer-2" [_thread_blocked, id=7756, stack(0x00007f88ad11f000,0x00007f88ad220000)]
  0x00007f887802b800 JavaThread "Timer-0" [_thread_blocked, id=7755, stack(0x00007f88ad220000,0x00007f88ad321000)]
  0x00000000009b0000 JavaThread "Thread-21" daemon [_thread_blocked, id=7754, stack(0x00007f88ad576000,0x00007f88ad677000)]
  0x00007f8874055800 JavaThread "AWT-EventQueue-0" [_thread_blocked, id=7753, stack(0x00007f88ad677000,0x00007f88ad778000)]
  0x00007f8874055000 JavaThread "AWT-Shutdown" [_thread_blocked, id=7752, stack(0x00007f88ad778000,0x00007f88ad879000)]
  0x00007f88f800a800 JavaThread "DestroyJavaVM" [_thread_blocked, id=7715, stack(0x00007f88ff3d8000,0x00007f88ff4d9000)]
  0x00007f88f80fa000 JavaThread "A2" [_thread_blocked, id=7751, stack(0x00007f88ada8b000,0x00007f88adb8c000)]
  0x00007f88f80f8800 JavaThread "A4" [_thread_blocked, id=7750, stack(0x00007f88adb8c000,0x00007f88adc8d000)]
  0x00007f88f80f7000 JavaThread "A3" [_thread_blocked, id=7749, stack(0x00007f88adc8d000,0x00007f88add8e000)]
  0x00007f88f80f4800 JavaThread "A1" [_thread_blocked, id=7748, stack(0x00007f88add8e000,0x00007f88ade8f000)]
  0x00007f88f8326800 JavaThread "Container-1-failure-monitor" [_thread_blocked, id=7747, stack(0x00007f88ade8f000,0x00007f88adf90000)]
  0x00007f88f8352000 JavaThread "rma" [_thread_in_native, id=7746, stack(0x00007f88adf90000,0x00007f88ae091000)]
  0x00007f88f8357800 JavaThread "MASTER" [_thread_blocked, id=7745, stack(0x00007f88ae091000,0x00007f88ae192000)]
  0x00007f88f8359800 JavaThread "df" [_thread_blocked, id=7744, stack(0x00007f88ae192000,0x00007f88ae293000)]
  0x00007f88f8378800 JavaThread "ams" [_thread_blocked, id=7743, stack(0x00007f88ae293000,0x00007f88ae394000)]
  0x00007f88f835d800 JavaThread "Thread-10" [_thread_in_native, id=7742, stack(0x00007f88ae394000,0x00007f88ae495000)]
  0x00007f88f82ce000 JavaThread "Deliverer-4" [_thread_blocked, id=7741, stack(0x00007f88ae495000,0x00007f88ae596000)]
  0x00007f88f82ca000 JavaThread "Deliverer-3" [_thread_blocked, id=7740, stack(0x00007f88ae596000,0x00007f88ae697000)]
  0x00007f88f82c8000 JavaThread "Deliverer-2" [_thread_blocked, id=7739, stack(0x00007f88ae697000,0x00007f88ae798000)]
  0x00007f88f82c6800 JavaThread "Deliverer-1" [_thread_blocked, id=7738, stack(0x00007f88ae798000,0x00007f88ae899000)]
  0x00007f88f82c2800 JavaThread "Deliverer-0" [_thread_blocked, id=7737, stack(0x00007f88ae899000,0x00007f88ae99a000)]
  0x00007f88f82b1000 JavaThread "AWT-XAWT" daemon [_thread_blocked, id=7736, stack(0x00007f88ae99a000,0x00007f88aea9b000)]
  0x00007f88f8289800 JavaThread "Java2D Disposer" daemon [_thread_blocked, id=7735, stack(0x00007f88bc02a000,0x00007f88bc12b000)]
  0x00007f88f81d5800 JavaThread "Thread-4" [_thread_in_native, id=7734, stack(0x00007f88bf174000,0x00007f88bf275000)]
  0x00007f88f81d3800 JavaThread "Thread-3" [_thread_blocked, id=7733, stack(0x00007f88bf275000,0x00007f88bf376000)]
  0x00007f88f81d2000 JavaThread "JICPServer-1099" daemon [_thread_in_native, id=7732, stack(0x00007f88bf376000,0x00007f88bf477000)]
  0x00007f88f8141000 JavaThread "JADE Timer dispatcher" [_thread_blocked, id=7731, stack(0x00007f88bf477000,0x00007f88bf578000)]
  0x00007f88f80ae800 JavaThread "Service Thread" daemon [_thread_blocked, id=7726, stack(0x00007f88e4d0a000,0x00007f88e4e0b000)]
  0x00007f88f80ac000 JavaThread "C2 CompilerThread1" daemon [_thread_blocked, id=7725, stack(0x00007f88e4e0b000,0x00007f88e4f0c000)]
  0x00007f88f80a9800 JavaThread "C2 CompilerThread0" daemon [_thread_blocked, id=7724, stack(0x00007f88e4f0c000,0x00007f88e500d000)]
  0x00007f88f80a7000 JavaThread "Signal Dispatcher" daemon [_thread_blocked, id=7723, stack(0x00007f88e500d000,0x00007f88e510e000)]
  0x00007f88f807c000 JavaThread "Finalizer" daemon [_thread_blocked, id=7722, stack(0x00007f88e57f2000,0x00007f88e58f3000)]
  0x00007f88f807a000 JavaThread "Reference Handler" daemon [_thread_blocked, id=7721, stack(0x00007f88e58f3000,0x00007f88e59f4000)]

Other Threads:
=>0x00007f88f8076000 VMThread [stack: 0x00007f88e59f4000,0x00007f88e5af5000] [id=7720]
  0x00007f88f80b9800 WatcherThread [stack: 0x00007f88e4c09000,0x00007f88e4d0a000] [id=7727]

VM state:at safepoint (normal execution)

VM Mutex/Monitor currently owned by a thread:  ([mutex/lock_event])
[0x00007f88f8006a80] Threads_lock - owner thread: 0x00007f88f8076000
[0x00007f88f8006f80] Heap_lock - owner thread: 0x00007f88f80f8800

Heap
 PSYoungGen      total 137216K, used 32K [0x00000000f2200000, 0x00000000fab00000, 0x0000000100000000)
  eden space 134656K, 0% used [0x00000000f2200000,0x00000000f2200000,0x00000000fa580000)
  from space 2560K, 1% used [0x00000000fa580000,0x00000000fa588000,0x00000000fa800000)
  to   space 2048K, 0% used [0x00000000fa800000,0x00000000fa800000,0x00000000faa00000)
 ParOldGen       total 19456K, used 5116K [0x00000000d6600000, 0x00000000d7900000, 0x00000000f2200000)
  object space 19456K, 26% used [0x00000000d6600000,0x00000000d6aff270,0x00000000d7900000)
 PSPermGen       total 21504K, used 19803K [0x00000000cc000000, 0x00000000cd500000, 0x00000000d6600000)
  object space 21504K, 92% used [0x00000000cc000000,0x00000000cd356d38,0x00000000cd500000)

Card table byte_map: [0x00007f88f4e5f000,0x00007f88f5000000] byte_map_base: 0x00007f88f47ff000

Polling page: 0x00007f88ff509000

Code Cache  [0x00007f88f5000000, 0x00007f88f5270000, 0x00007f88f8000000)
 total_blobs=638 nmethods=197 adapters=394 free_code_cache=48215Kb largest_free_block=49321088

Compilation events (10 events):
Event: 10,294 Thread 0x00007f88f80ac000 nmethod 215 0x00007f88f50a50d0 code [0x00007f88f50a5220, 0x00007f88f50a5338]
Event: 10,294 Thread 0x00007f88f80ac000  216             jade.lang.acl.MessageTemplate$Literal::<init> (16 bytes)
Event: 10,294 Thread 0x00007f88f80ac000 nmethod 216 0x00007f88f50efb50 code [0x00007f88f50efc80, 0x00007f88f50efcd8]
Event: 10,294 Thread 0x00007f88f80ac000  217             DisSolver.AgentABT$1::action (82 bytes)
Event: 10,301 Thread 0x00007f88f80ac000 nmethod 217 0x00007f88f507e1d0 code [0x00007f88f507e360, 0x00007f88f507e5d8]
Event: 10,301 Thread 0x00007f88f80ac000  218             jade.core.Agent$AssociationTB::getPeer (23 bytes)
Event: 10,306 Thread 0x00007f88f80ac000 nmethod 218 0x00007f88f5087290 code [0x00007f88f50873e0, 0x00007f88f50874c8]
Event: 10,306 Thread 0x00007f88f80ac000  219             jade.core.Agent::removeTimer (22 bytes)
Event: 10,310 Thread 0x00007f88f80ac000 nmethod 219 0x00007f88f50a4c10 code [0x00007f88f50a4d80, 0x00007f88f50a4e88]
Event: 10,338 Thread 0x00007f88f80a9800 nmethod 213 0x00007f88f50f1290 code [0x00007f88f50f14c0, 0x00007f88f50f21d0]

GC Heap History (10 events):
Event: 9,093 GC heap after
Heap after GC invocations=10 (full 0):
 PSYoungGen      total 54272K, used 1024K [0x00000000f2200000, 0x00000000f5980000, 0x0000000100000000)
  eden space 52736K, 0% used [0x00000000f2200000,0x00000000f2200000,0x00000000f5580000)
  from space 1536K, 66% used [0x00000000f5800000,0x00000000f5900000,0x00000000f5980000)
  to   space 2048K, 0% used [0x00000000f5580000,0x00000000f5580000,0x00000000f5780000)
 ParOldGen       total 19456K, used 3137K [0x00000000d6600000, 0x00000000d7900000, 0x00000000f2200000)
  object space 19456K, 16% used [0x00000000d6600000,0x00000000d69106f0,0x00000000d7900000)
 PSPermGen       total 21504K, used 15732K [0x00000000cc000000, 0x00000000cd500000, 0x00000000d6600000)
  object space 21504K, 73% used [0x00000000cc000000,0x00000000ccf5d180,0x00000000cd500000)
}
Event: 9,467 GC heap before
{Heap before GC invocations=11 (full 0):
 PSYoungGen      total 54272K, used 53760K [0x00000000f2200000, 0x00000000f5980000, 0x0000000100000000)
  eden space 52736K, 100% used [0x00000000f2200000,0x00000000f5580000,0x00000000f5580000)
  from space 1536K, 66% used [0x00000000f5800000,0x00000000f5900000,0x00000000f5980000)
  to   space 2048K, 0% used [0x00000000f5580000,0x00000000f5580000,0x00000000f5780000)
 ParOldGen       total 19456K, used 3137K [0x00000000d6600000, 0x00000000d7900000, 0x00000000f2200000)
  object space 19456K, 16% used [0x00000000d6600000,0x00000000d69106f0,0x00000000d7900000)
 PSPermGen       total 21504K, used 17566K [0x00000000cc000000, 0x00000000cd500000, 0x00000000d6600000)
  object space 21504K, 81% used [0x00000000cc000000,0x00000000cd127ba0,0x00000000cd500000)
Event: 9,471 GC heap after
Heap after GC invocations=11 (full 0):
 PSYoungGen      total 54784K, used 1020K [0x00000000f2200000, 0x00000000f7880000, 0x0000000100000000)
  eden space 52736K, 0% used [0x00000000f2200000,0x00000000f2200000,0x00000000f5580000)
  from space 2048K, 49% used [0x00000000f5580000,0x00000000f567f180,0x00000000f5780000)
  to   space 2048K, 0% used [0x00000000f7680000,0x00000000f7680000,0x00000000f7880000)
 ParOldGen       total 19456K, used 3815K [0x00000000d6600000, 0x00000000d7900000, 0x00000000f2200000)
  object space 19456K, 19% used [0x00000000d6600000,0x00000000d69b9c40,0x00000000d7900000)
 PSPermGen       total 21504K, used 17566K [0x00000000cc000000, 0x00000000cd500000, 0x00000000d6600000)
  object space 21504K, 81% used [0x00000000cc000000,0x00000000cd127ba0,0x00000000cd500000)
}
Event: 9,984 GC heap before
{Heap before GC invocations=12 (full 0):
 PSYoungGen      total 54784K, used 53756K [0x00000000f2200000, 0x00000000f7880000, 0x0000000100000000)
  eden space 52736K, 100% used [0x00000000f2200000,0x00000000f5580000,0x00000000f5580000)
  from space 2048K, 49% used [0x00000000f5580000,0x00000000f567f180,0x00000000f5780000)
  to   space 2048K, 0% used [0x00000000f7680000,0x00000000f7680000,0x00000000f7880000)
 ParOldGen       total 19456K, used 3815K [0x00000000d6600000, 0x00000000d7900000, 0x00000000f2200000)
  object space 19456K, 19% used [0x00000000d6600000,0x00000000d69b9c40,0x00000000d7900000)
 PSPermGen       total 21504K, used 19198K [0x00000000cc000000, 0x00000000cd500000, 0x00000000d6600000)
  object space 21504K, 89% used [0x00000000cc000000,0x00000000cd2bfbd0,0x00000000cd500000)
Event: 9,988 GC heap after
Heap after GC invocations=12 (full 0):
 PSYoungGen      total 86528K, used 1248K [0x00000000f2200000, 0x00000000f7880000, 0x0000000100000000)
  eden space 84480K, 0% used [0x00000000f2200000,0x00000000f2200000,0x00000000f7480000)
  from space 2048K, 60% used [0x00000000f7680000,0x00000000f77b8118,0x00000000f7880000)
  to   space 2048K, 0% used [0x00000000f7480000,0x00000000f7480000,0x00000000f7680000)
 ParOldGen       total 19456K, used 4289K [0x00000000d6600000, 0x00000000d7900000, 0x00000000f2200000)
  object space 19456K, 22% used [0x00000000d6600000,0x00000000d6a30680,0x00000000d7900000)
 PSPermGen       total 21504K, used 19198K [0x00000000cc000000, 0x00000000cd500000, 0x00000000d6600000)
  object space 21504K, 89% used [0x00000000cc000000,0x00000000cd2bfbd0,0x00000000cd500000)
}
Event: 10,511 GC heap before
{Heap before GC invocations=13 (full 0):
 PSYoungGen      total 86528K, used 85728K [0x00000000f2200000, 0x00000000f7880000, 0x0000000100000000)
  eden space 84480K, 100% used [0x00000000f2200000,0x00000000f7480000,0x00000000f7480000)
  from space 2048K, 60% used [0x00000000f7680000,0x00000000f77b8118,0x00000000f7880000)
  to   space 2048K, 0% used [0x00000000f7480000,0x00000000f7480000,0x00000000f7680000)
 ParOldGen       total 19456K, used 4289K [0x00000000d6600000, 0x00000000d7900000, 0x00000000f2200000)
  object space 19456K, 22% used [0x00000000d6600000,0x00000000d6a30680,0x00000000d7900000)
 PSPermGen       total 21504K, used 19803K [0x00000000cc000000, 0x00000000cd500000, 0x00000000d6600000)
  object space 21504K, 92% used [0x00000000cc000000,0x00000000cd356d38,0x00000000cd500000)
Event: 10,514 GC heap after
Heap after GC invocations=13 (full 0):
 PSYoungGen      total 86528K, used 128K [0x00000000f2200000, 0x00000000faa00000, 0x0000000100000000)
  eden space 84480K, 0% used [0x00000000f2200000,0x00000000f2200000,0x00000000f7480000)
  from space 2048K, 6% used [0x00000000f7480000,0x00000000f74a0000,0x00000000f7680000)
  to   space 2048K, 0% used [0x00000000fa800000,0x00000000fa800000,0x00000000faa00000)
 ParOldGen       total 19456K, used 5036K [0x00000000d6600000, 0x00000000d7900000, 0x00000000f2200000)
  object space 19456K, 25% used [0x00000000d6600000,0x00000000d6aeb270,0x00000000d7900000)
 PSPermGen       total 21504K, used 19803K [0x00000000cc000000, 0x00000000cd500000, 0x00000000d6600000)
  object space 21504K, 92% used [0x00000000cc000000,0x00000000cd356d38,0x00000000cd500000)
}
Event: 10,774 GC heap before
{Heap before GC invocations=14 (full 0):
 PSYoungGen      total 86528K, used 84608K [0x00000000f2200000, 0x00000000faa00000, 0x0000000100000000)
  eden space 84480K, 100% used [0x00000000f2200000,0x00000000f7480000,0x00000000f7480000)
  from space 2048K, 6% used [0x00000000f7480000,0x00000000f74a0000,0x00000000f7680000)
  to   space 2048K, 0% used [0x00000000fa800000,0x00000000fa800000,0x00000000faa00000)
 ParOldGen       total 19456K, used 5036K [0x00000000d6600000, 0x00000000d7900000, 0x00000000f2200000)
  object space 19456K, 25% used [0x00000000d6600000,0x00000000d6aeb270,0x00000000d7900000)
 PSPermGen       total 21504K, used 19803K [0x00000000cc000000, 0x00000000cd500000, 0x00000000d6600000)
  object space 21504K, 92% used [0x00000000cc000000,0x00000000cd356d38,0x00000000cd500000)
Event: 10,775 GC heap after
Heap after GC invocations=14 (full 0):
 PSYoungGen      total 136704K, used 64K [0x00000000f2200000, 0x00000000fab00000, 0x0000000100000000)
  eden space 134656K, 0% used [0x00000000f2200000,0x00000000f2200000,0x00000000fa580000)
  from space 2048K, 3% used [0x00000000fa800000,0x00000000fa810000,0x00000000faa00000)
  to   space 2560K, 0% used [0x00000000fa580000,0x00000000fa580000,0x00000000fa800000)
 ParOldGen       total 19456K, used 5116K [0x00000000d6600000, 0x00000000d7900000, 0x00000000f2200000)
  object space 19456K, 26% used [0x00000000d6600000,0x00000000d6aff270,0x00000000d7900000)
 PSPermGen       total 21504K, used 19803K [0x00000000cc000000, 0x00000000cd500000, 0x00000000d6600000)
  object space 21504K, 92% used [0x00000000cc000000,0x00000000cd356d38,0x00000000cd500000)
}
Event: 11,224 GC heap before
{Heap before GC invocations=15 (full 0):
 PSYoungGen      total 136704K, used 134720K [0x00000000f2200000, 0x00000000fab00000, 0x0000000100000000)
  eden space 134656K, 100% used [0x00000000f2200000,0x00000000fa580000,0x00000000fa580000)
  from space 2048K, 3% used [0x00000000fa800000,0x00000000fa810000,0x00000000faa00000)
  to   space 2560K, 0% used [0x00000000fa580000,0x00000000fa580000,0x00000000fa800000)
 ParOldGen       total 19456K, used 5116K [0x00000000d6600000, 0x00000000d7900000, 0x00000000f2200000)
  object space 19456K, 26% used [0x00000000d6600000,0x00000000d6aff270,0x00000000d7900000)
 PSPermGen       total 21504K, used 19803K [0x00000000cc000000, 0x00000000cd500000, 0x00000000d6600000)
  object space 21504K, 92% used [0x00000000cc000000,0x00000000cd356d38,0x00000000cd500000)

Deoptimization events (10 events):
Event: 9,137 Thread 0x00007f88f80f8800 Uncommon trap: reason=class_check action=maybe_recompile pc=0x00007f88f50870a8 method=java.util.AbstractList.listIterator()Ljava/util/ListIterator; @ 2
Event: 9,137 Thread 0x00007f88f80f7000 Uncommon trap: reason=class_check action=maybe_recompile pc=0x00007f88f50870a8 method=java.util.AbstractList.listIterator()Ljava/util/ListIterator; @ 2
Event: 9,137 Thread 0x00007f88f80f8800 Uncommon trap: reason=class_check action=maybe_recompile pc=0x00007f88f50870a8 method=java.util.AbstractList.listIterator()Ljava/util/ListIterator; @ 2
Event: 9,138 Thread 0x00007f88f80f4800 Uncommon trap: reason=class_check action=maybe_recompile pc=0x00007f88f50870a8 method=java.util.AbstractList.listIterator()Ljava/util/ListIterator; @ 2
Event: 10,276 Thread 0x00007f88f80f7000 Uncommon trap: reason=bimorphic action=maybe_recompile pc=0x00007f88f50b60bc method=jade.core.behaviours.Behaviour.actionWrapper()V @ 8
Event: 10,276 Thread 0x00007f88f80fa000 Uncommon trap: reason=bimorphic action=maybe_recompile pc=0x00007f88f50b60bc method=jade.core.behaviours.Behaviour.actionWrapper()V @ 8
Event: 10,276 Thread 0x00007f88f80f4800 Uncommon trap: reason=bimorphic action=maybe_recompile pc=0x00007f88f50b60bc method=jade.core.behaviours.Behaviour.actionWrapper()V @ 8
Event: 10,283 Thread 0x00007f88f80f8800 Uncommon trap: reason=bimorphic action=maybe_recompile pc=0x00007f88f50b60bc method=jade.core.behaviours.Behaviour.actionWrapper()V @ 8
Event: 10,292 Thread 0x00007f88f8352000 Uncommon trap: reason=class_check action=maybe_recompile pc=0x00007f88f50f07fc method=java.util.Properties$LineReader.readLine()I @ 402
Event: 10,294 Thread 0x00007f88f8352000 Uncommon trap: reason=class_check action=maybe_recompile pc=0x00007f88f50f07fc method=java.util.Properties$LineReader.readLine()I @ 402

Internal exceptions (10 events):
Event: 10,260 Thread 0x00007f88f8359800 Threw 0x00000000f3ae7c30 at /build/openjdk-7-65SuYz/openjdk-7-7u85-2.6.1/build/openjdk/hotspot/src/share/vm/interpreter/interpreterRuntime.cpp:376
Event: 10,261 Thread 0x00007f88f8359800 Threw 0x00000000f3af00f0 at /build/openjdk-7-65SuYz/openjdk-7-7u85-2.6.1/build/openjdk/hotspot/src/share/vm/interpreter/linkResolver.cpp:981
Event: 10,265 Thread 0x00007f88f8359800 Threw 0x00000000f3b054c8 at /build/openjdk-7-65SuYz/openjdk-7-7u85-2.6.1/build/openjdk/hotspot/src/share/vm/interpreter/interpreterRuntime.cpp:376
Event: 10,265 Thread 0x00007f88f8359800 Threw 0x00000000f3b06268 at /build/openjdk-7-65SuYz/openjdk-7-7u85-2.6.1/build/openjdk/hotspot/src/share/vm/interpreter/interpreterRuntime.cpp:376
Event: 10,266 Thread 0x00007f88f8359800 Threw 0x00000000f3b06d60 at /build/openjdk-7-65SuYz/openjdk-7-7u85-2.6.1/build/openjdk/hotspot/src/share/vm/interpreter/interpreterRuntime.cpp:376
Event: 10,271 Thread 0x00007f88f8359800 Threw 0x00000000f3b0f220 at /build/openjdk-7-65SuYz/openjdk-7-7u85-2.6.1/build/openjdk/hotspot/src/share/vm/interpreter/linkResolver.cpp:981
Event: 10,274 Thread 0x00007f88f8359800 Threw 0x00000000f3b245f8 at /build/openjdk-7-65SuYz/openjdk-7-7u85-2.6.1/build/openjdk/hotspot/src/share/vm/interpreter/interpreterRuntime.cpp:376
Event: 10,274 Thread 0x00007f88f8359800 Threw 0x00000000f3b25398 at /build/openjdk-7-65SuYz/openjdk-7-7u85-2.6.1/build/openjdk/hotspot/src/share/vm/interpreter/interpreterRuntime.cpp:376
Event: 10,274 Thread 0x00007f88f8359800 Threw 0x00000000f3b25e90 at /build/openjdk-7-65SuYz/openjdk-7-7u85-2.6.1/build/openjdk/hotspot/src/share/vm/interpreter/interpreterRuntime.cpp:376
Event: 10,275 Thread 0x00007f88f8359800 Threw 0x00000000f3b2e350 at /build/openjdk-7-65SuYz/openjdk-7-7u85-2.6.1/build/openjdk/hotspot/src/share/vm/interpreter/linkResolver.cpp:981

Events (10 events):
Event: 10,301 Thread 0x00007f88f80ac000 flushing nmethod 0x00007f88f508dcd0
Event: 10,301 Thread 0x00007f88f80ac000 flushing nmethod 0x00007f88f508ec90
Event: 10,306 Thread 0x00007f88f80ac000 flushing nmethod 0x00007f88f5092310
Event: 10,306 Thread 0x00007f88f80ac000 flushing nmethod 0x00007f88f5093110
Event: 10,310 Thread 0x00007f88f80ac000 flushing nmethod 0x00007f88f5099890
Event: 10,506 Executing VM operation: ParallelGCFailedAllocation
Event: 10,514 Executing VM operation: ParallelGCFailedAllocation done
Event: 10,774 Executing VM operation: ParallelGCFailedAllocation
Event: 10,775 Executing VM operation: ParallelGCFailedAllocation done
Event: 11,224 Executing VM operation: ParallelGCFailedAllocation


Dynamic libraries:
00400000-00401000 r-xp 00000000 08:04 1842859                            /usr/lib/jvm/java-7-openjdk-amd64/jre/bin/java
00600000-00601000 r--p 00000000 08:04 1842859                            /usr/lib/jvm/java-7-openjdk-amd64/jre/bin/java
00601000-00602000 rw-p 00001000 08:04 1842859                            /usr/lib/jvm/java-7-openjdk-amd64/jre/bin/java
0097c000-00a41000 rw-p 00000000 00:00 0                                  [heap]
cc000000-cd500000 rw-p 00000000 00:00 0 
cd500000-d6600000 rw-p 00000000 00:00 0 
d6600000-d7900000 rw-p 00000000 00:00 0 
d7900000-f2200000 rw-p 00000000 00:00 0 
f2200000-fab00000 rw-p 00000000 00:00 0 
ff980000-100000000 rw-p 00000000 00:00 0 
7f886c000000-7f886c07f000 rw-p 00000000 00:00 0 
7f886c07f000-7f8870000000 ---p 00000000 00:00 0 
7f8874000000-7f88740d8000 rw-p 00000000 00:00 0 
7f88740d8000-7f8878000000 ---p 00000000 00:00 0 
7f8878000000-7f88780f3000 rw-p 00000000 00:00 0 
7f88780f3000-7f887c000000 ---p 00000000 00:00 0 
7f887c000000-7f887c275000 rw-p 00000000 00:00 0 
7f887c275000-7f8880000000 ---p 00000000 00:00 0 
7f8880000000-7f8880021000 rw-p 00000000 00:00 0 
7f8880021000-7f8884000000 ---p 00000000 00:00 0 
7f8884000000-7f8884021000 rw-p 00000000 00:00 0 
7f8884021000-7f8888000000 ---p 00000000 00:00 0 
7f8888000000-7f888802e000 rw-p 00000000 00:00 0 
7f888802e000-7f888c000000 ---p 00000000 00:00 0 
7f888c000000-7f888c021000 rw-p 00000000 00:00 0 
7f888c021000-7f8890000000 ---p 00000000 00:00 0 
7f8890000000-7f8890021000 rw-p 00000000 00:00 0 
7f8890021000-7f8894000000 ---p 00000000 00:00 0 
7f8894000000-7f8894021000 rw-p 00000000 00:00 0 
7f8894021000-7f8898000000 ---p 00000000 00:00 0 
7f8898000000-7f8898021000 rw-p 00000000 00:00 0 
7f8898021000-7f889c000000 ---p 00000000 00:00 0 
7f889c000000-7f889c021000 rw-p 00000000 00:00 0 
7f889c021000-7f88a0000000 ---p 00000000 00:00 0 
7f88a0000000-7f88a0021000 rw-p 00000000 00:00 0 
7f88a0021000-7f88a4000000 ---p 00000000 00:00 0 
7f88a4000000-7f88a4021000 rw-p 00000000 00:00 0 
7f88a4021000-7f88a8000000 ---p 00000000 00:00 0 
7f88a8000000-7f88a8021000 rw-p 00000000 00:00 0 
7f88a8021000-7f88ac000000 ---p 00000000 00:00 0 
7f88acf1d000-7f88acf20000 ---p 00000000 00:00 0 
7f88acf20000-7f88ad01e000 rw-p 00000000 00:00 0                          [stack:7758]
7f88ad01e000-7f88ad021000 ---p 00000000 00:00 0 
7f88ad021000-7f88ad11f000 rw-p 00000000 00:00 0                          [stack:7757]
7f88ad11f000-7f88ad122000 ---p 00000000 00:00 0 
7f88ad122000-7f88ad220000 rw-p 00000000 00:00 0                          [stack:7756]
7f88ad220000-7f88ad223000 ---p 00000000 00:00 0 
7f88ad223000-7f88ad321000 rw-p 00000000 00:00 0                          [stack:7755]
7f88ad321000-7f88ad373000 r-xp 00000000 08:04 1842903                    /usr/lib/jvm/java-7-openjdk-amd64/jre/lib/amd64/libfontmanager.so
7f88ad373000-7f88ad572000 ---p 00052000 08:04 1842903                    /usr/lib/jvm/java-7-openjdk-amd64/jre/lib/amd64/libfontmanager.so
7f88ad572000-7f88ad575000 r--p 00051000 08:04 1842903                    /usr/lib/jvm/java-7-openjdk-amd64/jre/lib/amd64/libfontmanager.so
7f88ad575000-7f88ad576000 rw-p 00054000 08:04 1842903                    /usr/lib/jvm/java-7-openjdk-amd64/jre/lib/amd64/libfontmanager.so
7f88ad576000-7f88ad579000 ---p 00000000 00:00 0 
7f88ad579000-7f88ad677000 rw-p 00000000 00:00 0                          [stack:7754]
7f88ad677000-7f88ad67a000 ---p 00000000 00:00 0 
7f88ad67a000-7f88ad778000 rw-p 00000000 00:00 0                          [stack:7753]
7f88ad778000-7f88ad77b000 ---p 00000000 00:00 0 
7f88ad77b000-7f88ad879000 rw-p 00000000 00:00 0                          [stack:7752]
7f88ad879000-7f88ad889000 r-xp 00000000 08:04 1842894                    /usr/lib/jvm/java-7-openjdk-amd64/jre/lib/amd64/libnio.so
7f88ad889000-7f88ada89000 ---p 00010000 08:04 1842894                    /usr/lib/jvm/java-7-openjdk-amd64/jre/lib/amd64/libnio.so
7f88ada89000-7f88ada8a000 r--p 00010000 08:04 1842894                    /usr/lib/jvm/java-7-openjdk-amd64/jre/lib/amd64/libnio.so
7f88ada8a000-7f88ada8b000 rw-p 00011000 08:04 1842894                    /usr/lib/jvm/java-7-openjdk-amd64/jre/lib/amd64/libnio.so
7f88ada8b000-7f88ada8e000 ---p 00000000 00:00 0 
7f88ada8e000-7f88adb8c000 rw-p 00000000 00:00 0                          [stack:7751]
7f88adb8c000-7f88adb8f000 ---p 00000000 00:00 0 
7f88adb8f000-7f88adc8d000 rw-p 00000000 00:00 0                          [stack:7750]
7f88adc8d000-7f88adc90000 ---p 00000000 00:00 0 
7f88adc90000-7f88add8e000 rw-p 00000000 00:00 0                          [stack:7749]
7f88add8e000-7f88add91000 ---p 00000000 00:00 0 
7f88add91000-7f88ade8f000 rw-p 00000000 00:00 0                          [stack:7748]
7f88ade8f000-7f88ade92000 ---p 00000000 00:00 0 
7f88ade92000-7f88adf90000 rw-p 00000000 00:00 0                          [stack:7747]
7f88adf90000-7f88adf93000 ---p 00000000 00:00 0 
7f88adf93000-7f88ae091000 rw-p 00000000 00:00 0                          [stack:7746]
7f88ae091000-7f88ae094000 ---p 00000000 00:00 0 
7f88ae094000-7f88ae192000 rw-p 00000000 00:00 0                          [stack:7745]
7f88ae192000-7f88ae195000 ---p 00000000 00:00 0 
7f88ae195000-7f88ae293000 rw-p 00000000 00:00 0                          [stack:7744]
7f88ae293000-7f88ae296000 ---p 00000000 00:00 0 
7f88ae296000-7f88ae394000 rw-p 00000000 00:00 0                          [stack:7743]
7f88ae394000-7f88ae397000 ---p 00000000 00:00 0 
7f88ae397000-7f88ae495000 rw-p 00000000 00:00 0                          [stack:7742]
7f88ae495000-7f88ae498000 ---p 00000000 00:00 0 
7f88ae498000-7f88ae596000 rw-p 00000000 00:00 0                          [stack:7741]
7f88ae596000-7f88ae599000 ---p 00000000 00:00 0 
7f88ae599000-7f88ae697000 rw-p 00000000 00:00 0                          [stack:7740]
7f88ae697000-7f88ae69a000 ---p 00000000 00:00 0 
7f88ae69a000-7f88ae798000 rw-p 00000000 00:00 0                          [stack:7739]
7f88ae798000-7f88ae79b000 ---p 00000000 00:00 0 
7f88ae79b000-7f88ae899000 rw-p 00000000 00:00 0                          [stack:7738]
7f88ae899000-7f88ae89c000 ---p 00000000 00:00 0 
7f88ae89c000-7f88ae99a000 rw-p 00000000 00:00 0                          [stack:7737]
7f88ae99a000-7f88ae99d000 ---p 00000000 00:00 0 
7f88ae99d000-7f88aea9b000 rw-p 00000000 00:00 0                          [stack:7736]
7f88aea9b000-7f88aeaa0000 r-xp 00000000 08:04 1060152                    /usr/lib/x86_64-linux-gnu/libXfixes.so.3.1.0
7f88aeaa0000-7f88aec9f000 ---p 00005000 08:04 1060152                    /usr/lib/x86_64-linux-gnu/libXfixes.so.3.1.0
7f88aec9f000-7f88aeca0000 r--p 00004000 08:04 1060152                    /usr/lib/x86_64-linux-gnu/libXfixes.so.3.1.0
7f88aeca0000-7f88aeca1000 rw-p 00005000 08:04 1060152                    /usr/lib/x86_64-linux-gnu/libXfixes.so.3.1.0
7f88aeca1000-7f88aecaa000 r-xp 00000000 08:04 1056846                    /usr/lib/x86_64-linux-gnu/libXcursor.so.1.0.2
7f88aecaa000-7f88aeea9000 ---p 00009000 08:04 1056846                    /usr/lib/x86_64-linux-gnu/libXcursor.so.1.0.2
7f88aeea9000-7f88aeeaa000 r--p 00008000 08:04 1056846                    /usr/lib/x86_64-linux-gnu/libXcursor.so.1.0.2
7f88aeeaa000-7f88aeeab000 rw-p 00009000 08:04 1056846                    /usr/lib/x86_64-linux-gnu/libXcursor.so.1.0.2
7f88aeeab000-7f88aeeaf000 r-xp 00000000 08:04 3018726                    /lib/x86_64-linux-gnu/libgpg-error.so.0.10.0
7f88aeeaf000-7f88af0ae000 ---p 00004000 08:04 3018726                    /lib/x86_64-linux-gnu/libgpg-error.so.0.10.0
7f88af0ae000-7f88af0af000 r--p 00003000 08:04 3018726                    /lib/x86_64-linux-gnu/libgpg-error.so.0.10.0
7f88af0af000-7f88af0b0000 rw-p 00004000 08:04 3018726                    /lib/x86_64-linux-gnu/libgpg-error.so.0.10.0
7f88af0b0000-7f88af0b2000 r-xp 00000000 08:04 3018736                    /lib/x86_64-linux-gnu/libkeyutils.so.1.4
7f88af0b2000-7f88af2b2000 ---p 00002000 08:04 3018736                    /lib/x86_64-linux-gnu/libkeyutils.so.1.4
7f88af2b2000-7f88af2b3000 r--p 00002000 08:04 3018736                    /lib/x86_64-linux-gnu/libkeyutils.so.1.4
7f88af2b3000-7f88af2b4000 rw-p 00003000 08:04 3018736                    /lib/x86_64-linux-gnu/libkeyutils.so.1.4
7f88af2b4000-7f88af2d9000 r-xp 00000000 08:04 3018808                    /lib/x86_64-linux-gnu/libpng12.so.0.50.0
7f88af2d9000-7f88af4d8000 ---p 00025000 08:04 3018808                    /lib/x86_64-linux-gnu/libpng12.so.0.50.0
7f88af4d8000-7f88af4d9000 r--p 00024000 08:04 3018808                    /lib/x86_64-linux-gnu/libpng12.so.0.50.0
7f88af4d9000-7f88af4da000 rw-p 00025000 08:04 3018808                    /lib/x86_64-linux-gnu/libpng12.so.0.50.0
7f88af4da000-7f88af51e000 r-xp 00000000 08:04 3018684                    /lib/x86_64-linux-gnu/libdbus-1.so.3.7.6
7f88af51e000-7f88af71d000 ---p 00044000 08:04 3018684                    /lib/x86_64-linux-gnu/libdbus-1.so.3.7.6
7f88af71d000-7f88af71e000 r--p 00043000 08:04 3018684                    /lib/x86_64-linux-gnu/libdbus-1.so.3.7.6
7f88af71e000-7f88af71f000 rw-p 00044000 08:04 3018684                    /lib/x86_64-linux-gnu/libdbus-1.so.3.7.6
7f88af71f000-7f88af75a000 r-xp 00000000 08:04 1057566                    /usr/lib/x86_64-linux-gnu/libp11-kit.so.0.0.0
7f88af75a000-7f88af959000 ---p 0003b000 08:04 1057566                    /usr/lib/x86_64-linux-gnu/libp11-kit.so.0.0.0
7f88af959000-7f88af95f000 r--p 0003a000 08:04 1057566                    /usr/lib/x86_64-linux-gnu/libp11-kit.so.0.0.0
7f88af95f000-7f88af961000 rw-p 00040000 08:04 1057566                    /usr/lib/x86_64-linux-gnu/libp11-kit.so.0.0.0
7f88af961000-7f88af973000 r-xp 00000000 08:04 1052910                    /usr/lib/x86_64-linux-gnu/libtasn1.so.6.2.0
7f88af973000-7f88afb73000 ---p 00012000 08:04 1052910                    /usr/lib/x86_64-linux-gnu/libtasn1.so.6.2.0
7f88afb73000-7f88afb74000 r--p 00012000 08:04 1052910                    /usr/lib/x86_64-linux-gnu/libtasn1.so.6.2.0
7f88afb74000-7f88afb75000 rw-p 00013000 08:04 1052910                    /usr/lib/x86_64-linux-gnu/libtasn1.so.6.2.0
7f88afb75000-7f88afbf1000 r-xp 00000000 08:04 3023628                    /lib/x86_64-linux-gnu/libgcrypt.so.11.8.2
7f88afbf1000-7f88afdf1000 ---p 0007c000 08:04 3023628                    /lib/x86_64-linux-gnu/libgcrypt.so.11.8.2
7f88afdf1000-7f88afdf2000 r--p 0007c000 08:04 3023628                    /lib/x86_64-linux-gnu/libgcrypt.so.11.8.2
7f88afdf2000-7f88afdf5000 rw-p 0007d000 08:04 3023628                    /lib/x86_64-linux-gnu/libgcrypt.so.11.8.2
7f88afdf5000-7f88afdff000 r-xp 00000000 08:04 1057356                    /usr/lib/x86_64-linux-gnu/libkrb5support.so.0.1
7f88afdff000-7f88afffe000 ---p 0000a000 08:04 1057356                    /usr/lib/x86_64-linux-gnu/libkrb5support.so.0.1
7f88afffe000-7f88affff000 r--p 00009000 08:04 1057356                    /usr/lib/x86_64-linux-gnu/libkrb5support.so.0.1
7f88affff000-7f88b0000000 rw-p 0000a000 08:04 1057356                    /usr/lib/x86_64-linux-gnu/libkrb5support.so.0.1
7f88b0000000-7f88b0021000 rw-p 00000000 00:00 0 
7f88b0021000-7f88b4000000 ---p 00000000 00:00 0 
7f88b4000000-7f88b4021000 rw-p 00000000 00:00 0 
7f88b4021000-7f88b8000000 ---p 00000000 00:00 0 
7f88b8000000-7f88b8021000 rw-p 00000000 00:00 0 
7f88b8021000-7f88bc000000 ---p 00000000 00:00 0 
7f88bc005000-7f88bc006000 r--s 00000000 08:04 4084983                    /var/cache/fontconfig/e7de81b01590fb7e12b38e274e17d0db-le64.cache-4
7f88bc006000-7f88bc007000 r--s 00000000 08:04 4084982                    /var/cache/fontconfig/406a1d2d2bf3ed7664fbadefac0b2f66-le64.cache-4
7f88bc007000-7f88bc009000 r--s 00000000 08:04 4084981                    /var/cache/fontconfig/67709b7835c0f764c1135060c9575660-le64.cache-4
7f88bc009000-7f88bc013000 r--s 00000000 08:04 4084980                    /var/cache/fontconfig/198d8fcf01c96d0cf813f74fd759bdb7-le64.cache-4
7f88bc013000-7f88bc014000 r--s 00000000 08:04 4063303                    /var/cache/fontconfig/0c9eb80ebd1c36541ebe2852d3bb0c49-le64.cache-4
7f88bc014000-7f88bc01f000 r--s 00000000 08:04 4084978                    /var/cache/fontconfig/83bf95040141907cd45bb53cf7c1c148-le64.cache-4
7f88bc01f000-7f88bc026000 r--s 00000000 08:04 4084975                    /var/cache/fontconfig/53d14c92082a93e67d5078324eb314ca-le64.cache-4
7f88bc026000-7f88bc02a000 r--s 00000000 08:04 4084974                    /var/cache/fontconfig/6c08beecf0dac481ec92e759e0c2e6d7-le64.cache-4
7f88bc02a000-7f88bc02d000 ---p 00000000 00:00 0 
7f88bc02d000-7f88bc12b000 rw-p 00000000 00:00 0                          [stack:7735]
7f88bc12b000-7f88bc12e000 r-xp 00000000 08:04 3023614                    /lib/x86_64-linux-gnu/libcom_err.so.2.1
7f88bc12e000-7f88bc32d000 ---p 00003000 08:04 3023614                    /lib/x86_64-linux-gnu/libcom_err.so.2.1
7f88bc32d000-7f88bc32e000 r--p 00002000 08:04 3023614                    /lib/x86_64-linux-gnu/libcom_err.so.2.1
7f88bc32e000-7f88bc32f000 rw-p 00003000 08:04 3023614                    /lib/x86_64-linux-gnu/libcom_err.so.2.1
7f88bc32f000-7f88bc35b000 r-xp 00000000 08:04 1059027                    /usr/lib/x86_64-linux-gnu/libk5crypto.so.3.1
7f88bc35b000-7f88bc55a000 ---p 0002c000 08:04 1059027                    /usr/lib/x86_64-linux-gnu/libk5crypto.so.3.1
7f88bc55a000-7f88bc55c000 r--p 0002b000 08:04 1059027                    /usr/lib/x86_64-linux-gnu/libk5crypto.so.3.1
7f88bc55c000-7f88bc55d000 rw-p 0002d000 08:04 1059027                    /usr/lib/x86_64-linux-gnu/libk5crypto.so.3.1
7f88bc55d000-7f88bc55e000 rw-p 00000000 00:00 0 
7f88bc55e000-7f88bc61a000 r-xp 00000000 08:04 1057249                    /usr/lib/x86_64-linux-gnu/libkrb5.so.3.3
7f88bc61a000-7f88bc81a000 ---p 000bc000 08:04 1057249                    /usr/lib/x86_64-linux-gnu/libkrb5.so.3.3
7f88bc81a000-7f88bc827000 r--p 000bc000 08:04 1057249                    /usr/lib/x86_64-linux-gnu/libkrb5.so.3.3
7f88bc827000-7f88bc829000 rw-p 000c9000 08:04 1057249                    /usr/lib/x86_64-linux-gnu/libkrb5.so.3.3
7f88bc829000-7f88bc82e000 r-xp 00000000 08:04 1056850                    /usr/lib/x86_64-linux-gnu/libXdmcp.so.6.0.0
7f88bc82e000-7f88bca2d000 ---p 00005000 08:04 1056850                    /usr/lib/x86_64-linux-gnu/libXdmcp.so.6.0.0
7f88bca2d000-7f88bca2e000 r--p 00004000 08:04 1056850                    /usr/lib/x86_64-linux-gnu/libXdmcp.so.6.0.0
7f88bca2e000-7f88bca2f000 rw-p 00005000 08:04 1056850                    /usr/lib/x86_64-linux-gnu/libXdmcp.so.6.0.0
7f88bca2f000-7f88bca31000 r-xp 00000000 08:04 1056839                    /usr/lib/x86_64-linux-gnu/libXau.so.6.0.0
7f88bca31000-7f88bcc31000 ---p 00002000 08:04 1056839                    /usr/lib/x86_64-linux-gnu/libXau.so.6.0.0
7f88bcc31000-7f88bcc32000 r--p 00002000 08:04 1056839                    /usr/lib/x86_64-linux-gnu/libXau.so.6.0.0
7f88bcc32000-7f88bcc33000 rw-p 00003000 08:04 1056839                    /usr/lib/x86_64-linux-gnu/libXau.so.6.0.0
7f88bcc33000-7f88bcc5a000 r-xp 00000000 08:04 3023625                    /lib/x86_64-linux-gnu/libexpat.so.1.6.0
7f88bcc5a000-7f88bce5a000 ---p 00027000 08:04 3023625                    /lib/x86_64-linux-gnu/libexpat.so.1.6.0
7f88bce5a000-7f88bce5c000 r--p 00027000 08:04 3023625                    /lib/x86_64-linux-gnu/libexpat.so.1.6.0
7f88bce5c000-7f88bce5d000 rw-p 00029000 08:04 3023625                    /lib/x86_64-linux-gnu/libexpat.so.1.6.0
7f88bce5d000-7f88bcefa000 r-xp 00000000 08:04 1059779                    /usr/lib/x86_64-linux-gnu/libfreetype.so.6.11.1
7f88bcefa000-7f88bd0f9000 ---p 0009d000 08:04 1059779                    /usr/lib/x86_64-linux-gnu/libfreetype.so.6.11.1
7f88bd0f9000-7f88bd0ff000 r--p 0009c000 08:04 1059779                    /usr/lib/x86_64-linux-gnu/libfreetype.so.6.11.1
7f88bd0ff000-7f88bd100000 rw-p 000a2000 08:04 1059779                    /usr/lib/x86_64-linux-gnu/libfreetype.so.6.11.1
7f88bd100000-7f88bd10f000 r-xp 00000000 08:04 1056943                    /usr/lib/x86_64-linux-gnu/libavahi-client.so.3.2.9
7f88bd10f000-7f88bd30f000 ---p 0000f000 08:04 1056943                    /usr/lib/x86_64-linux-gnu/libavahi-client.so.3.2.9
7f88bd30f000-7f88bd310000 r--p 0000f000 08:04 1056943                    /usr/lib/x86_64-linux-gnu/libavahi-client.so.3.2.9
7f88bd310000-7f88bd311000 rw-p 00010000 08:04 1056943                    /usr/lib/x86_64-linux-gnu/libavahi-client.so.3.2.9
7f88bd311000-7f88bd31c000 r-xp 00000000 08:04 1056945                    /usr/lib/x86_64-linux-gnu/libavahi-common.so.3.5.3
7f88bd31c000-7f88bd51b000 ---p 0000b000 08:04 1056945                    /usr/lib/x86_64-linux-gnu/libavahi-common.so.3.5.3
7f88bd51b000-7f88bd51c000 r--p 0000a000 08:04 1056945                    /usr/lib/x86_64-linux-gnu/libavahi-common.so.3.5.3
7f88bd51c000-7f88bd51d000 rw-p 0000b000 08:04 1056945                    /usr/lib/x86_64-linux-gnu/libavahi-common.so.3.5.3
7f88bd51d000-7f88bd5d3000 r-xp 00000000 08:04 1052914                    /usr/lib/x86_64-linux-gnu/libgnutls.so.26.22.6
7f88bd5d3000-7f88bd7d3000 ---p 000b6000 08:04 1052914                    /usr/lib/x86_64-linux-gnu/libgnutls.so.26.22.6
7f88bd7d3000-7f88bd7d9000 r--p 000b6000 08:04 1052914                    /usr/lib/x86_64-linux-gnu/libgnutls.so.26.22.6
7f88bd7d9000-7f88bd7da000 rw-p 000bc000 08:04 1052914                    /usr/lib/x86_64-linux-gnu/libgnutls.so.26.22.6
7f88bd7da000-7f88bd7db000 rw-p 00000000 00:00 0 
7f88bd7db000-7f88bd81e000 r-xp 00000000 08:04 1057219                    /usr/lib/x86_64-linux-gnu/libgssapi_krb5.so.2.2
7f88bd81e000-7f88bda1e000 ---p 00043000 08:04 1057219                    /usr/lib/x86_64-linux-gnu/libgssapi_krb5.so.2.2
7f88bda1e000-7f88bda1f000 r--p 00043000 08:04 1057219                    /usr/lib/x86_64-linux-gnu/libgssapi_krb5.so.2.2
7f88bda1f000-7f88bda21000 rw-p 00044000 08:04 1057219                    /usr/lib/x86_64-linux-gnu/libgssapi_krb5.so.2.2
7f88bda21000-7f88bda3e000 r-xp 00000000 08:04 1057909                    /usr/lib/x86_64-linux-gnu/libxcb.so.1.1.0
7f88bda3e000-7f88bdc3e000 ---p 0001d000 08:04 1057909                    /usr/lib/x86_64-linux-gnu/libxcb.so.1.1.0
7f88bdc3e000-7f88bdc3f000 r--p 0001d000 08:04 1057909                    /usr/lib/x86_64-linux-gnu/libxcb.so.1.1.0
7f88bdc3f000-7f88bdc40000 rw-p 0001e000 08:04 1057909                    /usr/lib/x86_64-linux-gnu/libxcb.so.1.1.0
7f88bdc40000-7f88bdc7a000 r-xp 00000000 08:04 1057131                    /usr/lib/x86_64-linux-gnu/libfontconfig.so.1.8.0
7f88bdc7a000-7f88bde79000 ---p 0003a000 08:04 1057131                    /usr/lib/x86_64-linux-gnu/libfontconfig.so.1.8.0
7f88bde79000-7f88bde7b000 r--p 00039000 08:04 1057131                    /usr/lib/x86_64-linux-gnu/libfontconfig.so.1.8.0
7f88bde7b000-7f88bde7c000 rw-p 0003b000 08:04 1057131                    /usr/lib/x86_64-linux-gnu/libfontconfig.so.1.8.0
7f88bde7c000-7f88bdee8000 r-xp 00000000 08:04 1049446                    /usr/lib/x86_64-linux-gnu/libcups.so.2
7f88bdee8000-7f88be0e8000 ---p 0006c000 08:04 1049446                    /usr/lib/x86_64-linux-gnu/libcups.so.2
7f88be0e8000-7f88be0ef000 r--p 0006c000 08:04 1049446                    /usr/lib/x86_64-linux-gnu/libcups.so.2
7f88be0ef000-7f88be0f0000 rw-p 00073000 08:04 1049446                    /usr/lib/x86_64-linux-gnu/libcups.so.2
7f88be0f0000-7f88be0ff000 r-xp 00000000 08:04 1059969                    /usr/lib/x86_64-linux-gnu/libXi.so.6.1.0
7f88be0ff000-7f88be2fe000 ---p 0000f000 08:04 1059969                    /usr/lib/x86_64-linux-gnu/libXi.so.6.1.0
7f88be2fe000-7f88be2ff000 r--p 0000e000 08:04 1059969                    /usr/lib/x86_64-linux-gnu/libXi.so.6.1.0
7f88be2ff000-7f88be300000 rw-p 0000f000 08:04 1059969                    /usr/lib/x86_64-linux-gnu/libXi.so.6.1.0
7f88be300000-7f88be305000 r-xp 00000000 08:04 1056880                    /usr/lib/x86_64-linux-gnu/libXtst.so.6.1.0
7f88be305000-7f88be504000 ---p 00005000 08:04 1056880                    /usr/lib/x86_64-linux-gnu/libXtst.so.6.1.0
7f88be504000-7f88be505000 r--p 00004000 08:04 1056880                    /usr/lib/x86_64-linux-gnu/libXtst.so.6.1.0
7f88be505000-7f88be506000 rw-p 00005000 08:04 1056880                    /usr/lib/x86_64-linux-gnu/libXtst.so.6.1.0
7f88be506000-7f88be50f000 r-xp 00000000 08:04 1056820                    /usr/lib/x86_64-linux-gnu/libXrender.so.1.3.0
7f88be50f000-7f88be70e000 ---p 00009000 08:04 1056820                    /usr/lib/x86_64-linux-gnu/libXrender.so.1.3.0
7f88be70e000-7f88be70f000 r--p 00008000 08:04 1056820                    /usr/lib/x86_64-linux-gnu/libXrender.so.1.3.0
7f88be70f000-7f88be710000 rw-p 00009000 08:04 1056820                    /usr/lib/x86_64-linux-gnu/libXrender.so.1.3.0
7f88be710000-7f88be840000 r-xp 00000000 08:04 1056835                    /usr/lib/x86_64-linux-gnu/libX11.so.6.3.0
7f88be840000-7f88bea40000 ---p 00130000 08:04 1056835                    /usr/lib/x86_64-linux-gnu/libX11.so.6.3.0
7f88bea40000-7f88bea41000 r--p 00130000 08:04 1056835                    /usr/lib/x86_64-linux-gnu/libX11.so.6.3.0
7f88bea41000-7f88bea45000 rw-p 00131000 08:04 1056835                    /usr/lib/x86_64-linux-gnu/libX11.so.6.3.0
7f88bea45000-7f88bea56000 r-xp 00000000 08:04 1059909                    /usr/lib/x86_64-linux-gnu/libXext.so.6.4.0
7f88bea56000-7f88bec55000 ---p 00011000 08:04 1059909                    /usr/lib/x86_64-linux-gnu/libXext.so.6.4.0
7f88bec55000-7f88bec56000 r--p 00010000 08:04 1059909                    /usr/lib/x86_64-linux-gnu/libXext.so.6.4.0
7f88bec56000-7f88bec57000 rw-p 00011000 08:04 1059909                    /usr/lib/x86_64-linux-gnu/libXext.so.6.4.0
7f88bec57000-7f88bec9f000 r-xp 00000000 08:04 1842970                    /usr/lib/jvm/java-7-openjdk-amd64/jre/lib/amd64/xawt/libmawt.so
7f88bec9f000-7f88bee9e000 ---p 00048000 08:04 1842970                    /usr/lib/jvm/java-7-openjdk-amd64/jre/lib/amd64/xawt/libmawt.so
7f88bee9e000-7f88bee9f000 r--p 00047000 08:04 1842970                    /usr/lib/jvm/java-7-openjdk-amd64/jre/lib/amd64/xawt/libmawt.so
7f88bee9f000-7f88beea2000 rw-p 00048000 08:04 1842970                    /usr/lib/jvm/java-7-openjdk-amd64/jre/lib/amd64/xawt/libmawt.so
7f88beea2000-7f88beea3000 rw-p 00000000 00:00 0 
7f88beea3000-7f88bef43000 r-xp 00000000 08:04 1842899                    /usr/lib/jvm/java-7-openjdk-amd64/jre/lib/amd64/libawt.so
7f88bef43000-7f88bf143000 ---p 000a0000 08:04 1842899                    /usr/lib/jvm/java-7-openjdk-amd64/jre/lib/amd64/libawt.so
7f88bf143000-7f88bf144000 r--p 000a0000 08:04 1842899                    /usr/lib/jvm/java-7-openjdk-amd64/jre/lib/amd64/libawt.so
7f88bf144000-7f88bf14f000 rw-p 000a1000 08:04 1842899                    /usr/lib/jvm/java-7-openjdk-amd64/jre/lib/amd64/libawt.so
7f88bf14f000-7f88bf174000 rw-p 00000000 00:00 0 
7f88bf174000-7f88bf177000 ---p 00000000 00:00 0 
7f88bf177000-7f88bf275000 rw-p 00000000 00:00 0                          [stack:7734]
7f88bf275000-7f88bf278000 ---p 00000000 00:00 0 
7f88bf278000-7f88bf376000 rw-p 00000000 00:00 0                          [stack:7733]
7f88bf376000-7f88bf379000 ---p 00000000 00:00 0 
7f88bf379000-7f88bf477000 rw-p 00000000 00:00 0                          [stack:7732]
7f88bf477000-7f88bf47a000 ---p 00000000 00:00 0 
7f88bf47a000-7f88bf578000 rw-p 00000000 00:00 0                          [stack:7731]
7f88bf578000-7f88bf5b5000 r-xp 00000000 08:04 3023619                    /lib/x86_64-linux-gnu/libpcre.so.3.13.1
7f88bf5b5000-7f88bf7b4000 ---p 0003d000 08:04 3023619                    /lib/x86_64-linux-gnu/libpcre.so.3.13.1
7f88bf7b4000-7f88bf7b5000 r--p 0003c000 08:04 3023619                    /lib/x86_64-linux-gnu/libpcre.so.3.13.1
7f88bf7b5000-7f88bf7b6000 rw-p 0003d000 08:04 3023619                    /lib/x86_64-linux-gnu/libpcre.so.3.13.1
7f88bf7b6000-7f88bf7bd000 r-xp 00000000 08:04 1057117                    /usr/lib/x86_64-linux-gnu/libffi.so.6.0.1
7f88bf7bd000-7f88bf9bc000 ---p 00007000 08:04 1057117                    /usr/lib/x86_64-linux-gnu/libffi.so.6.0.1
7f88bf9bc000-7f88bf9bd000 r--p 00006000 08:04 1057117                    /usr/lib/x86_64-linux-gnu/libffi.so.6.0.1
7f88bf9bd000-7f88bf9be000 rw-p 00007000 08:04 1057117                    /usr/lib/x86_64-linux-gnu/libffi.so.6.0.1
7f88bf9be000-7f88bf9d5000 r-xp 00000000 08:04 3023556                    /lib/x86_64-linux-gnu/libresolv-2.19.so
7f88bf9d5000-7f88bfbd5000 ---p 00017000 08:04 3023556                    /lib/x86_64-linux-gnu/libresolv-2.19.so
7f88bfbd5000-7f88bfbd6000 r--p 00017000 08:04 3023556                    /lib/x86_64-linux-gnu/libresolv-2.19.so
7f88bfbd6000-7f88bfbd7000 rw-p 00018000 08:04 3023556                    /lib/x86_64-linux-gnu/libresolv-2.19.so
7f88bfbd7000-7f88bfbd9000 rw-p 00000000 00:00 0 
7f88bfbd9000-7f88bfbf9000 r-xp 00000000 08:04 3018823                    /lib/x86_64-linux-gnu/libselinux.so.1
7f88bfbf9000-7f88bfdf8000 ---p 00020000 08:04 3018823                    /lib/x86_64-linux-gnu/libselinux.so.1
7f88bfdf8000-7f88bfdf9000 r--p 0001f000 08:04 3018823                    /lib/x86_64-linux-gnu/libselinux.so.1
7f88bfdf9000-7f88bfdfa000 rw-p 00020000 08:04 3018823                    /lib/x86_64-linux-gnu/libselinux.so.1
7f88bfdfa000-7f88bfdfc000 rw-p 00000000 00:00 0 
7f88bfdfc000-7f88bfdff000 r-xp 00000000 08:04 1048940                    /usr/lib/x86_64-linux-gnu/libgmodule-2.0.so.0.4002.0
7f88bfdff000-7f88bfffe000 ---p 00003000 08:04 1048940                    /usr/lib/x86_64-linux-gnu/libgmodule-2.0.so.0.4002.0
7f88bfffe000-7f88bffff000 r--p 00002000 08:04 1048940                    /usr/lib/x86_64-linux-gnu/libgmodule-2.0.so.0.4002.0
7f88bffff000-7f88c0000000 rw-p 00003000 08:04 1048940                    /usr/lib/x86_64-linux-gnu/libgmodule-2.0.so.0.4002.0
7f88c0000000-7f88c0021000 rw-p 00000000 00:00 0 
7f88c0021000-7f88c4000000 ---p 00000000 00:00 0 
7f88c4000000-7f88c4021000 rw-p 00000000 00:00 0 
7f88c4021000-7f88c8000000 ---p 00000000 00:00 0 
7f88c8000000-7f88c86ef000 rw-p 00000000 00:00 0 
7f88c86ef000-7f88cc000000 ---p 00000000 00:00 0 
7f88cc000000-7f88cc51b000 rw-p 00000000 00:00 0 
7f88cc51b000-7f88d0000000 ---p 00000000 00:00 0 
7f88d0000000-7f88d0021000 rw-p 00000000 00:00 0 
7f88d0021000-7f88d4000000 ---p 00000000 00:00 0 
7f88d4000000-7f88d4021000 rw-p 00000000 00:00 0 
7f88d4021000-7f88d8000000 ---p 00000000 00:00 0 
7f88d8000000-7f88d8241000 rw-p 00000000 00:00 0 
7f88d8241000-7f88dc000000 ---p 00000000 00:00 0 
7f88dc000000-7f88dc021000 rw-p 00000000 00:00 0 
7f88dc021000-7f88e0000000 ---p 00000000 00:00 0 
7f88e0000000-7f88e0021000 rw-p 00000000 00:00 0 
7f88e0021000-7f88e4000000 ---p 00000000 00:00 0 
7f88e4000000-7f88e4002000 r--s 00000000 08:04 4084977                    /var/cache/fontconfig/6e6b34ae150a7ad95e82fb4a522f0bda-le64.cache-4
7f88e4002000-7f88e4006000 r--s 00000000 08:04 4084973                    /var/cache/fontconfig/4d6aee6d44eccb37054d3216e945f618-le64.cache-4
7f88e4006000-7f88e400a000 r--s 00000000 08:04 4084972                    /var/cache/fontconfig/d6c6df98c3df5faf9bd0f8ef4d91efe5-le64.cache-4
7f88e400a000-7f88e400e000 r--s 00000000 08:04 4084971                    /var/cache/fontconfig/9fb319ef52839f11ee26ab8b4cffa12b-le64.cache-4
7f88e400e000-7f88e4021000 r--s 00000000 08:04 4084970                    /var/cache/fontconfig/4ac51e5cfbc76fc3f983e470323a16d3-le64.cache-4
7f88e4021000-7f88e4024000 r--s 00000000 08:04 4084969                    /var/cache/fontconfig/c19b55eb3b4c5b40ea175e31682068a5-le64.cache-4
7f88e4024000-7f88e403b000 r--s 00000000 08:04 4079917                    /var/cache/fontconfig/e13b20fdb08344e0e664864cc2ede53d-le64.cache-4
7f88e403b000-7f88e4048000 r--s 00000000 08:04 4085005                    /var/cache/fontconfig/8f02d4cb045bd6ce15663e43f347c9f8-le64.cache-4
7f88e4048000-7f88e4066000 r--s 00000000 08:04 4079928                    /var/cache/fontconfig/467c019e582ee353435ea5c21d137ef6-le64.cache-4
7f88e4066000-7f88e4070000 r--s 000ae000 08:04 1842934                    /usr/lib/jvm/java-7-openjdk-amd64/jre/lib/resources.jar
7f88e4070000-7f88e4089000 r--s 00135000 08:04 2631188                    /home/ghizlane/workspace/ABT Last Version/lib/jdom-2.0.5/lib/xercesImpl.jar
7f88e4089000-7f88e40c8000 r--s 002ff000 08:04 2631179                    /home/ghizlane/workspace/ABT Last Version/lib/choco-solver-2.1.5.jar
7f88e40c8000-7f88e40f9000 rw-p 00000000 00:00 0 
7f88e40f9000-7f88e41ff000 r-xp 00000000 08:04 3020247                    /lib/x86_64-linux-gnu/libglib-2.0.so.0.4002.0
7f88e41ff000-7f88e43fe000 ---p 00106000 08:04 3020247                    /lib/x86_64-linux-gnu/libglib-2.0.so.0.4002.0
7f88e43fe000-7f88e43ff000 r--p 00105000 08:04 3020247                    /lib/x86_64-linux-gnu/libglib-2.0.so.0.4002.0
7f88e43ff000-7f88e4400000 rw-p 00106000 08:04 3020247                    /lib/x86_64-linux-gnu/libglib-2.0.so.0.4002.0
7f88e4400000-7f88e4401000 rw-p 00000000 00:00 0 
7f88e4401000-7f88e4450000 r-xp 00000000 08:04 1048958                    /usr/lib/x86_64-linux-gnu/libgobject-2.0.so.0.4002.0
7f88e4450000-7f88e4650000 ---p 0004f000 08:04 1048958                    /usr/lib/x86_64-linux-gnu/libgobject-2.0.so.0.4002.0
7f88e4650000-7f88e4651000 r--p 0004f000 08:04 1048958                    /usr/lib/x86_64-linux-gnu/libgobject-2.0.so.0.4002.0
7f88e4651000-7f88e4652000 rw-p 00050000 08:04 1048958                    /usr/lib/x86_64-linux-gnu/libgobject-2.0.so.0.4002.0
7f88e4652000-7f88e47be000 r-xp 00000000 08:04 1048962                    /usr/lib/x86_64-linux-gnu/libgio-2.0.so.0.4002.0
7f88e47be000-7f88e49bd000 ---p 0016c000 08:04 1048962                    /usr/lib/x86_64-linux-gnu/libgio-2.0.so.0.4002.0
7f88e49bd000-7f88e49c1000 r--p 0016b000 08:04 1048962                    /usr/lib/x86_64-linux-gnu/libgio-2.0.so.0.4002.0
7f88e49c1000-7f88e49c3000 rw-p 0016f000 08:04 1048962                    /usr/lib/x86_64-linux-gnu/libgio-2.0.so.0.4002.0
7f88e49c3000-7f88e49c6000 rw-p 00000000 00:00 0 
7f88e49c6000-7f88e49c7000 r--s 00000000 08:04 4084976                    /var/cache/fontconfig/3334a778d104e76d188e9df399bc24d2-le64.cache-4
7f88e49c7000-7f88e49c8000 r--s 00000000 08:04 4084968                    /var/cache/fontconfig/c277e94e32b20404286a1ddafa5a80f0-le64.cache-4
7f88e49c8000-7f88e49cb000 r--s 00000000 08:04 4084967                    /var/cache/fontconfig/de83a0a961185c8bd1f159015d56c039-le64.cache-4
7f88e49cb000-7f88e49d4000 r--s 0002d000 08:04 2631184                    /home/ghizlane/workspace/ABT Last Version/lib/jdom-2.0.5/lib/xml-apis.jar
7f88e49d4000-7f88e49da000 r--s 00033000 08:04 2631182                    /home/ghizlane/workspace/ABT Last Version/lib/jdom-2.0.5/lib/jaxen-1.1.6.jar
7f88e49da000-7f88e49e0000 r--s 00044000 08:04 2631192                    /home/ghizlane/workspace/ABT Last Version/lib/jdom-2.0.5/jdom-2.0.5.jar
7f88e49e0000-7f88e49e9000 r--s 000c5000 08:04 2631190                    /home/ghizlane/workspace/ABT Last Version/lib/jdom-2.0.5/jdom-2.0.5-sources.jar
7f88e49e9000-7f88e49f1000 r--s 0006e000 08:04 2631194                    /home/ghizlane/workspace/ABT Last Version/lib/jdom-2.0.5/jdom-2.0.5-junit.jar
7f88e49f1000-7f88e4a08000 r-xp 00000000 08:04 1842928                    /usr/lib/jvm/java-7-openjdk-amd64/jre/lib/amd64/libnet.so
7f88e4a08000-7f88e4c07000 ---p 00017000 08:04 1842928                    /usr/lib/jvm/java-7-openjdk-amd64/jre/lib/amd64/libnet.so
7f88e4c07000-7f88e4c08000 r--p 00016000 08:04 1842928                    /usr/lib/jvm/java-7-openjdk-amd64/jre/lib/amd64/libnet.so
7f88e4c08000-7f88e4c09000 rw-p 00017000 08:04 1842928                    /usr/lib/jvm/java-7-openjdk-amd64/jre/lib/amd64/libnet.so
7f88e4c09000-7f88e4c0a000 ---p 00000000 00:00 0 
7f88e4c0a000-7f88e4d0a000 rw-p 00000000 00:00 0                          [stack:7727]
7f88e4d0a000-7f88e4d0d000 ---p 00000000 00:00 0 
7f88e4d0d000-7f88e4e0b000 rw-p 00000000 00:00 0                          [stack:7726]
7f88e4e0b000-7f88e4e0e000 ---p 00000000 00:00 0 
7f88e4e0e000-7f88e4f0c000 rw-p 00000000 00:00 0                          [stack:7725]
7f88e4f0c000-7f88e4f0f000 ---p 00000000 00:00 0 
7f88e4f0f000-7f88e500d000 rw-p 00000000 00:00 0                          [stack:7724]
7f88e500d000-7f88e5010000 ---p 00000000 00:00 0 
7f88e5010000-7f88e510e000 rw-p 00000000 00:00 0                          [stack:7723]
7f88e510e000-7f88e57f2000 r--p 00000000 08:04 1055749                    /usr/lib/locale/locale-archive
7f88e57f2000-7f88e57f5000 ---p 00000000 00:00 0 
7f88e57f5000-7f88e58f3000 rw-p 00000000 00:00 0                          [stack:7722]
7f88e58f3000-7f88e58f6000 ---p 00000000 00:00 0 
7f88e58f6000-7f88e59f4000 rw-p 00000000 00:00 0                          [stack:7721]
7f88e59f4000-7f88e59f5000 ---p 00000000 00:00 0 
7f88e59f5000-7f88e8000000 rw-p 00000000 00:00 0                          [stack:7720]
7f88e8000000-7f88e8021000 rw-p 00000000 00:00 0 
7f88e8021000-7f88ec000000 ---p 00000000 00:00 0 
7f88ec000000-7f88ec021000 rw-p 00000000 00:00 0 
7f88ec021000-7f88f0000000 ---p 00000000 00:00 0 
7f88f0000000-7f88f0021000 rw-p 00000000 00:00 0 
7f88f0021000-7f88f4000000 ---p 00000000 00:00 0 
7f88f4000000-7f88f4005000 r--s 00000000 08:04 4071671                    /var/cache/fontconfig/7ef2298fde41cc6eeb7af42e48b7d293-le64.cache-4
7f88f4005000-7f88f400e000 r--s 000ef000 08:04 2631191                    /home/ghizlane/workspace/ABT Last Version/lib/jdom-2.0.5/jdom-2.0.5-javadoc.jar
7f88f400e000-7f88f44df000 rw-p 00000000 00:00 0 
7f88f44df000-7f88f4691000 r--s 01d30000 08:04 1842886                    /usr/lib/jvm/java-7-openjdk-amd64/jre/lib/rt.jar
7f88f4691000-7f88f492a000 rw-p 00000000 00:00 0 
7f88f492a000-7f88f492b000 ---p 00000000 00:00 0 
7f88f492b000-7f88f4a2b000 rw-p 00000000 00:00 0                          [stack:7719]
7f88f4a2b000-7f88f4a2c000 ---p 00000000 00:00 0 
7f88f4a2c000-7f88f4b2c000 rw-p 00000000 00:00 0                          [stack:7718]
7f88f4b2c000-7f88f4b2d000 ---p 00000000 00:00 0 
7f88f4b2d000-7f88f4c2d000 rw-p 00000000 00:00 0                          [stack:7717]
7f88f4c2d000-7f88f4c2e000 ---p 00000000 00:00 0 
7f88f4c2e000-7f88f4d39000 rw-p 00000000 00:00 0                          [stack:7716]
7f88f4d39000-7f88f4d81000 rw-p 00000000 00:00 0 
7f88f4d81000-7f88f4d8b000 rw-p 00000000 00:00 0 
7f88f4d8b000-7f88f4e5f000 rw-p 00000000 00:00 0 
7f88f4e5f000-7f88f4e6a000 rw-p 00000000 00:00 0 
7f88f4e6a000-7f88f4eb2000 rw-p 00000000 00:00 0 
7f88f4eb2000-7f88f4ebc000 rw-p 00000000 00:00 0 
7f88f4ebc000-7f88f4f90000 rw-p 00000000 00:00 0 
7f88f4f90000-7f88f4fd5000 rw-p 00000000 00:00 0 
7f88f4fd5000-7f88f4fff000 rw-p 00000000 00:00 0 
7f88f4fff000-7f88f5000000 rw-p 00000000 00:00 0 
7f88f5000000-7f88f5270000 rwxp 00000000 00:00 0 
7f88f5270000-7f88f839c000 rw-p 00000000 00:00 0 
7f88f839c000-7f88fc000000 ---p 00000000 00:00 0 
7f88fc000000-7f88fc021000 rw-p 00000000 00:00 0 
7f88fc021000-7f88fc029000 r-xp 00000000 08:04 1842898                    /usr/lib/jvm/java-7-openjdk-amd64/jre/lib/amd64/libzip.so
7f88fc029000-7f88fc228000 ---p 00008000 08:04 1842898                    /usr/lib/jvm/java-7-openjdk-amd64/jre/lib/amd64/libzip.so
7f88fc228000-7f88fc229000 r--p 00007000 08:04 1842898                    /usr/lib/jvm/java-7-openjdk-amd64/jre/lib/amd64/libzip.so
7f88fc229000-7f88fc22a000 rw-p 00008000 08:04 1842898                    /usr/lib/jvm/java-7-openjdk-amd64/jre/lib/amd64/libzip.so
7f88fc22a000-7f88fc235000 r-xp 00000000 08:04 3023558                    /lib/x86_64-linux-gnu/libnss_files-2.19.so
7f88fc235000-7f88fc434000 ---p 0000b000 08:04 3023558                    /lib/x86_64-linux-gnu/libnss_files-2.19.so
7f88fc434000-7f88fc435000 r--p 0000a000 08:04 3023558                    /lib/x86_64-linux-gnu/libnss_files-2.19.so
7f88fc435000-7f88fc436000 rw-p 0000b000 08:04 3023558                    /lib/x86_64-linux-gnu/libnss_files-2.19.so
7f88fc436000-7f88fc441000 r-xp 00000000 08:04 3023578                    /lib/x86_64-linux-gnu/libnss_nis-2.19.so
7f88fc441000-7f88fc640000 ---p 0000b000 08:04 3023578                    /lib/x86_64-linux-gnu/libnss_nis-2.19.so
7f88fc640000-7f88fc641000 r--p 0000a000 08:04 3023578                    /lib/x86_64-linux-gnu/libnss_nis-2.19.so
7f88fc641000-7f88fc642000 rw-p 0000b000 08:04 3023578                    /lib/x86_64-linux-gnu/libnss_nis-2.19.so
7f88fc642000-7f88fc659000 r-xp 00000000 08:04 3023567                    /lib/x86_64-linux-gnu/libnsl-2.19.so
7f88fc659000-7f88fc858000 ---p 00017000 08:04 3023567                    /lib/x86_64-linux-gnu/libnsl-2.19.so
7f88fc858000-7f88fc859000 r--p 00016000 08:04 3023567                    /lib/x86_64-linux-gnu/libnsl-2.19.so
7f88fc859000-7f88fc85a000 rw-p 00017000 08:04 3023567                    /lib/x86_64-linux-gnu/libnsl-2.19.so
7f88fc85a000-7f88fc85c000 rw-p 00000000 00:00 0 
7f88fc85c000-7f88fc865000 r-xp 00000000 08:04 3023566                    /lib/x86_64-linux-gnu/libnss_compat-2.19.so
7f88fc865000-7f88fca64000 ---p 00009000 08:04 3023566                    /lib/x86_64-linux-gnu/libnss_compat-2.19.so
7f88fca64000-7f88fca65000 r--p 00008000 08:04 3023566                    /lib/x86_64-linux-gnu/libnss_compat-2.19.so
7f88fca65000-7f88fca66000 rw-p 00009000 08:04 3023566                    /lib/x86_64-linux-gnu/libnss_compat-2.19.so
7f88fca66000-7f88fca91000 r-xp 00000000 08:04 1842907                    /usr/lib/jvm/java-7-openjdk-amd64/jre/lib/amd64/libjava.so
7f88fca91000-7f88fcc91000 ---p 0002b000 08:04 1842907                    /usr/lib/jvm/java-7-openjdk-amd64/jre/lib/amd64/libjava.so
7f88fcc91000-7f88fcc92000 r--p 0002b000 08:04 1842907                    /usr/lib/jvm/java-7-openjdk-amd64/jre/lib/amd64/libjava.so
7f88fcc92000-7f88fcc94000 rw-p 0002c000 08:04 1842907                    /usr/lib/jvm/java-7-openjdk-amd64/jre/lib/amd64/libjava.so
7f88fcc94000-7f88fcca4000 r-xp 00000000 08:04 1842925                    /usr/lib/jvm/java-7-openjdk-amd64/jre/lib/amd64/libverify.so
7f88fcca4000-7f88fcea3000 ---p 00010000 08:04 1842925                    /usr/lib/jvm/java-7-openjdk-amd64/jre/lib/amd64/libverify.so
7f88fcea3000-7f88fcea5000 r--p 0000f000 08:04 1842925                    /usr/lib/jvm/java-7-openjdk-amd64/jre/lib/amd64/libverify.so
7f88fcea5000-7f88fcea6000 rw-p 00011000 08:04 1842925                    /usr/lib/jvm/java-7-openjdk-amd64/jre/lib/amd64/libverify.so
7f88fcea6000-7f88fcead000 r-xp 00000000 08:04 3023575                    /lib/x86_64-linux-gnu/librt-2.19.so
7f88fcead000-7f88fd0ac000 ---p 00007000 08:04 3023575                    /lib/x86_64-linux-gnu/librt-2.19.so
7f88fd0ac000-7f88fd0ad000 r--p 00006000 08:04 3023575                    /lib/x86_64-linux-gnu/librt-2.19.so
7f88fd0ad000-7f88fd0ae000 rw-p 00007000 08:04 3023575                    /lib/x86_64-linux-gnu/librt-2.19.so
7f88fd0ae000-7f88fd0c4000 r-xp 00000000 08:04 3018670                    /lib/x86_64-linux-gnu/libgcc_s.so.1
7f88fd0c4000-7f88fd2c3000 ---p 00016000 08:04 3018670                    /lib/x86_64-linux-gnu/libgcc_s.so.1
7f88fd2c3000-7f88fd2c4000 rw-p 00015000 08:04 3018670                    /lib/x86_64-linux-gnu/libgcc_s.so.1
7f88fd2c4000-7f88fd3c9000 r-xp 00000000 08:04 3023557                    /lib/x86_64-linux-gnu/libm-2.19.so
7f88fd3c9000-7f88fd5c8000 ---p 00105000 08:04 3023557                    /lib/x86_64-linux-gnu/libm-2.19.so
7f88fd5c8000-7f88fd5c9000 r--p 00104000 08:04 3023557                    /lib/x86_64-linux-gnu/libm-2.19.so
7f88fd5c9000-7f88fd5ca000 rw-p 00105000 08:04 3023557                    /lib/x86_64-linux-gnu/libm-2.19.so
7f88fd5ca000-7f88fd6b0000 r-xp 00000000 08:04 1052839                    /usr/lib/x86_64-linux-gnu/libstdc++.so.6.0.19
7f88fd6b0000-7f88fd8af000 ---p 000e6000 08:04 1052839                    /usr/lib/x86_64-linux-gnu/libstdc++.so.6.0.19
7f88fd8af000-7f88fd8b7000 r--p 000e5000 08:04 1052839                    /usr/lib/x86_64-linux-gnu/libstdc++.so.6.0.19
7f88fd8b7000-7f88fd8b9000 rw-p 000ed000 08:04 1052839                    /usr/lib/x86_64-linux-gnu/libstdc++.so.6.0.19
7f88fd8b9000-7f88fd8ce000 rw-p 00000000 00:00 0 
7f88fd8ce000-7f88fe3f2000 r-xp 00000000 08:04 1842915                    /usr/lib/jvm/java-7-openjdk-amd64/jre/lib/amd64/server/libjvm.so
7f88fe3f2000-7f88fe5f1000 ---p 00b24000 08:04 1842915                    /usr/lib/jvm/java-7-openjdk-amd64/jre/lib/amd64/server/libjvm.so
7f88fe5f1000-7f88fe68b000 r--p 00b23000 08:04 1842915                    /usr/lib/jvm/java-7-openjdk-amd64/jre/lib/amd64/server/libjvm.so
7f88fe68b000-7f88fe6ae000 rw-p 00bbd000 08:04 1842915                    /usr/lib/jvm/java-7-openjdk-amd64/jre/lib/amd64/server/libjvm.so
7f88fe6ae000-7f88fe6dc000 rw-p 00000000 00:00 0 
7f88fe6dc000-7f88fe6f4000 r-xp 00000000 08:04 3018856                    /lib/x86_64-linux-gnu/libz.so.1.2.8
7f88fe6f4000-7f88fe8f3000 ---p 00018000 08:04 3018856                    /lib/x86_64-linux-gnu/libz.so.1.2.8
7f88fe8f3000-7f88fe8f4000 r--p 00017000 08:04 3018856                    /lib/x86_64-linux-gnu/libz.so.1.2.8
7f88fe8f4000-7f88fe8f5000 rw-p 00018000 08:04 3018856                    /lib/x86_64-linux-gnu/libz.so.1.2.8
7f88fe8f5000-7f88fe90e000 r-xp 00000000 08:04 3023573                    /lib/x86_64-linux-gnu/libpthread-2.19.so
7f88fe90e000-7f88feb0d000 ---p 00019000 08:04 3023573                    /lib/x86_64-linux-gnu/libpthread-2.19.so
7f88feb0d000-7f88feb0e000 r--p 00018000 08:04 3023573                    /lib/x86_64-linux-gnu/libpthread-2.19.so
7f88feb0e000-7f88feb0f000 rw-p 00019000 08:04 3023573                    /lib/x86_64-linux-gnu/libpthread-2.19.so
7f88feb0f000-7f88feb13000 rw-p 00000000 00:00 0 
7f88feb13000-7f88feb16000 r-xp 00000000 08:04 3023561                    /lib/x86_64-linux-gnu/libdl-2.19.so
7f88feb16000-7f88fed15000 ---p 00003000 08:04 3023561                    /lib/x86_64-linux-gnu/libdl-2.19.so
7f88fed15000-7f88fed16000 r--p 00002000 08:04 3023561                    /lib/x86_64-linux-gnu/libdl-2.19.so
7f88fed16000-7f88fed17000 rw-p 00003000 08:04 3023561                    /lib/x86_64-linux-gnu/libdl-2.19.so
7f88fed17000-7f88feed2000 r-xp 00000000 08:04 3023572                    /lib/x86_64-linux-gnu/libc-2.19.so
7f88feed2000-7f88ff0d1000 ---p 001bb000 08:04 3023572                    /lib/x86_64-linux-gnu/libc-2.19.so
7f88ff0d1000-7f88ff0d5000 r--p 001ba000 08:04 3023572                    /lib/x86_64-linux-gnu/libc-2.19.so
7f88ff0d5000-7f88ff0d7000 rw-p 001be000 08:04 3023572                    /lib/x86_64-linux-gnu/libc-2.19.so
7f88ff0d7000-7f88ff0dc000 rw-p 00000000 00:00 0 
7f88ff0dc000-7f88ff0e9000 r-xp 00000000 08:04 1978705                    /usr/lib/jvm/java-7-openjdk-amd64/jre/lib/amd64/jli/libjli.so
7f88ff0e9000-7f88ff2e8000 ---p 0000d000 08:04 1978705                    /usr/lib/jvm/java-7-openjdk-amd64/jre/lib/amd64/jli/libjli.so
7f88ff2e8000-7f88ff2e9000 r--p 0000c000 08:04 1978705                    /usr/lib/jvm/java-7-openjdk-amd64/jre/lib/amd64/jli/libjli.so
7f88ff2e9000-7f88ff2ea000 rw-p 0000d000 08:04 1978705                    /usr/lib/jvm/java-7-openjdk-amd64/jre/lib/amd64/jli/libjli.so
7f88ff2ea000-7f88ff30d000 r-xp 00000000 08:04 3023569                    /lib/x86_64-linux-gnu/ld-2.19.so
7f88ff30d000-7f88ff30f000 r--s 00000000 08:04 4085006                    /var/cache/fontconfig/16326683038b281783a0ef8c680e3a10-le64.cache-4
7f88ff30f000-7f88ff310000 r--s 00000000 08:04 4085004                    /var/cache/fontconfig/e0aa53bcfa504e64f87823c16bc01eb6-le64.cache-4
7f88ff310000-7f88ff313000 r--s 00026000 08:04 2631193                    /home/ghizlane/workspace/ABT Last Version/lib/jdom-2.0.5/jdom-2.0.5-contrib.jar
7f88ff313000-7f88ff315000 r--s 0000a000 08:04 2895085                    /home/ghizlane/workspace/ABT Last Version/lib/JADE-all-4.3.3/JADE-src-4.3.3/jade/lib/commons-codec/commons-codec-1.3.jar
7f88ff315000-7f88ff316000 r--s 00002000 08:04 1842882                    /usr/lib/jvm/java-7-openjdk-amd64/jre/lib/ext/dnsns.jar
7f88ff316000-7f88ff318000 r--s 00006000 08:04 1454461                    /usr/share/java/java-atk-wrapper.jar
7f88ff318000-7f88ff322000 rw-p 00000000 00:00 0 
7f88ff322000-7f88ff3d8000 rw-p 00000000 00:00 0 
7f88ff3d8000-7f88ff3db000 ---p 00000000 00:00 0 
7f88ff3db000-7f88ff4de000 rw-p 00000000 00:00 0                          [stack:7715]
7f88ff4de000-7f88ff4e1000 r--s 0000f000 08:04 1842879                    /usr/lib/jvm/java-7-openjdk-amd64/jre/lib/ext/icedtea-sound.jar
7f88ff4e1000-7f88ff4e5000 r--s 0003c000 08:04 1842881                    /usr/lib/jvm/java-7-openjdk-amd64/jre/lib/ext/sunpkcs11.jar
7f88ff4e5000-7f88ff4e9000 r--s 00085000 08:04 1842878                    /usr/lib/jvm/java-7-openjdk-amd64/jre/lib/ext/localedata.jar
7f88ff4e9000-7f88ff4ed000 r--s 00034000 08:04 1842880                    /usr/lib/jvm/java-7-openjdk-amd64/jre/lib/ext/sunjce_provider.jar
7f88ff4ed000-7f88ff4ef000 r--s 00012000 08:04 1842876                    /usr/lib/jvm/java-7-openjdk-amd64/jre/lib/ext/zipfs.jar
7f88ff4ef000-7f88ff500000 rw-p 00000000 00:00 0 
7f88ff500000-7f88ff508000 rw-s 00000000 08:04 5767331                    /tmp/hsperfdata_ghizlane/7709
7f88ff508000-7f88ff509000 rw-p 00000000 00:00 0 
7f88ff509000-7f88ff50a000 ---p 00000000 00:00 0 
7f88ff50a000-7f88ff50c000 rw-p 00000000 00:00 0 
7f88ff50c000-7f88ff50d000 r--p 00022000 08:04 3023569                    /lib/x86_64-linux-gnu/ld-2.19.so
7f88ff50d000-7f88ff50e000 rw-p 00023000 08:04 3023569                    /lib/x86_64-linux-gnu/ld-2.19.so
7f88ff50e000-7f88ff50f000 rw-p 00000000 00:00 0 
7ffff428a000-7ffff42ab000 rw-p 00000000 00:00 0                          [stack]
7ffff43df000-7ffff43e1000 r-xp 00000000 00:00 0                          [vdso]
ffffffffff600000-ffffffffff601000 r-xp 00000000 00:00 0                  [vsyscall]

VM Arguments:
jvm_args: -Dfile.encoding=UTF-8 
java_command: DisSolver.Agent
Launcher Type: SUN_STANDARD

Environment Variables:
PATH=/usr/local/sbin:/usr/local/bin:/usr/sbin:/usr/bin:/sbin:/bin:/usr/games:/usr/local/games
SHELL=/bin/bash
DISPLAY=:0

Signal Handlers:
SIGSEGV: [libjvm.so+0x954820], sa_mask[0]=0x7ffbfeff, sa_flags=0x10000004
SIGBUS: [libjvm.so+0x954820], sa_mask[0]=0x7ffbfeff, sa_flags=0x10000004
SIGFPE: [libjvm.so+0x7cb150], sa_mask[0]=0x7ffbfeff, sa_flags=0x10000004
SIGPIPE: [libjvm.so+0x7cb150], sa_mask[0]=0x7ffbfeff, sa_flags=0x10000004
SIGXFSZ: [libjvm.so+0x7cb150], sa_mask[0]=0x7ffbfeff, sa_flags=0x10000004
SIGILL: [libjvm.so+0x7cb150], sa_mask[0]=0x7ffbfeff, sa_flags=0x10000004
SIGUSR1: SIG_DFL, sa_mask[0]=0x00000000, sa_flags=0x00000000
SIGUSR2: [libjvm.so+0x7caff0], sa_mask[0]=0x00000004, sa_flags=0x10000004
SIGHUP: [libjvm.so+0x7cb1d0], sa_mask[0]=0x7ffbfeff, sa_flags=0x10000004
SIGINT: [libjvm.so+0x7cb1d0], sa_mask[0]=0x7ffbfeff, sa_flags=0x10000004
SIGTERM: [libjvm.so+0x7cb1d0], sa_mask[0]=0x7ffbfeff, sa_flags=0x10000004
SIGQUIT: [libjvm.so+0x7cb1d0], sa_mask[0]=0x7ffbfeff, sa_flags=0x10000004
SIGTRAP: SIG_DFL, sa_mask[0]=0x00000000, sa_flags=0x00000000


---------------  S Y S T E M  ---------------

OS:Ubuntu 14.04 (trusty)
uname:Linux 3.13.0-44-generic #73-Ubuntu SMP Tue Dec 16 00:22:43 UTC 2014 x86_64
libc:glibc 2.19 NPTL 2.19 
rlimit: STACK 8192k, CORE 0k, NPROC 14616, NOFILE 4096, AS infinity
load average:6,75 6,44 3,07

/proc/meminfo:
MemTotal:        1892500 kB
MemFree:           98584 kB
Buffers:             408 kB
Cached:           231724 kB
SwapCached:            0 kB
Active:          1447720 kB
Inactive:         220960 kB
Active(anon):    1438960 kB
Inactive(anon):   201344 kB
Active(file):       8760 kB
Inactive(file):    19616 kB
Unevictable:          32 kB
Mlocked:              32 kB
SwapTotal:             0 kB
SwapFree:              0 kB
Dirty:               180 kB
Writeback:             0 kB
AnonPages:       1436776 kB
Mapped:            71792 kB
Shmem:            203560 kB
Slab:              55284 kB
SReclaimable:      26548 kB
SUnreclaim:        28736 kB
KernelStack:        4224 kB
PageTables:        28672 kB
NFS_Unstable:          0 kB
Bounce:                0 kB
WritebackTmp:          0 kB
CommitLimit:      946248 kB
Committed_AS:    4395928 kB
VmallocTotal:   34359738367 kB
VmallocUsed:      343524 kB
VmallocChunk:   34359386492 kB
HardwareCorrupted:     0 kB
AnonHugePages:    454656 kB
HugePages_Total:       0
HugePages_Free:        0
HugePages_Rsvd:        0
HugePages_Surp:        0
Hugepagesize:       2048 kB
DirectMap4k:       67520 kB
DirectMap2M:     1941504 kB


CPU:total 4 (2 cores per cpu, 2 threads per core) family 6 model 42 stepping 7, cmov, cx8, fxsr, mmx, sse, sse2, sse3, ssse3, sse4.1, sse4.2, popcnt, avx, ht, tsc, tscinvbit

/proc/cpuinfo:
processor	: 0
vendor_id	: GenuineIntel
cpu family	: 6
model		: 42
model name	: Intel(R) Core(TM) i3-2310M CPU @ 2.10GHz
stepping	: 7
microcode	: 0x1a
cpu MHz		: 2100.000
cache size	: 3072 KB
physical id	: 0
siblings	: 4
core id		: 0
cpu cores	: 2
apicid		: 0
initial apicid	: 0
fpu		: yes
fpu_exception	: yes
cpuid level	: 13
wp		: yes
flags		: fpu vme de pse tsc msr pae mce cx8 apic sep mtrr pge mca cmov pat pse36 clflush dts acpi mmx fxsr sse sse2 ss ht tm pbe syscall nx rdtscp lm constant_tsc arch_perfmon pebs bts nopl xtopology nonstop_tsc aperfmperf eagerfpu pni pclmulqdq dtes64 monitor ds_cpl vmx est tm2 ssse3 cx16 xtpr pdcm pcid sse4_1 sse4_2 x2apic popcnt tsc_deadline_timer xsave avx lahf_lm arat epb xsaveopt pln pts dtherm tpr_shadow vnmi flexpriority ept vpid
bogomips	: 4190.73
clflush size	: 64
cache_alignment	: 64
address sizes	: 36 bits physical, 48 bits virtual
power management:

processor	: 1
vendor_id	: GenuineIntel
cpu family	: 6
model		: 42
model name	: Intel(R) Core(TM) i3-2310M CPU @ 2.10GHz
stepping	: 7
microcode	: 0x1a
cpu MHz		: 800.000
cache size	: 3072 KB
physical id	: 0
siblings	: 4
core id		: 0
cpu cores	: 2
apicid		: 1
initial apicid	: 1
fpu		: yes
fpu_exception	: yes
cpuid level	: 13
wp		: yes
flags		: fpu vme de pse tsc msr pae mce cx8 apic sep mtrr pge mca cmov pat pse36 clflush dts acpi mmx fxsr sse sse2 ss ht tm pbe syscall nx rdtscp lm constant_tsc arch_perfmon pebs bts nopl xtopology nonstop_tsc aperfmperf eagerfpu pni pclmulqdq dtes64 monitor ds_cpl vmx est tm2 ssse3 cx16 xtpr pdcm pcid sse4_1 sse4_2 x2apic popcnt tsc_deadline_timer xsave avx lahf_lm arat epb xsaveopt pln pts dtherm tpr_shadow vnmi flexpriority ept vpid
bogomips	: 4190.73
clflush size	: 64
cache_alignment	: 64
address sizes	: 36 bits physical, 48 bits virtual
power management:

processor	: 2
vendor_id	: GenuineIntel
cpu family	: 6
model		: 42
model name	: Intel(R) Core(TM) i3-2310M CPU @ 2.10GHz
stepping	: 7
microcode	: 0x1a
cpu MHz		: 2100.000
cache size	: 3072 KB
physical id	: 0
siblings	: 4
core id		: 1
cpu cores	: 2
apicid		: 2
initial apicid	: 2
fpu		: yes
fpu_exception	: yes
cpuid level	: 13
wp		: yes
flags		: fpu vme de pse tsc msr pae mce cx8 apic sep mtrr pge mca cmov pat pse36 clflush dts acpi mmx fxsr sse sse2 ss ht tm pbe syscall nx rdtscp lm constant_tsc arch_perfmon pebs bts nopl xtopology nonstop_tsc aperfmperf eagerfpu pni pclmulqdq dtes64 monitor ds_cpl vmx est tm2 ssse3 cx16 xtpr pdcm pcid sse4_1 sse4_2 x2apic popcnt tsc_deadline_timer xsave avx lahf_lm arat epb xsaveopt pln pts dtherm tpr_shadow vnmi flexpriority ept vpid
bogomips	: 4190.73
clflush size	: 64
cache_alignment	: 64
address sizes	: 36 bits physical, 48 bits virtual
power management:

processor	: 3
vendor_id	: GenuineIntel
cpu family	: 6
model		: 42
model name	: Intel(R) Core(TM) i3-2310M CPU @ 2.10GHz
stepping	: 7
microcode	: 0x1a
cpu MHz		: 800.000
cache size	: 3072 KB
physical id	: 0
siblings	: 4
core id		: 1
cpu cores	: 2
apicid		: 3
initial apicid	: 3
fpu		: yes
fpu_exception	: yes
cpuid level	: 13
wp		: yes
flags		: fpu vme de pse tsc msr pae mce cx8 apic sep mtrr pge mca cmov pat pse36 clflush dts acpi mmx fxsr sse sse2 ss ht tm pbe syscall nx rdtscp lm constant_tsc arch_perfmon pebs bts nopl xtopology nonstop_tsc aperfmperf eagerfpu pni pclmulqdq dtes64 monitor ds_cpl vmx est tm2 ssse3 cx16 xtpr pdcm pcid sse4_1 sse4_2 x2apic popcnt tsc_deadline_timer xsave avx lahf_lm arat epb xsaveopt pln pts dtherm tpr_shadow vnmi flexpriority ept vpid
bogomips	: 4190.73
clflush size	: 64
cache_alignment	: 64
address sizes	: 36 bits physical, 48 bits virtual
power management:



Memory: 4k page, physical 1892500k(98584k free), swap 0k(0k free)

vm_info: OpenJDK 64-Bit Server VM (24.85-b03) for linux-amd64 JRE (1.7.0_85-b01), built on Oct 22 2015 06:46:50 by "buildd" with gcc 4.8.2

time: Wed Nov 11 13:02:13 2015
elapsed time: 25 seconds

