#
# A fatal error has been detected by the Java Runtime Environment:
#
#  SIGSEGV (0xb) at pc=0x00007fac5905b4ba, pid=6719, tid=140377937561344
#
# JRE version: OpenJDK Runtime Environment (7.0_85-b01) (build 1.7.0_85-b01)
# Java VM: OpenJDK 64-Bit Server VM (24.85-b03 mixed mode linux-amd64 compressed oops)
# Derivative: IcedTea 2.6.1
# Distribution: Ubuntu 14.04 LTS, package 7u85-2.6.1-5ubuntu0.14.04.1
# Problematic frame:
# v  ~BufferBlob::jni_fast_GetLongField
#
# Failed to write core dump. Core dumps have been disabled. To enable core dumping, try "ulimit -c unlimited" before starting Java again
#
# If you would like to submit a bug report, please include
# instructions on how to reproduce the bug and visit:
#   http://icedtea.classpath.org/bugzilla
# The crash happened outside the Java Virtual Machine in native code.
# See problematic frame for where to report the bug.
#

---------------  T H R E A D  ---------------

Current thread (0x00007fac5c2a1800):  JavaThread "AWT-XAWT" daemon [_thread_in_native, id=6743, stack(0x00007fac490a4000,0x00007fac491a5000)]

siginfo:si_signo=SIGSEGV: si_errno=0, si_code=1 (SEGV_MAPERR), si_addr=0x0000000000000000

Registers:
RAX=0x00007fac64d6c140, RBX=0x00007fac5c2a19d8, RCX=0x00007fac651e3320, RDX=0x0000000000000042
RSP=0x00007fac491a37f8, RBP=0x00007fac491a3820, RSI=0x0000000000000000, RDI=0x00007fac5c2a19d8
R8 =0x0000000040000000, R9 =0x0000000000000000, R10=0x0000000000000314, R11=0x00007fac64808f50
R12=0x00007fabe4015d70, R13=0x0000000000000000, R14=0x00007fac515d2d80, R15=0x00007fac5c2a1800
RIP=0x00007fac5905b4ba, EFLAGS=0x0000000000010246, CSGSFS=0x0000000000000033, ERR=0x0000000000000004
  TRAPNO=0x000000000000000e

Top of Stack: (sp=0x00007fac491a37f8)
0x00007fac491a37f8:   00007fac513a4714 00000000cc5ff960
0x00007fac491a3808:   00007fabe4015d70 00000000cc5ff960
0x00007fac491a3818:   00007fac491a3908 0000000000000000
0x00007fac491a3828:   00007fac50e76ae8 00000000cc5ff960
0x00007fac491a3838:   00007fac491a3860 0000000000000000
0x00007fac491a3848:   00007fac50e6e9a3 00000000cc5ff960
0x00007fac491a3858:   00007fac5139922f 00007fac491a38d0
0x00007fac491a3868:   00007fac59012d98 00000000cc327a10
0x00007fac491a3878:   0000000000000000 00007fac491a38a0
0x00007fac491a3888:   00007fac491a38f0 00007fac491a3890
0x00007fac491a3898:   0000000000000000 00007fac491a3908
0x00007fac491a38a8:   00000000cc605ae8 0000000000000000
0x00007fac491a38b8:   00000000cc5ff960 0000000000000000
0x00007fac491a38c8:   00007fac491a38f0 00007fac491a3950
0x00007fac491a38d8:   00007fac59006350 00000000d667b8e8
0x00007fac491a38e8:   00007fac5900ecc0 0000000000000000
0x00007fac491a38f8:   00007fac491a3950 00007fac04002fb0
0x00007fac491a3908:   00000000d66346c8 00007fac491a3910
0x00007fac491a3918:   00000000cc743b24 00007fac491a3998
0x00007fac491a3928:   00000000cc750700 0000000000000000
0x00007fac491a3938:   00000000cc743cb8 00007fac491a38f0
0x00007fac491a3948:   00007fac491a3990 00007fac491a39e0
0x00007fac491a3958:   00007fac59006058 0000000000000000
0x00007fac491a3968:   00000000d6a8b168 0000000000000000
0x00007fac491a3978:   0000000000000000 0000000000000000
0x00007fac491a3988:   00000000d66346c8 0000000000000000
0x00007fac491a3998:   00000000d6634670 00007fac491a39a0
0x00007fac491a39a8:   00000000cc74391d 00007fac491a39f0
0x00007fac491a39b8:   00000000cc750700 0000000000000000
0x00007fac491a39c8:   00000000cc743938 00007fac491a3990
0x00007fac491a39d8:   00007fac491a39f0 00007fac491a3a38
0x00007fac491a39e8:   00007fac59006706 00000000d6634670 

Instructions: (pc=0x00007fac5905b4ba)
0x00007fac5905b49a:   00 00 00 00 00 00 44 8b 15 fd b4 d3 0b 4c 8b ce
0x00007fac5905b4aa:   41 f6 c2 01 0f 85 2e 00 00 00 4d 33 ca 4d 33 ca
0x00007fac5905b4ba:   4d 8b 09 4c 8b da 49 c1 eb 02 4b 8b 04 19 49 bb
0x00007fac5905b4ca:   a4 69 d9 64 ac 7f 00 00 4c 33 d8 4c 33 d8 45 3b 

Register to memory mapping:

RAX=0x00007fac64d6c140: <offset 0xdc9140> in /usr/lib/jvm/java-7-openjdk-amd64/jre/lib/amd64/server/libjvm.so at 0x00007fac63fa3000
RBX=0x00007fac5c2a19d8 is an unknown value
RCX=0x00007fac651e3320: <offset 0x219320> in /lib/x86_64-linux-gnu/libpthread.so.0 at 0x00007fac64fca000
RDX=0x0000000000000042 is an unknown value
RSP=0x00007fac491a37f8 is pointing into the stack for thread: 0x00007fac5c2a1800
RBP=0x00007fac491a3820 is pointing into the stack for thread: 0x00007fac5c2a1800
RSI=0x0000000000000000 is an unknown value
RDI=0x00007fac5c2a19d8 is an unknown value
R8 =0x0000000040000000 is an unknown value
R9 =0x0000000000000000 is an unknown value
R10=0x0000000000000314 is an unknown value
R11=0x00007fac64808f50: <offset 0x865f50> in /usr/lib/jvm/java-7-openjdk-amd64/jre/lib/amd64/server/libjvm.so at 0x00007fac63fa3000
R12=0x00007fabe4015d70 is an unknown value
R13=0x0000000000000000 is an unknown value
R14=0x00007fac515d2d80: <offset 0x24ad80> in /usr/lib/jvm/java-7-openjdk-amd64/jre/lib/amd64/xawt/libmawt.so at 0x00007fac51388000
R15=0x00007fac5c2a1800 is a thread


Stack: [0x00007fac490a4000,0x00007fac491a5000],  sp=0x00007fac491a37f8,  free space=1021k
Native frames: (J=compiled Java code, j=interpreted, Vv=VM code, C=native code)
v  ~BufferBlob::jni_fast_GetLongField

Java frames: (J=compiled Java code, j=interpreted, Vv=VM code)
j  sun.awt.X11.XlibWrapper.XFilterEvent(JJ)Z+0
j  sun.awt.X11.XToolkit.run(Z)V+300
j  sun.awt.X11.XToolkit.run()V+5
j  java.lang.Thread.run()V+11
v  ~StubRoutines::call_stub

---------------  P R O C E S S  ---------------

Java Threads: ( => current thread )
  0x00007fabe0025000 JavaThread "Thread-20" [_thread_blocked, id=6770, stack(0x00007fac48397000,0x00007fac48498000)]
  0x00007fac2c001000 JavaThread "SIGTERM handler" daemon [_thread_blocked, id=6768, stack(0x00007fac48498000,0x00007fac48599000)]
  0x00007fabd4085800 JavaThread "Timer-3" [_thread_blocked, id=6765, stack(0x00007fabdb593000,0x00007fabdb694000)]
  0x00007fabe002f000 JavaThread "Timer-2" [_thread_blocked, id=6764, stack(0x00007fabdb694000,0x00007fabdb795000)]
  0x0000000001948800 JavaThread "Timer-1" [_thread_blocked, id=6763, stack(0x00007fabdb795000,0x00007fabdb896000)]
  0x00007fabd40cc000 JavaThread "Timer-0" [_thread_blocked, id=6762, stack(0x00007fabdbaeb000,0x00007fabdbbec000)]
  0x00007fac5c00a800 JavaThread "DestroyJavaVM" [_thread_blocked, id=6725, stack(0x00007fac65aad000,0x00007fac65bae000)]
  0x00007fac5c2be000 JavaThread "Deliverer-4" [_thread_blocked, id=6748, stack(0x00007fac48b9f000,0x00007fac48ca0000)]
  0x00007fac5c2ba000 JavaThread "Deliverer-3" [_thread_blocked, id=6747, stack(0x00007fac48ca0000,0x00007fac48da1000)]
  0x00007fac5c2b8000 JavaThread "Deliverer-2" [_thread_blocked, id=6746, stack(0x00007fac48da1000,0x00007fac48ea2000)]
  0x00007fac5c2b6800 JavaThread "Deliverer-1" [_thread_blocked, id=6745, stack(0x00007fac48ea2000,0x00007fac48fa3000)]
  0x00007fac5c2b2800 JavaThread "Deliverer-0" [_thread_blocked, id=6744, stack(0x00007fac48fa3000,0x00007fac490a4000)]
=>0x00007fac5c2a1800 JavaThread "AWT-XAWT" daemon [_thread_in_native, id=6743, stack(0x00007fac490a4000,0x00007fac491a5000)]
  0x00007fac5c27a000 JavaThread "Java2D Disposer" daemon [_thread_blocked, id=6742, stack(0x00007fac50025000,0x00007fac50126000)]
  0x00007fac5c1d5800 JavaThread "Thread-4" [_thread_in_native, id=6741, stack(0x00007fac518a5000,0x00007fac519a6000)]
  0x00007fac5c1d3800 JavaThread "Thread-3" [_thread_blocked, id=6740, stack(0x00007fac519a6000,0x00007fac51aa7000)]
  0x00007fac5c1d2000 JavaThread "JICPServer-1099" daemon [_thread_in_native, id=6739, stack(0x00007fac51aa7000,0x00007fac51ba8000)]
  0x00007fac5c11e000 JavaThread "JADE Timer dispatcher" [_thread_blocked, id=6738, stack(0x00007fac51ba8000,0x00007fac51ca9000)]
  0x00007fac5c0ae800 JavaThread "Service Thread" daemon [_thread_blocked, id=6736, stack(0x00007fac53316000,0x00007fac53417000)]
  0x00007fac5c0ac000 JavaThread "C2 CompilerThread1" daemon [_thread_blocked, id=6735, stack(0x00007fac53417000,0x00007fac53518000)]
  0x00007fac5c0a9000 JavaThread "C2 CompilerThread0" daemon [_thread_blocked, id=6734, stack(0x00007fac53518000,0x00007fac53619000)]
  0x00007fac5c0a7000 JavaThread "Signal Dispatcher" daemon [_thread_blocked, id=6733, stack(0x00007fac53619000,0x00007fac5371a000)]
  0x00007fac5c07c000 JavaThread "Finalizer" daemon [_thread_blocked, id=6732, stack(0x00007fac53dfe000,0x00007fac53eff000)]
  0x00007fac5c07a000 JavaThread "Reference Handler" daemon [_thread_blocked, id=6731, stack(0x00007fac53eff000,0x00007fac54000000)]

Other Threads:
  0x00007fac5c075800 VMThread [stack: 0x00007fac580d0000,0x00007fac581d1000] [id=6730]
  0x00007fac5c0b9000 WatcherThread [stack: 0x00007fac53215000,0x00007fac53316000] [id=6737]

VM state:not at safepoint (normal execution)

VM Mutex/Monitor currently owned by a thread: None

Heap
 PSYoungGen      total 56320K, used 3715K [0x00000000f2200000, 0x00000000fe800000, 0x0000000100000000)
  eden space 55808K, 6% used [0x00000000f2200000,0x00000000f2564c40,0x00000000f5880000)
  from space 512K, 46% used [0x00000000fe700000,0x00000000fe73c010,0x00000000fe780000)
  to   space 512K, 0% used [0x00000000fe780000,0x00000000fe780000,0x00000000fe800000)
 ParOldGen       total 19456K, used 7892K [0x00000000d6600000, 0x00000000d7900000, 0x00000000f2200000)
  object space 19456K, 40% used [0x00000000d6600000,0x00000000d6db52f0,0x00000000d7900000)
 PSPermGen       total 23552K, used 23169K [0x00000000cc000000, 0x00000000cd700000, 0x00000000d6600000)
  object space 23552K, 98% used [0x00000000cc000000,0x00000000cd6a0470,0x00000000cd700000)

Card table byte_map: [0x00007fac62555000,0x00007fac626f6000] byte_map_base: 0x00007fac61ef5000

Polling page: 0x00007fac65bde000

Code Cache  [0x00007fac59000000, 0x00007fac59270000, 0x00007fac5c000000)
 total_blobs=821 nmethods=313 adapters=461 free_code_cache=47900Kb largest_free_block=49019776

Compilation events (10 events):
Event: 17,414 Thread 0x00007fac5c0a9000  349             java.util.concurrent.locks.ReentrantLock$Sync::tryRelease (45 bytes)
Event: 17,414 Thread 0x00007fac5c0ac000  350             java.util.concurrent.locks.AbstractQueuedSynchronizer::release (33 bytes)
Event: 17,417 Thread 0x00007fac5c0a9000 nmethod 349 0x00007fac590eaf10 code [0x00007fac590eb040, 0x00007fac590eb0f8]
Event: 17,418 Thread 0x00007fac5c0ac000 nmethod 350 0x00007fac590eac10 code [0x00007fac590ead60, 0x00007fac590eae48]
Event: 17,419 Thread 0x00007fac5c0a9000  351             sun.util.logging.LoggingSupport::ensureAvailable (17 bytes)
Event: 17,420 Thread 0x00007fac5c0a9000 nmethod 351 0x00007fac5908e350 code [0x00007fac5908e480, 0x00007fac5908e4b8]
Event: 632,199 Thread 0x00007fac5c0a9000  352             java.util.TaskQueue::isEmpty (13 bytes)
Event: 632,200 Thread 0x00007fac5c0a9000 nmethod 352 0x00007fac590ea950 code [0x00007fac590eaa80, 0x00007fac590eaaf8]
Event: 760,493 Thread 0x00007fac5c0ac000  353             java.util.concurrent.locks.ReentrantLock::unlock (10 bytes)
Event: 760,495 Thread 0x00007fac5c0ac000 nmethod 353 0x00007fac59093890 code [0x00007fac590939e0, 0x00007fac59093ac8]

GC Heap History (10 events):
Event: 15,928 GC heap before
{Heap before GC invocations=49 (full 0):
 PSYoungGen      total 68608K, used 68192K [0x00000000f2200000, 0x00000000fe800000, 0x0000000100000000)
  eden space 68096K, 100% used [0x00000000f2200000,0x00000000f6480000,0x00000000f6480000)
  from space 512K, 18% used [0x00000000fe780000,0x00000000fe798000,0x00000000fe800000)
  to   space 512K, 0% used [0x00000000fe700000,0x00000000fe700000,0x00000000fe780000)
 ParOldGen       total 19456K, used 7274K [0x00000000d6600000, 0x00000000d7900000, 0x00000000f2200000)
  object space 19456K, 37% used [0x00000000d6600000,0x00000000d6d1ab00,0x00000000d7900000)
 PSPermGen       total 22016K, used 21683K [0x00000000cc000000, 0x00000000cd580000, 0x00000000d6600000)
  object space 22016K, 98% used [0x00000000cc000000,0x00000000cd52ce88,0x00000000cd580000)
Event: 15,930 GC heap after
Heap after GC invocations=49 (full 0):
 PSYoungGen      total 66048K, used 288K [0x00000000f2200000, 0x00000000fe800000, 0x0000000100000000)
  eden space 65536K, 0% used [0x00000000f2200000,0x00000000f2200000,0x00000000f6200000)
  from space 512K, 56% used [0x00000000fe700000,0x00000000fe748000,0x00000000fe780000)
  to   space 512K, 0% used [0x00000000fe780000,0x00000000fe780000,0x00000000fe800000)
 ParOldGen       total 19456K, used 7322K [0x00000000d6600000, 0x00000000d7900000, 0x00000000f2200000)
  object space 19456K, 37% used [0x00000000d6600000,0x00000000d6d26b00,0x00000000d7900000)
 PSPermGen       total 22016K, used 21683K [0x00000000cc000000, 0x00000000cd580000, 0x00000000d6600000)
  object space 22016K, 98% used [0x00000000cc000000,0x00000000cd52ce88,0x00000000cd580000)
}
Event: 16,111 GC heap before
{Heap before GC invocations=50 (full 0):
 PSYoungGen      total 66048K, used 65824K [0x00000000f2200000, 0x00000000fe800000, 0x0000000100000000)
  eden space 65536K, 100% used [0x00000000f2200000,0x00000000f6200000,0x00000000f6200000)
  from space 512K, 56% used [0x00000000fe700000,0x00000000fe748000,0x00000000fe780000)
  to   space 512K, 0% used [0x00000000fe780000,0x00000000fe780000,0x00000000fe800000)
 ParOldGen       total 19456K, used 7322K [0x00000000d6600000, 0x00000000d7900000, 0x00000000f2200000)
  object space 19456K, 37% used [0x00000000d6600000,0x00000000d6d26b00,0x00000000d7900000)
 PSPermGen       total 22528K, used 22127K [0x00000000cc000000, 0x00000000cd600000, 0x00000000d6600000)
  object space 22528K, 98% used [0x00000000cc000000,0x00000000cd59be38,0x00000000cd600000)
Event: 16,113 GC heap after
Heap after GC invocations=50 (full 0):
 PSYoungGen      total 63488K, used 192K [0x00000000f2200000, 0x00000000fe800000, 0x0000000100000000)
  eden space 62976K, 0% used [0x00000000f2200000,0x00000000f2200000,0x00000000f5f80000)
  from space 512K, 37% used [0x00000000fe780000,0x00000000fe7b0000,0x00000000fe800000)
  to   space 512K, 0% used [0x00000000fe700000,0x00000000fe700000,0x00000000fe780000)
 ParOldGen       total 19456K, used 7524K [0x00000000d6600000, 0x00000000d7900000, 0x00000000f2200000)
  object space 19456K, 38% used [0x00000000d6600000,0x00000000d6d592f0,0x00000000d7900000)
 PSPermGen       total 22528K, used 22127K [0x00000000cc000000, 0x00000000cd600000, 0x00000000d6600000)
  object space 22528K, 98% used [0x00000000cc000000,0x00000000cd59be38,0x00000000cd600000)
}
Event: 16,308 GC heap before
{Heap before GC invocations=51 (full 0):
 PSYoungGen      total 63488K, used 63168K [0x00000000f2200000, 0x00000000fe800000, 0x0000000100000000)
  eden space 62976K, 100% used [0x00000000f2200000,0x00000000f5f80000,0x00000000f5f80000)
  from space 512K, 37% used [0x00000000fe780000,0x00000000fe7b0000,0x00000000fe800000)
  to   space 512K, 0% used [0x00000000fe700000,0x00000000fe700000,0x00000000fe780000)
 ParOldGen       total 19456K, used 7524K [0x00000000d6600000, 0x00000000d7900000, 0x00000000f2200000)
  object space 19456K, 38% used [0x00000000d6600000,0x00000000d6d592f0,0x00000000d7900000)
 PSPermGen       total 22528K, used 22493K [0x00000000cc000000, 0x00000000cd600000, 0x00000000d6600000)
  object space 22528K, 99% used [0x00000000cc000000,0x00000000cd5f7758,0x00000000cd600000)
Event: 16,309 GC heap after
Heap after GC invocations=51 (full 0):
 PSYoungGen      total 60928K, used 288K [0x00000000f2200000, 0x00000000fe800000, 0x0000000100000000)
  eden space 60416K, 0% used [0x00000000f2200000,0x00000000f2200000,0x00000000f5d00000)
  from space 512K, 56% used [0x00000000fe700000,0x00000000fe748000,0x00000000fe780000)
  to   space 512K, 0% used [0x00000000fe780000,0x00000000fe780000,0x00000000fe800000)
 ParOldGen       total 19456K, used 7644K [0x00000000d6600000, 0x00000000d7900000, 0x00000000f2200000)
  object space 19456K, 39% used [0x00000000d6600000,0x00000000d6d772f0,0x00000000d7900000)
 PSPermGen       total 22528K, used 22493K [0x00000000cc000000, 0x00000000cd600000, 0x00000000d6600000)
  object space 22528K, 99% used [0x00000000cc000000,0x00000000cd5f7758,0x00000000cd600000)
}
Event: 16,463 GC heap before
{Heap before GC invocations=52 (full 0):
 PSYoungGen      total 60928K, used 60704K [0x00000000f2200000, 0x00000000fe800000, 0x0000000100000000)
  eden space 60416K, 100% used [0x00000000f2200000,0x00000000f5d00000,0x00000000f5d00000)
  from space 512K, 56% used [0x00000000fe700000,0x00000000fe748000,0x00000000fe780000)
  to   space 512K, 0% used [0x00000000fe780000,0x00000000fe780000,0x00000000fe800000)
 ParOldGen       total 19456K, used 7644K [0x00000000d6600000, 0x00000000d7900000, 0x00000000f2200000)
  object space 19456K, 39% used [0x00000000d6600000,0x00000000d6d772f0,0x00000000d7900000)
 PSPermGen       total 23040K, used 22621K [0x00000000cc000000, 0x00000000cd680000, 0x00000000d6600000)
  object space 23040K, 98% used [0x00000000cc000000,0x00000000cd617438,0x00000000cd680000)
Event: 16,465 GC heap after
Heap after GC invocations=52 (full 0):
 PSYoungGen      total 58368K, used 128K [0x00000000f2200000, 0x00000000fe800000, 0x0000000100000000)
  eden space 57856K, 0% used [0x00000000f2200000,0x00000000f2200000,0x00000000f5a80000)
  from space 512K, 25% used [0x00000000fe780000,0x00000000fe7a0000,0x00000000fe800000)
  to   space 512K, 0% used [0x00000000fe700000,0x00000000fe700000,0x00000000fe780000)
 ParOldGen       total 19456K, used 7812K [0x00000000d6600000, 0x00000000d7900000, 0x00000000f2200000)
  object space 19456K, 40% used [0x00000000d6600000,0x00000000d6da12f0,0x00000000d7900000)
 PSPermGen       total 23040K, used 22621K [0x00000000cc000000, 0x00000000cd680000, 0x00000000d6600000)
  object space 23040K, 98% used [0x00000000cc000000,0x00000000cd617438,0x00000000cd680000)
}
Event: 16,638 GC heap before
{Heap before GC invocations=53 (full 0):
 PSYoungGen      total 58368K, used 57984K [0x00000000f2200000, 0x00000000fe800000, 0x0000000100000000)
  eden space 57856K, 100% used [0x00000000f2200000,0x00000000f5a80000,0x00000000f5a80000)
  from space 512K, 25% used [0x00000000fe780000,0x00000000fe7a0000,0x00000000fe800000)
  to   space 512K, 0% used [0x00000000fe700000,0x00000000fe700000,0x00000000fe780000)
 ParOldGen       total 19456K, used 7812K [0x00000000d6600000, 0x00000000d7900000, 0x00000000f2200000)
  object space 19456K, 40% used [0x00000000d6600000,0x00000000d6da12f0,0x00000000d7900000)
 PSPermGen       total 23040K, used 22819K [0x00000000cc000000, 0x00000000cd680000, 0x00000000d6600000)
  object space 23040K, 99% used [0x00000000cc000000,0x00000000cd648ce8,0x00000000cd680000)
Event: 16,639 GC heap after
Heap after GC invocations=53 (full 0):
 PSYoungGen      total 56320K, used 240K [0x00000000f2200000, 0x00000000fe800000, 0x0000000100000000)
  eden space 55808K, 0% used [0x00000000f2200000,0x00000000f2200000,0x00000000f5880000)
  from space 512K, 46% used [0x00000000fe700000,0x00000000fe73c010,0x00000000fe780000)
  to   space 512K, 0% used [0x00000000fe780000,0x00000000fe780000,0x00000000fe800000)
 ParOldGen       total 19456K, used 7892K [0x00000000d6600000, 0x00000000d7900000, 0x00000000f2200000)
  object space 19456K, 40% used [0x00000000d6600000,0x00000000d6db52f0,0x00000000d7900000)
 PSPermGen       total 23040K, used 22819K [0x00000000cc000000, 0x00000000cd680000, 0x00000000d6600000)
  object space 23040K, 99% used [0x00000000cc000000,0x00000000cd648ce8,0x00000000cd680000)
}

Deoptimization events (10 events):
Event: 15,968 Thread 0x00007fabe8242800 Uncommon trap: reason=bimorphic action=maybe_recompile pc=0x00007fac5907ef90 method=java.util.HashMap.<init>(IF)V @ 115
Event: 15,968 Thread 0x00007fabe8242800 Uncommon trap: reason=bimorphic action=maybe_recompile pc=0x00007fac590dae2c method=java.util.HashMap.<init>(IF)V @ 115
Event: 15,970 Thread 0x00007fabe8242800 Uncommon trap: reason=bimorphic action=maybe_recompile pc=0x00007fac5907ef90 method=java.util.HashMap.<init>(IF)V @ 115
Event: 15,970 Thread 0x00007fabe8242800 Uncommon trap: reason=bimorphic action=maybe_recompile pc=0x00007fac590dae2c method=java.util.HashMap.<init>(IF)V @ 115
Event: 16,583 Thread 0x00007fac5c2a1800 Uncommon trap: reason=unstable_if action=reinterpret pc=0x00007fac5908f3b8 method=java.lang.String.valueOf(Ljava/lang/Object;)Ljava/lang/String; @ 1
Event: 16,636 Thread 0x00007fac5c34d800 Uncommon trap: reason=class_check action=maybe_recompile pc=0x00007fac59095f7c method=jade.core.Agent.run()V @ 66
Event: 16,637 Thread 0x00007fac5c313800 Uncommon trap: reason=class_check action=maybe_recompile pc=0x00007fac590e0060 method=jade.proto.SimpleAchieveREResponder.action()V @ 104
Event: 16,637 Thread 0x00007fabe0025000 Uncommon trap: reason=bimorphic action=maybe_recompile pc=0x00007fac590b2208 method=java.net.URL.<init>(Ljava/net/URL;Ljava/lang/String;Ljava/net/URLStreamHandler;)V @ 504
Event: 16,640 Thread 0x00007fac5c314000 Uncommon trap: reason=class_check action=maybe_recompile pc=0x00007fac59095f7c method=jade.core.Agent.run()V @ 66
Event: 16,640 Thread 0x00007fac5c313800 Uncommon trap: reason=class_check action=maybe_recompile pc=0x00007fac59095f7c method=jade.core.Agent.run()V @ 66

Internal exceptions (10 events):
Event: 16,583 Thread 0x00007fac5c2a1800 Implicit null exception at 0x00007fac5908f36c to 0x00007fac5908f3a7
Event: 16,612 Thread 0x00007fac5c348000 Threw 0x00000000f4f33420 at /build/openjdk-7-65SuYz/openjdk-7-7u85-2.6.1/build/openjdk/hotspot/src/share/vm/prims/jvm.cpp:1322
Event: 16,637 Thread 0x00007fac5c313800 Threw 0x00000000f5a72778 at /build/openjdk-7-65SuYz/openjdk-7-7u85-2.6.1/build/openjdk/hotspot/src/share/vm/interpreter/interpreterRuntime.cpp:376
Event: 16,640 Thread 0x00007fac5c30c800 Threw 0x00000000f2236138 at /build/openjdk-7-65SuYz/openjdk-7-7u85-2.6.1/build/openjdk/hotspot/src/share/vm/prims/jni.cpp:747
Event: 17,390 Thread 0x00007fabe803b800 Threw 0x00000000f2341a28 at /build/openjdk-7-65SuYz/openjdk-7-7u85-2.6.1/build/openjdk/hotspot/src/share/vm/prims/jni.cpp:747
Event: 28,956 Thread 0x00007fabd4074800 Threw 0x00000000f2398220 at /build/openjdk-7-65SuYz/openjdk-7-7u85-2.6.1/build/openjdk/hotspot/src/share/vm/prims/jvm.cpp:3043
Event: 28,956 Thread 0x00007fabd4085800 Threw 0x00000000f240fb58 at /build/openjdk-7-65SuYz/openjdk-7-7u85-2.6.1/build/openjdk/hotspot/src/share/vm/runtime/objectMonitor.cpp:1735
Event: 28,956 Thread 0x0000000001948800 Threw 0x00000000f23bff98 at /build/openjdk-7-65SuYz/openjdk-7-7u85-2.6.1/build/openjdk/hotspot/src/share/vm/runtime/objectMonitor.cpp:1735
Event: 28,956 Thread 0x00007fabd40cc000 Threw 0x00000000f23e7d78 at /build/openjdk-7-65SuYz/openjdk-7-7u85-2.6.1/build/openjdk/hotspot/src/share/vm/runtime/objectMonitor.cpp:1735
Event: 28,956 Thread 0x00007fabe002f000 Threw 0x00000000f242eb80 at /build/openjdk-7-65SuYz/openjdk-7-7u85-2.6.1/build/openjdk/hotspot/src/share/vm/runtime/objectMonitor.cpp:1735

Events (10 events):
Event: 28,956 Executing VM operation: RevokeBias
Event: 28,956 Executing VM operation: RevokeBias done
Event: 28,956 Thread 0x0000000001921800 Thread exited: 0x0000000001921800
Event: 28,957 Executing VM operation: RevokeBias
Event: 28,957 Executing VM operation: RevokeBias done
Event: 28,957 Thread 0x00007fabd4074800 Thread exited: 0x00007fabd4074800
Event: 792,346 Executing VM operation: RevokeBias
Event: 792,347 Executing VM operation: RevokeBias done
Event: 793,032 loading class 0x00007fac3008d9d0
Event: 793,032 loading class 0x00007fac3008d9d0 done


Dynamic libraries:
00400000-00401000 r-xp 00000000 08:04 1842859                            /usr/lib/jvm/java-7-openjdk-amd64/jre/bin/java
00600000-00601000 r--p 00000000 08:04 1842859                            /usr/lib/jvm/java-7-openjdk-amd64/jre/bin/java
00601000-00602000 rw-p 00001000 08:04 1842859                            /usr/lib/jvm/java-7-openjdk-amd64/jre/bin/java
01904000-019bf000 rw-p 00000000 00:00 0                                  [heap]
cc000000-cd700000 rw-p 00000000 00:00 0 
cd700000-d6600000 rw-p 00000000 00:00 0 
d6600000-d7900000 rw-p 00000000 00:00 0 
d7900000-f2200000 rw-p 00000000 00:00 0 
f2200000-fe800000 rw-p 00000000 00:00 0 
fe800000-ffa80000 ---p 00000000 00:00 0 
ffa80000-100000000 rw-p 00000000 00:00 0 
7fabd4000000-7fabd40f5000 rw-p 00000000 00:00 0 
7fabd40f5000-7fabd8000000 ---p 00000000 00:00 0 
7fabdab2f000-7fabdab72000 r-xp 00000000 08:04 1057439                    /usr/lib/x86_64-linux-gnu/libjpeg.so.8.0.2
7fabdab72000-7fabdad72000 ---p 00043000 08:04 1057439                    /usr/lib/x86_64-linux-gnu/libjpeg.so.8.0.2
7fabdad72000-7fabdad73000 r--p 00043000 08:04 1057439                    /usr/lib/x86_64-linux-gnu/libjpeg.so.8.0.2
7fabdad73000-7fabdad74000 rw-p 00044000 08:04 1057439                    /usr/lib/x86_64-linux-gnu/libjpeg.so.8.0.2
7fabdad74000-7fabdad84000 rw-p 00000000 00:00 0 
7fabdad84000-7fabdad8e000 r-xp 00000000 08:04 1842900                    /usr/lib/jvm/java-7-openjdk-amd64/jre/lib/amd64/libjavajpeg.so
7fabdad8e000-7fabdaf8d000 ---p 0000a000 08:04 1842900                    /usr/lib/jvm/java-7-openjdk-amd64/jre/lib/amd64/libjavajpeg.so
7fabdaf8d000-7fabdaf8e000 r--p 00009000 08:04 1842900                    /usr/lib/jvm/java-7-openjdk-amd64/jre/lib/amd64/libjavajpeg.so
7fabdaf8e000-7fabdaf8f000 rw-p 0000a000 08:04 1842900                    /usr/lib/jvm/java-7-openjdk-amd64/jre/lib/amd64/libjavajpeg.so
7fabdaf8f000-7fabdafb3000 r--s 00000000 08:04 1067107                    /usr/share/texmf/fonts/type1/public/lm/lmduno10.pfb
7fabdafd1000-7fabdafeb000 r--s 00000000 08:04 1067113                    /usr/share/texmf/fonts/type1/public/lm/lmtl10.pfb
7fabdafeb000-7fabdb006000 r--s 00000000 08:04 1067148                    /usr/share/texmf/fonts/type1/public/lm/lmsso10.pfb
7fabdb059000-7fabdb078000 r--s 00000000 08:04 1067101                    /usr/share/texmf/fonts/type1/public/lm/lmb10.pfb
7fabdb091000-7fabdb09a000 r--s 00000000 08:04 1316828                    /usr/share/texlive/texmf-dist/fonts/type1/adobe/utopia/putr8a.pfb
7fabdb0e2000-7fabdb0eb000 r--s 00000000 08:04 1967848                    /usr/share/fonts/X11/Type1/c0633bt_.pfb
7fabdb119000-7fabdb134000 r--s 00000000 08:04 1071517                    /usr/share/texmf/fonts/type1/public/tex-gyre/qhvcbi.pfb
7fabdb14b000-7fabdb15b000 r--s 00000000 08:04 1968543                    /usr/share/fonts/type1/gsfonts/a010015l.pfb
7fabdb1fd000-7fabdb21b000 r--s 00000000 08:04 1067137                    /usr/share/texmf/fonts/type1/public/lm/lmssbx10.pfb
7fabdb225000-7fabdb226000 r--s 00000000 08:04 4085002                    /var/cache/fontconfig/087e1975ba9a574b140bb1df193bf770-le64.cache-4
7fabdb226000-7fabdb234000 r--s 00000000 08:04 4079927                    /var/cache/fontconfig/6aa41aa22e18b8fa06a12da28ea9c28b-le64.cache-4
7fabdb234000-7fabdb235000 r--s 00000000 08:04 4063327                    /var/cache/fontconfig/c05880de57d1f5e948fdfacc138775d9-le64.cache-4
7fabdb235000-7fabdb240000 r--s 00000000 08:04 4063321                    /var/cache/fontconfig/945677eb7aeaf62f1d50efc3fb3ec7d8-le64.cache-4
7fabdb240000-7fabdb246000 r--s 00000000 08:04 4063307                    /var/cache/fontconfig/2cd17615ca594fa2959ae173292e504c-le64.cache-4
7fabdb246000-7fabdb247000 r--s 00000000 08:04 4063337                    /var/cache/fontconfig/e7071f4a29fa870f4323321c154eba04-le64.cache-4
7fabdb247000-7fabdb248000 r--s 00000000 08:04 4063304                    /var/cache/fontconfig/0d8c3b2ac0904cb8a57a757ad11a4a08-le64.cache-4
7fabdb248000-7fabdb24f000 r--s 00000000 08:04 4063324                    /var/cache/fontconfig/a755afe4a08bf5b97852ceb7400b47bc-le64.cache-4
7fabdb24f000-7fabdb253000 r--s 00000000 08:04 4075315                    /var/cache/fontconfig/6d41288fd70b0be22e8c3a91e032eec0-le64.cache-4
7fabdb253000-7fabdb267000 r--s 00000000 08:04 4063302                    /var/cache/fontconfig/04aabc0a78ac019cf9454389977116d2-le64.cache-4
7fabdb267000-7fabdb268000 r--s 00000000 08:04 4063306                    /var/cache/fontconfig/1ac9eb803944fde146138c791f5cc56a-le64.cache-4
7fabdb268000-7fabdb269000 r--s 00000000 08:04 4085001                    /var/cache/fontconfig/b95bc8ffbebda2bbdae4265e45b8178d-le64.cache-4
7fabdb269000-7fabdb26d000 r--s 00000000 08:04 4063310                    /var/cache/fontconfig/385c0604a188198f04d133e54aba7fe7-le64.cache-4
7fabdb26d000-7fabdb26e000 r--s 00000000 08:04 4085000                    /var/cache/fontconfig/9c956a7723ca69a44b382d9179c9802f-le64.cache-4
7fabdb26e000-7fabdb26f000 r--s 00000000 08:04 4063334                    /var/cache/fontconfig/dc05db6664285cc2f12bf69c139ae4c3-le64.cache-4
7fabdb26f000-7fabdb270000 r--s 00000000 08:04 4084999                    /var/cache/fontconfig/5d1cca7074f29429a8d18692746c2426-le64.cache-4
7fabdb270000-7fabdb272000 r--s 00000000 08:04 4063318                    /var/cache/fontconfig/767a8244fc0220cfb567a839d0392e0b-le64.cache-4
7fabdb272000-7fabdb273000 r--s 00000000 08:04 4069335                    /var/cache/fontconfig/4794a0821666d79190d59a36cb4f44b5-le64.cache-4
7fabdb273000-7fabdb274000 r--s 00000000 08:04 4084998                    /var/cache/fontconfig/9eae20f1ff8cc0a7d125749e875856bd-le64.cache-4
7fabdb274000-7fabdb276000 r--s 00000000 08:04 4084997                    /var/cache/fontconfig/bf2c1853a9e9b00bb02fe2e9bcf1e201-le64.cache-4
7fabdb276000-7fabdb27b000 r--s 00000000 08:04 4063320                    /var/cache/fontconfig/8801497958630a81b71ace7c5f9b32a8-le64.cache-4
7fabdb27b000-7fabdb27f000 r--s 00000000 08:04 4074564                    /var/cache/fontconfig/c57959a16110560c8d0fcea73374aeeb-le64.cache-4
7fabdb27f000-7fabdb286000 r--s 00000000 08:04 4063308                    /var/cache/fontconfig/3047814df9a2f067bd2d96a2b9c36e5a-le64.cache-4
7fabdb286000-7fabdb28a000 r--s 00000000 08:04 4084996                    /var/cache/fontconfig/bf3b770c553c462765856025a94f1ce6-le64.cache-4
7fabdb28a000-7fabdb290000 r--s 00000000 08:04 4063325                    /var/cache/fontconfig/b47c4e1ecd0709278f4910c18777a504-le64.cache-4
7fabdb290000-7fabdb293000 ---p 00000000 00:00 0 
7fabdb293000-7fabdb391000 rw-p 00000000 00:00 0 
7fabdb391000-7fabdb394000 ---p 00000000 00:00 0 
7fabdb394000-7fabdb492000 rw-p 00000000 00:00 0 
7fabdb492000-7fabdb495000 ---p 00000000 00:00 0 
7fabdb495000-7fabdb593000 rw-p 00000000 00:00 0 
7fabdb593000-7fabdb596000 ---p 00000000 00:00 0 
7fabdb596000-7fabdb694000 rw-p 00000000 00:00 0                          [stack:6765]
7fabdb694000-7fabdb697000 ---p 00000000 00:00 0 
7fabdb697000-7fabdb795000 rw-p 00000000 00:00 0                          [stack:6764]
7fabdb795000-7fabdb798000 ---p 00000000 00:00 0 
7fabdb798000-7fabdb896000 rw-p 00000000 00:00 0                          [stack:6763]
7fabdb896000-7fabdb8e8000 r-xp 00000000 08:04 1842903                    /usr/lib/jvm/java-7-openjdk-amd64/jre/lib/amd64/libfontmanager.so
7fabdb8e8000-7fabdbae7000 ---p 00052000 08:04 1842903                    /usr/lib/jvm/java-7-openjdk-amd64/jre/lib/amd64/libfontmanager.so
7fabdbae7000-7fabdbaea000 r--p 00051000 08:04 1842903                    /usr/lib/jvm/java-7-openjdk-amd64/jre/lib/amd64/libfontmanager.so
7fabdbaea000-7fabdbaeb000 rw-p 00054000 08:04 1842903                    /usr/lib/jvm/java-7-openjdk-amd64/jre/lib/amd64/libfontmanager.so
7fabdbaeb000-7fabdbaee000 ---p 00000000 00:00 0 
7fabdbaee000-7fabdbbec000 rw-p 00000000 00:00 0                          [stack:6762]
7fabdbbec000-7fabdbbef000 ---p 00000000 00:00 0 
7fabdbbef000-7fabdbced000 rw-p 00000000 00:00 0 
7fabdbced000-7fabdbcf0000 ---p 00000000 00:00 0 
7fabdbcf0000-7fabdbdee000 rw-p 00000000 00:00 0 
7fabdbdee000-7fabdbdfe000 r-xp 00000000 08:04 1842894                    /usr/lib/jvm/java-7-openjdk-amd64/jre/lib/amd64/libnio.so
7fabdbdfe000-7fabdbffe000 ---p 00010000 08:04 1842894                    /usr/lib/jvm/java-7-openjdk-amd64/jre/lib/amd64/libnio.so
7fabdbffe000-7fabdbfff000 r--p 00010000 08:04 1842894                    /usr/lib/jvm/java-7-openjdk-amd64/jre/lib/amd64/libnio.so
7fabdbfff000-7fabdc000000 rw-p 00011000 08:04 1842894                    /usr/lib/jvm/java-7-openjdk-amd64/jre/lib/amd64/libnio.so
7fabdc000000-7fabdc021000 rw-p 00000000 00:00 0 
7fabdc021000-7fabe0000000 ---p 00000000 00:00 0 
7fabe0000000-7fabe0047000 rw-p 00000000 00:00 0 
7fabe0047000-7fabe4000000 ---p 00000000 00:00 0 
7fabe4000000-7fabe424e000 rw-p 00000000 00:00 0 
7fabe424e000-7fabe8000000 ---p 00000000 00:00 0 
7fabe8000000-7fabe82c2000 rw-p 00000000 00:00 0 
7fabe82c2000-7fabec000000 ---p 00000000 00:00 0 
7fabec000000-7fabec021000 rw-p 00000000 00:00 0 
7fabec021000-7fabf0000000 ---p 00000000 00:00 0 
7fabf0000000-7fabf0024000 rw-p 00000000 00:00 0 
7fabf0024000-7fabf4000000 ---p 00000000 00:00 0 
7fabf4000000-7fabf4021000 rw-p 00000000 00:00 0 
7fabf4021000-7fabf8000000 ---p 00000000 00:00 0 
7fabf8000000-7fabf8021000 rw-p 00000000 00:00 0 
7fabf8021000-7fabfc000000 ---p 00000000 00:00 0 
7fabfc000000-7fabfc021000 rw-p 00000000 00:00 0 
7fabfc021000-7fac00000000 ---p 00000000 00:00 0 
7fac00000000-7fac00026000 rw-p 00000000 00:00 0 
7fac00026000-7fac04000000 ---p 00000000 00:00 0 
7fac04000000-7fac04021000 rw-p 00000000 00:00 0 
7fac04021000-7fac08000000 ---p 00000000 00:00 0 
7fac08000000-7fac08021000 rw-p 00000000 00:00 0 
7fac08021000-7fac0c000000 ---p 00000000 00:00 0 
7fac0c000000-7fac0c021000 rw-p 00000000 00:00 0 
7fac0c021000-7fac10000000 ---p 00000000 00:00 0 
7fac10000000-7fac10021000 rw-p 00000000 00:00 0 
7fac10021000-7fac14000000 ---p 00000000 00:00 0 
7fac14000000-7fac14021000 rw-p 00000000 00:00 0 
7fac14021000-7fac18000000 ---p 00000000 00:00 0 
7fac18000000-7fac18021000 rw-p 00000000 00:00 0 
7fac18021000-7fac1c000000 ---p 00000000 00:00 0 
7fac1c000000-7fac1c021000 rw-p 00000000 00:00 0 
7fac1c021000-7fac20000000 ---p 00000000 00:00 0 
7fac20000000-7fac20021000 rw-p 00000000 00:00 0 
7fac20021000-7fac24000000 ---p 00000000 00:00 0 
7fac24000000-7fac24818000 rw-p 00000000 00:00 0 
7fac24818000-7fac28000000 ---p 00000000 00:00 0 
7fac28000000-7fac28021000 rw-p 00000000 00:00 0 
7fac28021000-7fac2c000000 ---p 00000000 00:00 0 
7fac2c000000-7fac2c021000 rw-p 00000000 00:00 0 
7fac2c021000-7fac30000000 ---p 00000000 00:00 0 
7fac30000000-7fac30af7000 rw-p 00000000 00:00 0 
7fac30af7000-7fac34000000 ---p 00000000 00:00 0 
7fac34000000-7fac34021000 rw-p 00000000 00:00 0 
7fac34021000-7fac38000000 ---p 00000000 00:00 0 
7fac38000000-7fac38021000 rw-p 00000000 00:00 0 
7fac38021000-7fac3c000000 ---p 00000000 00:00 0 
7fac3c000000-7fac3c021000 rw-p 00000000 00:00 0 
7fac3c021000-7fac40000000 ---p 00000000 00:00 0 
7fac40000000-7fac40021000 rw-p 00000000 00:00 0 
7fac40021000-7fac44000000 ---p 00000000 00:00 0 
7fac44000000-7fac44024000 rw-p 00000000 00:00 0 
7fac44024000-7fac48000000 ---p 00000000 00:00 0 
7fac48000000-7fac48001000 r--s 00000000 08:04 4063314                    /var/cache/fontconfig/56cf4f4769d0f4abc89a4895d7bd3ae1-le64.cache-4
7fac48001000-7fac48002000 r--s 00000000 08:04 4063326                    /var/cache/fontconfig/b9d506c9ac06c20b433354fa67a72993-le64.cache-4
7fac48002000-7fac48005000 r--s 00000000 08:04 4084995                    /var/cache/fontconfig/14d493b97896515cad3840ba4896e372-le64.cache-4
7fac48005000-7fac48006000 r--s 00000000 08:04 4084994                    /var/cache/fontconfig/89034621ae2a8922916bb6bfa5799546-le64.cache-4
7fac48006000-7fac48009000 r--s 00000000 08:04 4084993                    /var/cache/fontconfig/e49e89034d371f0f9de17aab02136486-le64.cache-4
7fac48009000-7fac4800b000 r--s 00000000 08:04 4084992                    /var/cache/fontconfig/4b14b093aebc79c320de5e86ae1d3314-le64.cache-4
7fac4800b000-7fac4800c000 r--s 00000000 08:04 4084991                    /var/cache/fontconfig/8aec10f4cc8391dcef22ca549f1e4354-le64.cache-4
7fac4800c000-7fac4801f000 r--s 00000000 08:04 4063331                    /var/cache/fontconfig/d52a8644073d54c13679302ca1180695-le64.cache-4
7fac4801f000-7fac48020000 r--s 00000000 08:04 4084990                    /var/cache/fontconfig/8a687c406b77f27d99abfeeba937fcce-le64.cache-4
7fac48020000-7fac48029000 r--s 00000000 08:04 4069329                    /var/cache/fontconfig/3f7329c5293ffd510edef78f73874cfd-le64.cache-4
7fac48029000-7fac4802a000 r--s 00000000 08:04 4084989                    /var/cache/fontconfig/ac2cf712d852da827a87a9baf682f5b9-le64.cache-4
7fac4802a000-7fac4802c000 r--s 00000000 08:04 4084988                    /var/cache/fontconfig/65f976e5259cbe6dc7697b8648396239-le64.cache-4
7fac4802c000-7fac48037000 r--s 00000000 08:04 4084987                    /var/cache/fontconfig/d589a48862398ed80a3d6066f4f56f4c-le64.cache-4
7fac48037000-7fac48038000 r--s 00000000 08:04 4084986                    /var/cache/fontconfig/94f7fe9bd33aadfac165873bd010d595-le64.cache-4
7fac48038000-7fac4803a000 r--s 00000000 08:04 4084985                    /var/cache/fontconfig/423767150eb258c59035de29db6fca84-le64.cache-4
7fac4803a000-7fac4803b000 r--s 00000000 08:04 4084984                    /var/cache/fontconfig/845c20fd2c4814bcec78e05d37a63ccc-le64.cache-4
7fac4803b000-7fac4803c000 r--s 00000000 08:04 4084983                    /var/cache/fontconfig/e7de81b01590fb7e12b38e274e17d0db-le64.cache-4
7fac4803c000-7fac4803e000 r--s 00000000 08:04 4084981                    /var/cache/fontconfig/67709b7835c0f764c1135060c9575660-le64.cache-4
7fac4803e000-7fac48048000 r--s 00000000 08:04 4084980                    /var/cache/fontconfig/198d8fcf01c96d0cf813f74fd759bdb7-le64.cache-4
7fac48048000-7fac48053000 r--s 00000000 08:04 4084978                    /var/cache/fontconfig/83bf95040141907cd45bb53cf7c1c148-le64.cache-4
7fac48053000-7fac48055000 r--s 00000000 08:04 4084977                    /var/cache/fontconfig/6e6b34ae150a7ad95e82fb4a522f0bda-le64.cache-4
7fac48055000-7fac4805c000 r--s 00000000 08:04 4084975                    /var/cache/fontconfig/53d14c92082a93e67d5078324eb314ca-le64.cache-4
7fac4805c000-7fac48060000 r--s 00000000 08:04 4084974                    /var/cache/fontconfig/6c08beecf0dac481ec92e759e0c2e6d7-le64.cache-4
7fac48060000-7fac48064000 r--s 00000000 08:04 4084973                    /var/cache/fontconfig/4d6aee6d44eccb37054d3216e945f618-le64.cache-4
7fac48064000-7fac4807b000 r--s 00000000 08:04 4079917                    /var/cache/fontconfig/e13b20fdb08344e0e664864cc2ede53d-le64.cache-4
7fac4807b000-7fac48094000 r--s 00000000 08:04 1968603                    /usr/share/fonts/type1/gsfonts/n021003l.pfb
7fac48094000-7fac48097000 ---p 00000000 00:00 0 
7fac48097000-7fac48195000 rw-p 00000000 00:00 0 
7fac48195000-7fac48198000 ---p 00000000 00:00 0 
7fac48198000-7fac48296000 rw-p 00000000 00:00 0 
7fac48296000-7fac48299000 ---p 00000000 00:00 0 
7fac48299000-7fac48397000 rw-p 00000000 00:00 0 
7fac48397000-7fac4839a000 ---p 00000000 00:00 0 
7fac4839a000-7fac48498000 rw-p 00000000 00:00 0                          [stack:6770]
7fac48498000-7fac4849b000 ---p 00000000 00:00 0 
7fac4849b000-7fac48599000 rw-p 00000000 00:00 0                          [stack:6768]
7fac48599000-7fac4859c000 ---p 00000000 00:00 0 
7fac4859c000-7fac4869a000 rw-p 00000000 00:00 0 
7fac4869a000-7fac4869d000 ---p 00000000 00:00 0 
7fac4869d000-7fac4879b000 rw-p 00000000 00:00 0 
7fac4879b000-7fac4879e000 ---p 00000000 00:00 0 
7fac4879e000-7fac4889c000 rw-p 00000000 00:00 0 
7fac4889c000-7fac4889f000 ---p 00000000 00:00 0 
7fac4889f000-7fac4899d000 rw-p 00000000 00:00 0 
7fac4899d000-7fac489a0000 ---p 00000000 00:00 0 
7fac489a0000-7fac48a9e000 rw-p 00000000 00:00 0 
7fac48a9e000-7fac48aa1000 ---p 00000000 00:00 0 
7fac48aa1000-7fac48b9f000 rw-p 00000000 00:00 0 
7fac48b9f000-7fac48ba2000 ---p 00000000 00:00 0 
7fac48ba2000-7fac48ca0000 rw-p 00000000 00:00 0                          [stack:6748]
7fac48ca0000-7fac48ca3000 ---p 00000000 00:00 0 
7fac48ca3000-7fac48da1000 rw-p 00000000 00:00 0                          [stack:6747]
7fac48da1000-7fac48da4000 ---p 00000000 00:00 0 
7fac48da4000-7fac48ea2000 rw-p 00000000 00:00 0                          [stack:6746]
7fac48ea2000-7fac48ea5000 ---p 00000000 00:00 0 
7fac48ea5000-7fac48fa3000 rw-p 00000000 00:00 0                          [stack:6745]
7fac48fa3000-7fac48fa6000 ---p 00000000 00:00 0 
7fac48fa6000-7fac490a4000 rw-p 00000000 00:00 0                          [stack:6744]
7fac490a4000-7fac490a7000 ---p 00000000 00:00 0 
7fac490a7000-7fac491a5000 rw-p 00000000 00:00 0                          [stack:6743]
7fac491a5000-7fac491aa000 r-xp 00000000 08:04 1060152                    /usr/lib/x86_64-linux-gnu/libXfixes.so.3.1.0
7fac491aa000-7fac493a9000 ---p 00005000 08:04 1060152                    /usr/lib/x86_64-linux-gnu/libXfixes.so.3.1.0
7fac493a9000-7fac493aa000 r--p 00004000 08:04 1060152                    /usr/lib/x86_64-linux-gnu/libXfixes.so.3.1.0
7fac493aa000-7fac493ab000 rw-p 00005000 08:04 1060152                    /usr/lib/x86_64-linux-gnu/libXfixes.so.3.1.0
7fac493ab000-7fac493b4000 r-xp 00000000 08:04 1056846                    /usr/lib/x86_64-linux-gnu/libXcursor.so.1.0.2
7fac493b4000-7fac495b3000 ---p 00009000 08:04 1056846                    /usr/lib/x86_64-linux-gnu/libXcursor.so.1.0.2
7fac495b3000-7fac495b4000 r--p 00008000 08:04 1056846                    /usr/lib/x86_64-linux-gnu/libXcursor.so.1.0.2
7fac495b4000-7fac495b5000 rw-p 00009000 08:04 1056846                    /usr/lib/x86_64-linux-gnu/libXcursor.so.1.0.2
7fac495b5000-7fac495b9000 r-xp 00000000 08:04 3018726                    /lib/x86_64-linux-gnu/libgpg-error.so.0.10.0
7fac495b9000-7fac497b8000 ---p 00004000 08:04 3018726                    /lib/x86_64-linux-gnu/libgpg-error.so.0.10.0
7fac497b8000-7fac497b9000 r--p 00003000 08:04 3018726                    /lib/x86_64-linux-gnu/libgpg-error.so.0.10.0
7fac497b9000-7fac497ba000 rw-p 00004000 08:04 3018726                    /lib/x86_64-linux-gnu/libgpg-error.so.0.10.0
7fac497ba000-7fac497bc000 r-xp 00000000 08:04 3018736                    /lib/x86_64-linux-gnu/libkeyutils.so.1.4
7fac497bc000-7fac499bc000 ---p 00002000 08:04 3018736                    /lib/x86_64-linux-gnu/libkeyutils.so.1.4
7fac499bc000-7fac499bd000 r--p 00002000 08:04 3018736                    /lib/x86_64-linux-gnu/libkeyutils.so.1.4
7fac499bd000-7fac499be000 rw-p 00003000 08:04 3018736                    /lib/x86_64-linux-gnu/libkeyutils.so.1.4
7fac499be000-7fac499e3000 r-xp 00000000 08:04 3018808                    /lib/x86_64-linux-gnu/libpng12.so.0.50.0
7fac499e3000-7fac49be2000 ---p 00025000 08:04 3018808                    /lib/x86_64-linux-gnu/libpng12.so.0.50.0
7fac49be2000-7fac49be3000 r--p 00024000 08:04 3018808                    /lib/x86_64-linux-gnu/libpng12.so.0.50.0
7fac49be3000-7fac49be4000 rw-p 00025000 08:04 3018808                    /lib/x86_64-linux-gnu/libpng12.so.0.50.0
7fac49be4000-7fac49c28000 r-xp 00000000 08:04 3018684                    /lib/x86_64-linux-gnu/libdbus-1.so.3.7.6
7fac49c28000-7fac49e27000 ---p 00044000 08:04 3018684                    /lib/x86_64-linux-gnu/libdbus-1.so.3.7.6
7fac49e27000-7fac49e28000 r--p 00043000 08:04 3018684                    /lib/x86_64-linux-gnu/libdbus-1.so.3.7.6
7fac49e28000-7fac49e29000 rw-p 00044000 08:04 3018684                    /lib/x86_64-linux-gnu/libdbus-1.so.3.7.6
7fac49e29000-7fac49e64000 r-xp 00000000 08:04 1057566                    /usr/lib/x86_64-linux-gnu/libp11-kit.so.0.0.0
7fac49e64000-7fac4a063000 ---p 0003b000 08:04 1057566                    /usr/lib/x86_64-linux-gnu/libp11-kit.so.0.0.0
7fac4a063000-7fac4a069000 r--p 0003a000 08:04 1057566                    /usr/lib/x86_64-linux-gnu/libp11-kit.so.0.0.0
7fac4a069000-7fac4a06b000 rw-p 00040000 08:04 1057566                    /usr/lib/x86_64-linux-gnu/libp11-kit.so.0.0.0
7fac4a06b000-7fac4a07d000 r-xp 00000000 08:04 1052910                    /usr/lib/x86_64-linux-gnu/libtasn1.so.6.2.0
7fac4a07d000-7fac4a27d000 ---p 00012000 08:04 1052910                    /usr/lib/x86_64-linux-gnu/libtasn1.so.6.2.0
7fac4a27d000-7fac4a27e000 r--p 00012000 08:04 1052910                    /usr/lib/x86_64-linux-gnu/libtasn1.so.6.2.0
7fac4a27e000-7fac4a27f000 rw-p 00013000 08:04 1052910                    /usr/lib/x86_64-linux-gnu/libtasn1.so.6.2.0
7fac4a27f000-7fac4a2fb000 r-xp 00000000 08:04 3023628                    /lib/x86_64-linux-gnu/libgcrypt.so.11.8.2
7fac4a2fb000-7fac4a4fb000 ---p 0007c000 08:04 3023628                    /lib/x86_64-linux-gnu/libgcrypt.so.11.8.2
7fac4a4fb000-7fac4a4fc000 r--p 0007c000 08:04 3023628                    /lib/x86_64-linux-gnu/libgcrypt.so.11.8.2
7fac4a4fc000-7fac4a4ff000 rw-p 0007d000 08:04 3023628                    /lib/x86_64-linux-gnu/libgcrypt.so.11.8.2
7fac4a4ff000-7fac4a509000 r-xp 00000000 08:04 1057356                    /usr/lib/x86_64-linux-gnu/libkrb5support.so.0.1
7fac4a509000-7fac4a708000 ---p 0000a000 08:04 1057356                    /usr/lib/x86_64-linux-gnu/libkrb5support.so.0.1
7fac4a708000-7fac4a709000 r--p 00009000 08:04 1057356                    /usr/lib/x86_64-linux-gnu/libkrb5support.so.0.1
7fac4a709000-7fac4a70a000 rw-p 0000a000 08:04 1057356                    /usr/lib/x86_64-linux-gnu/libkrb5support.so.0.1
7fac4a70a000-7fac4a70d000 r-xp 00000000 08:04 3023614                    /lib/x86_64-linux-gnu/libcom_err.so.2.1
7fac4a70d000-7fac4a90c000 ---p 00003000 08:04 3023614                    /lib/x86_64-linux-gnu/libcom_err.so.2.1
7fac4a90c000-7fac4a90d000 r--p 00002000 08:04 3023614                    /lib/x86_64-linux-gnu/libcom_err.so.2.1
7fac4a90d000-7fac4a90e000 rw-p 00003000 08:04 3023614                    /lib/x86_64-linux-gnu/libcom_err.so.2.1
7fac4a90e000-7fac4a93a000 r-xp 00000000 08:04 1059027                    /usr/lib/x86_64-linux-gnu/libk5crypto.so.3.1
7fac4a93a000-7fac4ab39000 ---p 0002c000 08:04 1059027                    /usr/lib/x86_64-linux-gnu/libk5crypto.so.3.1
7fac4ab39000-7fac4ab3b000 r--p 0002b000 08:04 1059027                    /usr/lib/x86_64-linux-gnu/libk5crypto.so.3.1
7fac4ab3b000-7fac4ab3c000 rw-p 0002d000 08:04 1059027                    /usr/lib/x86_64-linux-gnu/libk5crypto.so.3.1
7fac4ab3c000-7fac4ab3d000 rw-p 00000000 00:00 0 
7fac4ab3d000-7fac4abf9000 r-xp 00000000 08:04 1057249                    /usr/lib/x86_64-linux-gnu/libkrb5.so.3.3
7fac4abf9000-7fac4adf9000 ---p 000bc000 08:04 1057249                    /usr/lib/x86_64-linux-gnu/libkrb5.so.3.3
7fac4adf9000-7fac4ae06000 r--p 000bc000 08:04 1057249                    /usr/lib/x86_64-linux-gnu/libkrb5.so.3.3
7fac4ae06000-7fac4ae08000 rw-p 000c9000 08:04 1057249                    /usr/lib/x86_64-linux-gnu/libkrb5.so.3.3
7fac4ae08000-7fac4ae0d000 r-xp 00000000 08:04 1056850                    /usr/lib/x86_64-linux-gnu/libXdmcp.so.6.0.0
7fac4ae0d000-7fac4b00c000 ---p 00005000 08:04 1056850                    /usr/lib/x86_64-linux-gnu/libXdmcp.so.6.0.0
7fac4b00c000-7fac4b00d000 r--p 00004000 08:04 1056850                    /usr/lib/x86_64-linux-gnu/libXdmcp.so.6.0.0
7fac4b00d000-7fac4b00e000 rw-p 00005000 08:04 1056850                    /usr/lib/x86_64-linux-gnu/libXdmcp.so.6.0.0
7fac4b00e000-7fac4b010000 r-xp 00000000 08:04 1056839                    /usr/lib/x86_64-linux-gnu/libXau.so.6.0.0
7fac4b010000-7fac4b210000 ---p 00002000 08:04 1056839                    /usr/lib/x86_64-linux-gnu/libXau.so.6.0.0
7fac4b210000-7fac4b211000 r--p 00002000 08:04 1056839                    /usr/lib/x86_64-linux-gnu/libXau.so.6.0.0
7fac4b211000-7fac4b212000 rw-p 00003000 08:04 1056839                    /usr/lib/x86_64-linux-gnu/libXau.so.6.0.0
7fac4b212000-7fac4b239000 r-xp 00000000 08:04 3023625                    /lib/x86_64-linux-gnu/libexpat.so.1.6.0
7fac4b239000-7fac4b439000 ---p 00027000 08:04 3023625                    /lib/x86_64-linux-gnu/libexpat.so.1.6.0
7fac4b439000-7fac4b43b000 r--p 00027000 08:04 3023625                    /lib/x86_64-linux-gnu/libexpat.so.1.6.0
7fac4b43b000-7fac4b43c000 rw-p 00029000 08:04 3023625                    /lib/x86_64-linux-gnu/libexpat.so.1.6.0
7fac4b43c000-7fac4b4d9000 r-xp 00000000 08:04 1059779                    /usr/lib/x86_64-linux-gnu/libfreetype.so.6.11.1
7fac4b4d9000-7fac4b6d8000 ---p 0009d000 08:04 1059779                    /usr/lib/x86_64-linux-gnu/libfreetype.so.6.11.1
7fac4b6d8000-7fac4b6de000 r--p 0009c000 08:04 1059779                    /usr/lib/x86_64-linux-gnu/libfreetype.so.6.11.1
7fac4b6de000-7fac4b6df000 rw-p 000a2000 08:04 1059779                    /usr/lib/x86_64-linux-gnu/libfreetype.so.6.11.1
7fac4b6df000-7fac4b6ee000 r-xp 00000000 08:04 1056943                    /usr/lib/x86_64-linux-gnu/libavahi-client.so.3.2.9
7fac4b6ee000-7fac4b8ee000 ---p 0000f000 08:04 1056943                    /usr/lib/x86_64-linux-gnu/libavahi-client.so.3.2.9
7fac4b8ee000-7fac4b8ef000 r--p 0000f000 08:04 1056943                    /usr/lib/x86_64-linux-gnu/libavahi-client.so.3.2.9
7fac4b8ef000-7fac4b8f0000 rw-p 00010000 08:04 1056943                    /usr/lib/x86_64-linux-gnu/libavahi-client.so.3.2.9
7fac4b8f0000-7fac4b8fb000 r-xp 00000000 08:04 1056945                    /usr/lib/x86_64-linux-gnu/libavahi-common.so.3.5.3
7fac4b8fb000-7fac4bafa000 ---p 0000b000 08:04 1056945                    /usr/lib/x86_64-linux-gnu/libavahi-common.so.3.5.3
7fac4bafa000-7fac4bafb000 r--p 0000a000 08:04 1056945                    /usr/lib/x86_64-linux-gnu/libavahi-common.so.3.5.3
7fac4bafb000-7fac4bafc000 rw-p 0000b000 08:04 1056945                    /usr/lib/x86_64-linux-gnu/libavahi-common.so.3.5.3
7fac4bafc000-7fac4bbb2000 r-xp 00000000 08:04 1052914                    /usr/lib/x86_64-linux-gnu/libgnutls.so.26.22.6
7fac4bbb2000-7fac4bdb2000 ---p 000b6000 08:04 1052914                    /usr/lib/x86_64-linux-gnu/libgnutls.so.26.22.6
7fac4bdb2000-7fac4bdb8000 r--p 000b6000 08:04 1052914                    /usr/lib/x86_64-linux-gnu/libgnutls.so.26.22.6
7fac4bdb8000-7fac4bdb9000 rw-p 000bc000 08:04 1052914                    /usr/lib/x86_64-linux-gnu/libgnutls.so.26.22.6
7fac4bdb9000-7fac4bdba000 rw-p 00000000 00:00 0 
7fac4bdba000-7fac4bdfd000 r-xp 00000000 08:04 1057219                    /usr/lib/x86_64-linux-gnu/libgssapi_krb5.so.2.2
7fac4bdfd000-7fac4bffd000 ---p 00043000 08:04 1057219                    /usr/lib/x86_64-linux-gnu/libgssapi_krb5.so.2.2
7fac4bffd000-7fac4bffe000 r--p 00043000 08:04 1057219                    /usr/lib/x86_64-linux-gnu/libgssapi_krb5.so.2.2
7fac4bffe000-7fac4c000000 rw-p 00044000 08:04 1057219                    /usr/lib/x86_64-linux-gnu/libgssapi_krb5.so.2.2
7fac4c000000-7fac4c021000 rw-p 00000000 00:00 0 
7fac4c021000-7fac50000000 ---p 00000000 00:00 0 
7fac50000000-7fac50001000 r--s 00000000 08:04 4084982                    /var/cache/fontconfig/406a1d2d2bf3ed7664fbadefac0b2f66-le64.cache-4
7fac50001000-7fac50014000 r--s 00000000 08:04 4084970                    /var/cache/fontconfig/4ac51e5cfbc76fc3f983e470323a16d3-le64.cache-4
7fac50014000-7fac50025000 r--s 00000000 08:04 1968585                    /usr/share/fonts/type1/gsfonts/n019023l.pfb
7fac50025000-7fac50028000 ---p 00000000 00:00 0 
7fac50028000-7fac50126000 rw-p 00000000 00:00 0                          [stack:6742]
7fac50126000-7fac50143000 r-xp 00000000 08:04 1057909                    /usr/lib/x86_64-linux-gnu/libxcb.so.1.1.0
7fac50143000-7fac50343000 ---p 0001d000 08:04 1057909                    /usr/lib/x86_64-linux-gnu/libxcb.so.1.1.0
7fac50343000-7fac50344000 r--p 0001d000 08:04 1057909                    /usr/lib/x86_64-linux-gnu/libxcb.so.1.1.0
7fac50344000-7fac50345000 rw-p 0001e000 08:04 1057909                    /usr/lib/x86_64-linux-gnu/libxcb.so.1.1.0
7fac50345000-7fac5037f000 r-xp 00000000 08:04 1057131                    /usr/lib/x86_64-linux-gnu/libfontconfig.so.1.8.0
7fac5037f000-7fac5057e000 ---p 0003a000 08:04 1057131                    /usr/lib/x86_64-linux-gnu/libfontconfig.so.1.8.0
7fac5057e000-7fac50580000 r--p 00039000 08:04 1057131                    /usr/lib/x86_64-linux-gnu/libfontconfig.so.1.8.0
7fac50580000-7fac50581000 rw-p 0003b000 08:04 1057131                    /usr/lib/x86_64-linux-gnu/libfontconfig.so.1.8.0
7fac50581000-7fac505ed000 r-xp 00000000 08:04 1049446                    /usr/lib/x86_64-linux-gnu/libcups.so.2
7fac505ed000-7fac507ed000 ---p 0006c000 08:04 1049446                    /usr/lib/x86_64-linux-gnu/libcups.so.2
7fac507ed000-7fac507f4000 r--p 0006c000 08:04 1049446                    /usr/lib/x86_64-linux-gnu/libcups.so.2
7fac507f4000-7fac507f5000 rw-p 00073000 08:04 1049446                    /usr/lib/x86_64-linux-gnu/libcups.so.2
7fac507f5000-7fac50804000 r-xp 00000000 08:04 1059969                    /usr/lib/x86_64-linux-gnu/libXi.so.6.1.0
7fac50804000-7fac50a03000 ---p 0000f000 08:04 1059969                    /usr/lib/x86_64-linux-gnu/libXi.so.6.1.0
7fac50a03000-7fac50a04000 r--p 0000e000 08:04 1059969                    /usr/lib/x86_64-linux-gnu/libXi.so.6.1.0
7fac50a04000-7fac50a05000 rw-p 0000f000 08:04 1059969                    /usr/lib/x86_64-linux-gnu/libXi.so.6.1.0
7fac50a05000-7fac50a0a000 r-xp 00000000 08:04 1056880                    /usr/lib/x86_64-linux-gnu/libXtst.so.6.1.0
7fac50a0a000-7fac50c09000 ---p 00005000 08:04 1056880                    /usr/lib/x86_64-linux-gnu/libXtst.so.6.1.0
7fac50c09000-7fac50c0a000 r--p 00004000 08:04 1056880                    /usr/lib/x86_64-linux-gnu/libXtst.so.6.1.0
7fac50c0a000-7fac50c0b000 rw-p 00005000 08:04 1056880                    /usr/lib/x86_64-linux-gnu/libXtst.so.6.1.0
7fac50c0b000-7fac50c14000 r-xp 00000000 08:04 1056820                    /usr/lib/x86_64-linux-gnu/libXrender.so.1.3.0
7fac50c14000-7fac50e13000 ---p 00009000 08:04 1056820                    /usr/lib/x86_64-linux-gnu/libXrender.so.1.3.0
7fac50e13000-7fac50e14000 r--p 00008000 08:04 1056820                    /usr/lib/x86_64-linux-gnu/libXrender.so.1.3.0
7fac50e14000-7fac50e15000 rw-p 00009000 08:04 1056820                    /usr/lib/x86_64-linux-gnu/libXrender.so.1.3.0
7fac50e15000-7fac50f45000 r-xp 00000000 08:04 1056835                    /usr/lib/x86_64-linux-gnu/libX11.so.6.3.0
7fac50f45000-7fac51145000 ---p 00130000 08:04 1056835                    /usr/lib/x86_64-linux-gnu/libX11.so.6.3.0
7fac51145000-7fac51146000 r--p 00130000 08:04 1056835                    /usr/lib/x86_64-linux-gnu/libX11.so.6.3.0
7fac51146000-7fac5114a000 rw-p 00131000 08:04 1056835                    /usr/lib/x86_64-linux-gnu/libX11.so.6.3.0
7fac5114a000-7fac5115b000 r-xp 00000000 08:04 1059909                    /usr/lib/x86_64-linux-gnu/libXext.so.6.4.0
7fac5115b000-7fac5135a000 ---p 00011000 08:04 1059909                    /usr/lib/x86_64-linux-gnu/libXext.so.6.4.0
7fac5135a000-7fac5135b000 r--p 00010000 08:04 1059909                    /usr/lib/x86_64-linux-gnu/libXext.so.6.4.0
7fac5135b000-7fac5135c000 rw-p 00011000 08:04 1059909                    /usr/lib/x86_64-linux-gnu/libXext.so.6.4.0
7fac5135c000-7fac5135d000 r--s 00000000 08:04 4063303                    /var/cache/fontconfig/0c9eb80ebd1c36541ebe2852d3bb0c49-le64.cache-4
7fac5135d000-7fac51361000 r--s 00000000 08:04 4084972                    /var/cache/fontconfig/d6c6df98c3df5faf9bd0f8ef4d91efe5-le64.cache-4
7fac51361000-7fac51365000 r--s 00000000 08:04 4084971                    /var/cache/fontconfig/9fb319ef52839f11ee26ab8b4cffa12b-le64.cache-4
7fac51365000-7fac5136a000 r--s 00000000 08:04 4071671                    /var/cache/fontconfig/7ef2298fde41cc6eeb7af42e48b7d293-le64.cache-4
7fac5136a000-7fac51388000 r--s 00000000 08:04 4079928                    /var/cache/fontconfig/467c019e582ee353435ea5c21d137ef6-le64.cache-4
7fac51388000-7fac513d0000 r-xp 00000000 08:04 1842970                    /usr/lib/jvm/java-7-openjdk-amd64/jre/lib/amd64/xawt/libmawt.so
7fac513d0000-7fac515cf000 ---p 00048000 08:04 1842970                    /usr/lib/jvm/java-7-openjdk-amd64/jre/lib/amd64/xawt/libmawt.so
7fac515cf000-7fac515d0000 r--p 00047000 08:04 1842970                    /usr/lib/jvm/java-7-openjdk-amd64/jre/lib/amd64/xawt/libmawt.so
7fac515d0000-7fac515d3000 rw-p 00048000 08:04 1842970                    /usr/lib/jvm/java-7-openjdk-amd64/jre/lib/amd64/xawt/libmawt.so
7fac515d3000-7fac515d4000 rw-p 00000000 00:00 0 
7fac515d4000-7fac51674000 r-xp 00000000 08:04 1842899                    /usr/lib/jvm/java-7-openjdk-amd64/jre/lib/amd64/libawt.so
7fac51674000-7fac51874000 ---p 000a0000 08:04 1842899                    /usr/lib/jvm/java-7-openjdk-amd64/jre/lib/amd64/libawt.so
7fac51874000-7fac51875000 r--p 000a0000 08:04 1842899                    /usr/lib/jvm/java-7-openjdk-amd64/jre/lib/amd64/libawt.so
7fac51875000-7fac51880000 rw-p 000a1000 08:04 1842899                    /usr/lib/jvm/java-7-openjdk-amd64/jre/lib/amd64/libawt.so
7fac51880000-7fac518a5000 rw-p 00000000 00:00 0 
7fac518a5000-7fac518a8000 ---p 00000000 00:00 0 
7fac518a8000-7fac519a6000 rw-p 00000000 00:00 0                          [stack:6741]
7fac519a6000-7fac519a9000 ---p 00000000 00:00 0 
7fac519a9000-7fac51aa7000 rw-p 00000000 00:00 0                          [stack:6740]
7fac51aa7000-7fac51aaa000 ---p 00000000 00:00 0 
7fac51aaa000-7fac51ba8000 rw-p 00000000 00:00 0                          [stack:6739]
7fac51ba8000-7fac51bab000 ---p 00000000 00:00 0 
7fac51bab000-7fac51ca9000 rw-p 00000000 00:00 0                          [stack:6738]
7fac51ca9000-7fac51ce6000 r-xp 00000000 08:04 3023619                    /lib/x86_64-linux-gnu/libpcre.so.3.13.1
7fac51ce6000-7fac51ee5000 ---p 0003d000 08:04 3023619                    /lib/x86_64-linux-gnu/libpcre.so.3.13.1
7fac51ee5000-7fac51ee6000 r--p 0003c000 08:04 3023619                    /lib/x86_64-linux-gnu/libpcre.so.3.13.1
7fac51ee6000-7fac51ee7000 rw-p 0003d000 08:04 3023619                    /lib/x86_64-linux-gnu/libpcre.so.3.13.1
7fac51ee7000-7fac51eee000 r-xp 00000000 08:04 1057117                    /usr/lib/x86_64-linux-gnu/libffi.so.6.0.1
7fac51eee000-7fac520ed000 ---p 00007000 08:04 1057117                    /usr/lib/x86_64-linux-gnu/libffi.so.6.0.1
7fac520ed000-7fac520ee000 r--p 00006000 08:04 1057117                    /usr/lib/x86_64-linux-gnu/libffi.so.6.0.1
7fac520ee000-7fac520ef000 rw-p 00007000 08:04 1057117                    /usr/lib/x86_64-linux-gnu/libffi.so.6.0.1
7fac520ef000-7fac52106000 r-xp 00000000 08:04 3023556                    /lib/x86_64-linux-gnu/libresolv-2.19.so
7fac52106000-7fac52306000 ---p 00017000 08:04 3023556                    /lib/x86_64-linux-gnu/libresolv-2.19.so
7fac52306000-7fac52307000 r--p 00017000 08:04 3023556                    /lib/x86_64-linux-gnu/libresolv-2.19.so
7fac52307000-7fac52308000 rw-p 00018000 08:04 3023556                    /lib/x86_64-linux-gnu/libresolv-2.19.so
7fac52308000-7fac5230a000 rw-p 00000000 00:00 0 
7fac5230a000-7fac5232a000 r-xp 00000000 08:04 3018823                    /lib/x86_64-linux-gnu/libselinux.so.1
7fac5232a000-7fac52529000 ---p 00020000 08:04 3018823                    /lib/x86_64-linux-gnu/libselinux.so.1
7fac52529000-7fac5252a000 r--p 0001f000 08:04 3018823                    /lib/x86_64-linux-gnu/libselinux.so.1
7fac5252a000-7fac5252b000 rw-p 00020000 08:04 3018823                    /lib/x86_64-linux-gnu/libselinux.so.1
7fac5252b000-7fac5252d000 rw-p 00000000 00:00 0 
7fac5252d000-7fac52530000 r-xp 00000000 08:04 1048940                    /usr/lib/x86_64-linux-gnu/libgmodule-2.0.so.0.4002.0
7fac52530000-7fac5272f000 ---p 00003000 08:04 1048940                    /usr/lib/x86_64-linux-gnu/libgmodule-2.0.so.0.4002.0
7fac5272f000-7fac52730000 r--p 00002000 08:04 1048940                    /usr/lib/x86_64-linux-gnu/libgmodule-2.0.so.0.4002.0
7fac52730000-7fac52731000 rw-p 00003000 08:04 1048940                    /usr/lib/x86_64-linux-gnu/libgmodule-2.0.so.0.4002.0
7fac52731000-7fac52837000 r-xp 00000000 08:04 3020247                    /lib/x86_64-linux-gnu/libglib-2.0.so.0.4002.0
7fac52837000-7fac52a36000 ---p 00106000 08:04 3020247                    /lib/x86_64-linux-gnu/libglib-2.0.so.0.4002.0
7fac52a36000-7fac52a37000 r--p 00105000 08:04 3020247                    /lib/x86_64-linux-gnu/libglib-2.0.so.0.4002.0
7fac52a37000-7fac52a38000 rw-p 00106000 08:04 3020247                    /lib/x86_64-linux-gnu/libglib-2.0.so.0.4002.0
7fac52a38000-7fac52a39000 rw-p 00000000 00:00 0 
7fac52a39000-7fac52a88000 r-xp 00000000 08:04 1048958                    /usr/lib/x86_64-linux-gnu/libgobject-2.0.so.0.4002.0
7fac52a88000-7fac52c88000 ---p 0004f000 08:04 1048958                    /usr/lib/x86_64-linux-gnu/libgobject-2.0.so.0.4002.0
7fac52c88000-7fac52c89000 r--p 0004f000 08:04 1048958                    /usr/lib/x86_64-linux-gnu/libgobject-2.0.so.0.4002.0
7fac52c89000-7fac52c8a000 rw-p 00050000 08:04 1048958                    /usr/lib/x86_64-linux-gnu/libgobject-2.0.so.0.4002.0
7fac52c8a000-7fac52df6000 r-xp 00000000 08:04 1048962                    /usr/lib/x86_64-linux-gnu/libgio-2.0.so.0.4002.0
7fac52df6000-7fac52ff5000 ---p 0016c000 08:04 1048962                    /usr/lib/x86_64-linux-gnu/libgio-2.0.so.0.4002.0
7fac52ff5000-7fac52ff9000 r--p 0016b000 08:04 1048962                    /usr/lib/x86_64-linux-gnu/libgio-2.0.so.0.4002.0
7fac52ff9000-7fac52ffb000 rw-p 0016f000 08:04 1048962                    /usr/lib/x86_64-linux-gnu/libgio-2.0.so.0.4002.0
7fac52ffb000-7fac52ffd000 rw-p 00000000 00:00 0 
7fac52ffd000-7fac53014000 r-xp 00000000 08:04 1842928                    /usr/lib/jvm/java-7-openjdk-amd64/jre/lib/amd64/libnet.so
7fac53014000-7fac53213000 ---p 00017000 08:04 1842928                    /usr/lib/jvm/java-7-openjdk-amd64/jre/lib/amd64/libnet.so
7fac53213000-7fac53214000 r--p 00016000 08:04 1842928                    /usr/lib/jvm/java-7-openjdk-amd64/jre/lib/amd64/libnet.so
7fac53214000-7fac53215000 rw-p 00017000 08:04 1842928                    /usr/lib/jvm/java-7-openjdk-amd64/jre/lib/amd64/libnet.so
7fac53215000-7fac53216000 ---p 00000000 00:00 0 
7fac53216000-7fac53316000 rw-p 00000000 00:00 0                          [stack:6737]
7fac53316000-7fac53319000 ---p 00000000 00:00 0 
7fac53319000-7fac53417000 rw-p 00000000 00:00 0                          [stack:6736]
7fac53417000-7fac5341a000 ---p 00000000 00:00 0 
7fac5341a000-7fac53518000 rw-p 00000000 00:00 0                          [stack:6735]
7fac53518000-7fac5351b000 ---p 00000000 00:00 0 
7fac5351b000-7fac53619000 rw-p 00000000 00:00 0                          [stack:6734]
7fac53619000-7fac5361c000 ---p 00000000 00:00 0 
7fac5361c000-7fac5371a000 rw-p 00000000 00:00 0                          [stack:6733]
7fac5371a000-7fac53dfe000 r--p 00000000 08:04 1055749                    /usr/lib/locale/locale-archive
7fac53dfe000-7fac53e01000 ---p 00000000 00:00 0 
7fac53e01000-7fac53eff000 rw-p 00000000 00:00 0                          [stack:6732]
7fac53eff000-7fac53f02000 ---p 00000000 00:00 0 
7fac53f02000-7fac54000000 rw-p 00000000 00:00 0                          [stack:6731]
7fac54000000-7fac54021000 rw-p 00000000 00:00 0 
7fac54021000-7fac58000000 ---p 00000000 00:00 0 
7fac58000000-7fac58001000 r--s 00000000 08:04 4084976                    /var/cache/fontconfig/3334a778d104e76d188e9df399bc24d2-le64.cache-4
7fac58001000-7fac58004000 r--s 00000000 08:04 4084969                    /var/cache/fontconfig/c19b55eb3b4c5b40ea175e31682068a5-le64.cache-4
7fac58004000-7fac58011000 r--s 00000000 08:04 4085005                    /var/cache/fontconfig/8f02d4cb045bd6ce15663e43f347c9f8-le64.cache-4
7fac58011000-7fac5801b000 r--s 000ae000 08:04 1842934                    /usr/lib/jvm/java-7-openjdk-amd64/jre/lib/resources.jar
7fac5801b000-7fac58034000 r--s 00135000 08:04 2763556                    /home/ghizlane/workspace/ABT-cf/lib/jdom-2.0.5/lib/xercesImpl.jar
7fac58034000-7fac58073000 r--s 002ff000 08:04 2267362                    /home/ghizlane/workspace/ABT-cf/lib/choco-solver-2.1.5.jar
7fac58073000-7fac580a4000 rw-p 00000000 00:00 0 
7fac580a4000-7fac580a7000 r--s 00000000 08:04 4084967                    /var/cache/fontconfig/de83a0a961185c8bd1f159015d56c039-le64.cache-4
7fac580a7000-7fac580b0000 r--s 0002d000 08:04 2763557                    /home/ghizlane/workspace/ABT-cf/lib/jdom-2.0.5/lib/xml-apis.jar
7fac580b0000-7fac580b6000 r--s 00033000 08:04 2763553                    /home/ghizlane/workspace/ABT-cf/lib/jdom-2.0.5/lib/jaxen-1.1.6.jar
7fac580b6000-7fac580bf000 r--s 000c5000 08:04 2635497                    /home/ghizlane/workspace/ABT-cf/lib/jdom-2.0.5/jdom-2.0.5-sources.jar
7fac580bf000-7fac580c7000 r--s 0006e000 08:04 2635494                    /home/ghizlane/workspace/ABT-cf/lib/jdom-2.0.5/jdom-2.0.5-junit.jar
7fac580c7000-7fac580d0000 r--s 000ef000 08:04 2635492                    /home/ghizlane/workspace/ABT-cf/lib/jdom-2.0.5/jdom-2.0.5-javadoc.jar
7fac580d0000-7fac580d1000 ---p 00000000 00:00 0 
7fac580d1000-7fac59000000 rw-p 00000000 00:00 0                          [stack:6730]
7fac59000000-7fac59270000 rwxp 00000000 00:00 0 
7fac59270000-7fac5c38d000 rw-p 00000000 00:00 0 
7fac5c38d000-7fac60000000 ---p 00000000 00:00 0 
7fac60000000-7fac60001000 r--s 00000000 08:04 4084968                    /var/cache/fontconfig/c277e94e32b20404286a1ddafa5a80f0-le64.cache-4
7fac60001000-7fac60007000 r--s 00044000 08:04 2635500                    /home/ghizlane/workspace/ABT-cf/lib/jdom-2.0.5/jdom-2.0.5.jar
7fac60007000-7fac601d5000 rw-p 00000000 00:00 0 
7fac601d5000-7fac60387000 r--s 01d30000 08:04 1842886                    /usr/lib/jvm/java-7-openjdk-amd64/jre/lib/rt.jar
7fac60387000-7fac62020000 rw-p 00000000 00:00 0 
7fac62020000-7fac62021000 ---p 00000000 00:00 0 
7fac62021000-7fac62121000 rw-p 00000000 00:00 0                          [stack:6729]
7fac62121000-7fac62122000 ---p 00000000 00:00 0 
7fac62122000-7fac62222000 rw-p 00000000 00:00 0                          [stack:6728]
7fac62222000-7fac62223000 ---p 00000000 00:00 0 
7fac62223000-7fac62323000 rw-p 00000000 00:00 0                          [stack:6727]
7fac62323000-7fac62324000 ---p 00000000 00:00 0 
7fac62324000-7fac62430000 rw-p 00000000 00:00 0                          [stack:6726]
7fac62430000-7fac62477000 rw-p 00000000 00:00 0 
7fac62477000-7fac62481000 rw-p 00000000 00:00 0 
7fac62481000-7fac62555000 rw-p 00000000 00:00 0 
7fac62555000-7fac62561000 rw-p 00000000 00:00 0 
7fac62561000-7fac625a8000 rw-p 00000000 00:00 0 
7fac625a8000-7fac625b2000 rw-p 00000000 00:00 0 
7fac625b2000-7fac62686000 rw-p 00000000 00:00 0 
7fac62686000-7fac626e9000 rw-p 00000000 00:00 0 
7fac626e9000-7fac626f3000 ---p 00000000 00:00 0 
7fac626f3000-7fac626f5000 rw-p 00000000 00:00 0 
7fac626f5000-7fac626f6000 rw-p 00000000 00:00 0 
7fac626f6000-7fac626fe000 r-xp 00000000 08:04 1842898                    /usr/lib/jvm/java-7-openjdk-amd64/jre/lib/amd64/libzip.so
7fac626fe000-7fac628fd000 ---p 00008000 08:04 1842898                    /usr/lib/jvm/java-7-openjdk-amd64/jre/lib/amd64/libzip.so
7fac628fd000-7fac628fe000 r--p 00007000 08:04 1842898                    /usr/lib/jvm/java-7-openjdk-amd64/jre/lib/amd64/libzip.so
7fac628fe000-7fac628ff000 rw-p 00008000 08:04 1842898                    /usr/lib/jvm/java-7-openjdk-amd64/jre/lib/amd64/libzip.so
7fac628ff000-7fac6290a000 r-xp 00000000 08:04 3023558                    /lib/x86_64-linux-gnu/libnss_files-2.19.so
7fac6290a000-7fac62b09000 ---p 0000b000 08:04 3023558                    /lib/x86_64-linux-gnu/libnss_files-2.19.so
7fac62b09000-7fac62b0a000 r--p 0000a000 08:04 3023558                    /lib/x86_64-linux-gnu/libnss_files-2.19.so
7fac62b0a000-7fac62b0b000 rw-p 0000b000 08:04 3023558                    /lib/x86_64-linux-gnu/libnss_files-2.19.so
7fac62b0b000-7fac62b16000 r-xp 00000000 08:04 3023578                    /lib/x86_64-linux-gnu/libnss_nis-2.19.so
7fac62b16000-7fac62d15000 ---p 0000b000 08:04 3023578                    /lib/x86_64-linux-gnu/libnss_nis-2.19.so
7fac62d15000-7fac62d16000 r--p 0000a000 08:04 3023578                    /lib/x86_64-linux-gnu/libnss_nis-2.19.so
7fac62d16000-7fac62d17000 rw-p 0000b000 08:04 3023578                    /lib/x86_64-linux-gnu/libnss_nis-2.19.so
7fac62d17000-7fac62d2e000 r-xp 00000000 08:04 3023567                    /lib/x86_64-linux-gnu/libnsl-2.19.so
7fac62d2e000-7fac62f2d000 ---p 00017000 08:04 3023567                    /lib/x86_64-linux-gnu/libnsl-2.19.so
7fac62f2d000-7fac62f2e000 r--p 00016000 08:04 3023567                    /lib/x86_64-linux-gnu/libnsl-2.19.so
7fac62f2e000-7fac62f2f000 rw-p 00017000 08:04 3023567                    /lib/x86_64-linux-gnu/libnsl-2.19.so
7fac62f2f000-7fac62f31000 rw-p 00000000 00:00 0 
7fac62f31000-7fac62f3a000 r-xp 00000000 08:04 3023566                    /lib/x86_64-linux-gnu/libnss_compat-2.19.so
7fac62f3a000-7fac63139000 ---p 00009000 08:04 3023566                    /lib/x86_64-linux-gnu/libnss_compat-2.19.so
7fac63139000-7fac6313a000 r--p 00008000 08:04 3023566                    /lib/x86_64-linux-gnu/libnss_compat-2.19.so
7fac6313a000-7fac6313b000 rw-p 00009000 08:04 3023566                    /lib/x86_64-linux-gnu/libnss_compat-2.19.so
7fac6313b000-7fac63166000 r-xp 00000000 08:04 1842907                    /usr/lib/jvm/java-7-openjdk-amd64/jre/lib/amd64/libjava.so
7fac63166000-7fac63366000 ---p 0002b000 08:04 1842907                    /usr/lib/jvm/java-7-openjdk-amd64/jre/lib/amd64/libjava.so
7fac63366000-7fac63367000 r--p 0002b000 08:04 1842907                    /usr/lib/jvm/java-7-openjdk-amd64/jre/lib/amd64/libjava.so
7fac63367000-7fac63369000 rw-p 0002c000 08:04 1842907                    /usr/lib/jvm/java-7-openjdk-amd64/jre/lib/amd64/libjava.so
7fac63369000-7fac63379000 r-xp 00000000 08:04 1842925                    /usr/lib/jvm/java-7-openjdk-amd64/jre/lib/amd64/libverify.so
7fac63379000-7fac63578000 ---p 00010000 08:04 1842925                    /usr/lib/jvm/java-7-openjdk-amd64/jre/lib/amd64/libverify.so
7fac63578000-7fac6357a000 r--p 0000f000 08:04 1842925                    /usr/lib/jvm/java-7-openjdk-amd64/jre/lib/amd64/libverify.so
7fac6357a000-7fac6357b000 rw-p 00011000 08:04 1842925                    /usr/lib/jvm/java-7-openjdk-amd64/jre/lib/amd64/libverify.so
7fac6357b000-7fac63582000 r-xp 00000000 08:04 3023575                    /lib/x86_64-linux-gnu/librt-2.19.so
7fac63582000-7fac63781000 ---p 00007000 08:04 3023575                    /lib/x86_64-linux-gnu/librt-2.19.so
7fac63781000-7fac63782000 r--p 00006000 08:04 3023575                    /lib/x86_64-linux-gnu/librt-2.19.so
7fac63782000-7fac63783000 rw-p 00007000 08:04 3023575                    /lib/x86_64-linux-gnu/librt-2.19.so
7fac63783000-7fac63799000 r-xp 00000000 08:04 3018670                    /lib/x86_64-linux-gnu/libgcc_s.so.1
7fac63799000-7fac63998000 ---p 00016000 08:04 3018670                    /lib/x86_64-linux-gnu/libgcc_s.so.1
7fac63998000-7fac63999000 rw-p 00015000 08:04 3018670                    /lib/x86_64-linux-gnu/libgcc_s.so.1
7fac63999000-7fac63a9e000 r-xp 00000000 08:04 3023557                    /lib/x86_64-linux-gnu/libm-2.19.so
7fac63a9e000-7fac63c9d000 ---p 00105000 08:04 3023557                    /lib/x86_64-linux-gnu/libm-2.19.so
7fac63c9d000-7fac63c9e000 r--p 00104000 08:04 3023557                    /lib/x86_64-linux-gnu/libm-2.19.so
7fac63c9e000-7fac63c9f000 rw-p 00105000 08:04 3023557                    /lib/x86_64-linux-gnu/libm-2.19.so
7fac63c9f000-7fac63d85000 r-xp 00000000 08:04 1052839                    /usr/lib/x86_64-linux-gnu/libstdc++.so.6.0.19
7fac63d85000-7fac63f84000 ---p 000e6000 08:04 1052839                    /usr/lib/x86_64-linux-gnu/libstdc++.so.6.0.19
7fac63f84000-7fac63f8c000 r--p 000e5000 08:04 1052839                    /usr/lib/x86_64-linux-gnu/libstdc++.so.6.0.19
7fac63f8c000-7fac63f8e000 rw-p 000ed000 08:04 1052839                    /usr/lib/x86_64-linux-gnu/libstdc++.so.6.0.19
7fac63f8e000-7fac63fa3000 rw-p 00000000 00:00 0 
7fac63fa3000-7fac64ac7000 r-xp 00000000 08:04 1842915                    /usr/lib/jvm/java-7-openjdk-amd64/jre/lib/amd64/server/libjvm.so
7fac64ac7000-7fac64cc6000 ---p 00b24000 08:04 1842915                    /usr/lib/jvm/java-7-openjdk-amd64/jre/lib/amd64/server/libjvm.so
7fac64cc6000-7fac64d60000 r--p 00b23000 08:04 1842915                    /usr/lib/jvm/java-7-openjdk-amd64/jre/lib/amd64/server/libjvm.so
7fac64d60000-7fac64d83000 rw-p 00bbd000 08:04 1842915                    /usr/lib/jvm/java-7-openjdk-amd64/jre/lib/amd64/server/libjvm.so
7fac64d83000-7fac64db1000 rw-p 00000000 00:00 0 
7fac64db1000-7fac64dc9000 r-xp 00000000 08:04 3018856                    /lib/x86_64-linux-gnu/libz.so.1.2.8
7fac64dc9000-7fac64fc8000 ---p 00018000 08:04 3018856                    /lib/x86_64-linux-gnu/libz.so.1.2.8
7fac64fc8000-7fac64fc9000 r--p 00017000 08:04 3018856                    /lib/x86_64-linux-gnu/libz.so.1.2.8
7fac64fc9000-7fac64fca000 rw-p 00018000 08:04 3018856                    /lib/x86_64-linux-gnu/libz.so.1.2.8
7fac64fca000-7fac64fe3000 r-xp 00000000 08:04 3023573                    /lib/x86_64-linux-gnu/libpthread-2.19.so
7fac64fe3000-7fac651e2000 ---p 00019000 08:04 3023573                    /lib/x86_64-linux-gnu/libpthread-2.19.so
7fac651e2000-7fac651e3000 r--p 00018000 08:04 3023573                    /lib/x86_64-linux-gnu/libpthread-2.19.so
7fac651e3000-7fac651e4000 rw-p 00019000 08:04 3023573                    /lib/x86_64-linux-gnu/libpthread-2.19.so
7fac651e4000-7fac651e8000 rw-p 00000000 00:00 0 
7fac651e8000-7fac651eb000 r-xp 00000000 08:04 3023561                    /lib/x86_64-linux-gnu/libdl-2.19.so
7fac651eb000-7fac653ea000 ---p 00003000 08:04 3023561                    /lib/x86_64-linux-gnu/libdl-2.19.so
7fac653ea000-7fac653eb000 r--p 00002000 08:04 3023561                    /lib/x86_64-linux-gnu/libdl-2.19.so
7fac653eb000-7fac653ec000 rw-p 00003000 08:04 3023561                    /lib/x86_64-linux-gnu/libdl-2.19.so
7fac653ec000-7fac655a7000 r-xp 00000000 08:04 3023572                    /lib/x86_64-linux-gnu/libc-2.19.so
7fac655a7000-7fac657a6000 ---p 001bb000 08:04 3023572                    /lib/x86_64-linux-gnu/libc-2.19.so
7fac657a6000-7fac657aa000 r--p 001ba000 08:04 3023572                    /lib/x86_64-linux-gnu/libc-2.19.so
7fac657aa000-7fac657ac000 rw-p 001be000 08:04 3023572                    /lib/x86_64-linux-gnu/libc-2.19.so
7fac657ac000-7fac657b1000 rw-p 00000000 00:00 0 
7fac657b1000-7fac657be000 r-xp 00000000 08:04 1978705                    /usr/lib/jvm/java-7-openjdk-amd64/jre/lib/amd64/jli/libjli.so
7fac657be000-7fac659bd000 ---p 0000d000 08:04 1978705                    /usr/lib/jvm/java-7-openjdk-amd64/jre/lib/amd64/jli/libjli.so
7fac659bd000-7fac659be000 r--p 0000c000 08:04 1978705                    /usr/lib/jvm/java-7-openjdk-amd64/jre/lib/amd64/jli/libjli.so
7fac659be000-7fac659bf000 rw-p 0000d000 08:04 1978705                    /usr/lib/jvm/java-7-openjdk-amd64/jre/lib/amd64/jli/libjli.so
7fac659bf000-7fac659e2000 r-xp 00000000 08:04 3023569                    /lib/x86_64-linux-gnu/ld-2.19.so
7fac659e2000-7fac659e4000 r--s 00000000 08:04 4085006                    /var/cache/fontconfig/16326683038b281783a0ef8c680e3a10-le64.cache-4
7fac659e4000-7fac659e5000 r--s 00000000 08:04 4085004                    /var/cache/fontconfig/e0aa53bcfa504e64f87823c16bc01eb6-le64.cache-4
7fac659e5000-7fac659e8000 r--s 00026000 08:04 2635461                    /home/ghizlane/workspace/ABT-cf/lib/jdom-2.0.5/jdom-2.0.5-contrib.jar
7fac659e8000-7fac659ea000 r--s 0000a000 08:04 5133236                    /home/ghizlane/workspace/ABT-cf/lib/JADE-all-4.3.3/JADE-src-4.3.3/jade/lib/commons-codec/commons-codec-1.3.jar
7fac659ea000-7fac659eb000 r--s 00002000 08:04 1842882                    /usr/lib/jvm/java-7-openjdk-amd64/jre/lib/ext/dnsns.jar
7fac659eb000-7fac659ed000 r--s 00006000 08:04 1454461                    /usr/share/java/java-atk-wrapper.jar
7fac659ed000-7fac659f7000 rw-p 00000000 00:00 0 
7fac659f7000-7fac65aad000 rw-p 00000000 00:00 0 
7fac65aad000-7fac65ab0000 ---p 00000000 00:00 0 
7fac65ab0000-7fac65bb3000 rw-p 00000000 00:00 0                          [stack:6725]
7fac65bb3000-7fac65bb6000 r--s 0000f000 08:04 1842879                    /usr/lib/jvm/java-7-openjdk-amd64/jre/lib/ext/icedtea-sound.jar
7fac65bb6000-7fac65bba000 r--s 0003c000 08:04 1842881                    /usr/lib/jvm/java-7-openjdk-amd64/jre/lib/ext/sunpkcs11.jar
7fac65bba000-7fac65bbe000 r--s 00085000 08:04 1842878                    /usr/lib/jvm/java-7-openjdk-amd64/jre/lib/ext/localedata.jar
7fac65bbe000-7fac65bc2000 r--s 00034000 08:04 1842880                    /usr/lib/jvm/java-7-openjdk-amd64/jre/lib/ext/sunjce_provider.jar
7fac65bc2000-7fac65bc4000 r--s 00012000 08:04 1842876                    /usr/lib/jvm/java-7-openjdk-amd64/jre/lib/ext/zipfs.jar
7fac65bc4000-7fac65bd5000 rw-p 00000000 00:00 0 
7fac65bd5000-7fac65bdd000 rw-s 00000000 08:04 5767267                    /tmp/hsperfdata_ghizlane/6719
7fac65bdd000-7fac65bde000 rw-p 00000000 00:00 0 
7fac65bde000-7fac65bdf000 r--p 00000000 00:00 0 
7fac65bdf000-7fac65be1000 rw-p 00000000 00:00 0 
7fac65be1000-7fac65be2000 r--p 00022000 08:04 3023569                    /lib/x86_64-linux-gnu/ld-2.19.so
7fac65be2000-7fac65be3000 rw-p 00023000 08:04 3023569                    /lib/x86_64-linux-gnu/ld-2.19.so
7fac65be3000-7fac65be4000 rw-p 00000000 00:00 0 
7fff7f0a7000-7fff7f0c8000 rw-p 00000000 00:00 0                          [stack]
7fff7f1c8000-7fff7f1ca000 r-xp 00000000 00:00 0                          [vdso]
ffffffffff600000-ffffffffff601000 r-xp 00000000 00:00 0                  [vsyscall]

VM Arguments:
jvm_args: -Dfile.encoding=UTF-8 
java_command: DisSolver.Agent
Launcher Type: SUN_STANDARD

Environment Variables:
PATH=/usr/local/sbin:/usr/local/bin:/usr/sbin:/usr/bin:/sbin:/bin:/usr/games:/usr/local/games
SHELL=/bin/bash
DISPLAY=:0

Signal Handlers:
SIGSEGV: [libjvm.so+0x954820], sa_mask[0]=0x7ffbfeff, sa_flags=0x10000004
SIGBUS: [libjvm.so+0x954820], sa_mask[0]=0x7ffbfeff, sa_flags=0x10000004
SIGFPE: [libjvm.so+0x7cb150], sa_mask[0]=0x7ffbfeff, sa_flags=0x10000004
SIGPIPE: [libjvm.so+0x7cb150], sa_mask[0]=0x7ffbfeff, sa_flags=0x10000004
SIGXFSZ: [libjvm.so+0x7cb150], sa_mask[0]=0x7ffbfeff, sa_flags=0x10000004
SIGILL: [libjvm.so+0x7cb150], sa_mask[0]=0x7ffbfeff, sa_flags=0x10000004
SIGUSR1: SIG_DFL, sa_mask[0]=0x00000000, sa_flags=0x00000000
SIGUSR2: [libjvm.so+0x7caff0], sa_mask[0]=0x00000004, sa_flags=0x10000004
SIGHUP: [libjvm.so+0x7cb1d0], sa_mask[0]=0x7ffbfeff, sa_flags=0x10000004
SIGINT: [libjvm.so+0x7cb1d0], sa_mask[0]=0x7ffbfeff, sa_flags=0x10000004
SIGTERM: [libjvm.so+0x7cb1d0], sa_mask[0]=0x7ffbfeff, sa_flags=0x10000004
SIGQUIT: [libjvm.so+0x7cb1d0], sa_mask[0]=0x7ffbfeff, sa_flags=0x10000004
SIGTRAP: SIG_DFL, sa_mask[0]=0x00000000, sa_flags=0x00000000


---------------  S Y S T E M  ---------------

OS:Ubuntu 14.04 (trusty)
uname:Linux 3.13.0-44-generic #73-Ubuntu SMP Tue Dec 16 00:22:43 UTC 2014 x86_64
libc:glibc 2.19 NPTL 2.19 
rlimit: STACK 8192k, CORE 0k, NPROC 14616, NOFILE 4096, AS infinity
load average:1,22 0,45 0,29

/proc/meminfo:
MemTotal:        1892500 kB
MemFree:         1100704 kB
Buffers:           37828 kB
Cached:           319160 kB
SwapCached:            0 kB
Active:           434236 kB
Inactive:         240020 kB
Active(anon):     318660 kB
Inactive(anon):    62324 kB
Active(file):     115576 kB
Inactive(file):   177696 kB
Unevictable:          32 kB
Mlocked:              32 kB
SwapTotal:             0 kB
SwapFree:              0 kB
Dirty:             19928 kB
Writeback:             0 kB
AnonPages:        317328 kB
Mapped:            66768 kB
Shmem:             63544 kB
Slab:              73000 kB
SReclaimable:      47772 kB
SUnreclaim:        25228 kB
KernelStack:        2360 kB
PageTables:         8176 kB
NFS_Unstable:          0 kB
Bounce:                0 kB
WritebackTmp:          0 kB
CommitLimit:      946248 kB
Committed_AS:    1230420 kB
VmallocTotal:   34359738367 kB
VmallocUsed:      343572 kB
VmallocChunk:   34359386524 kB
HardwareCorrupted:     0 kB
AnonHugePages:    129024 kB
HugePages_Total:       0
HugePages_Free:        0
HugePages_Rsvd:        0
HugePages_Surp:        0
Hugepagesize:       2048 kB
DirectMap4k:       55232 kB
DirectMap2M:     1953792 kB


CPU:total 4 (2 cores per cpu, 2 threads per core) family 6 model 42 stepping 7, cmov, cx8, fxsr, mmx, sse, sse2, sse3, ssse3, sse4.1, sse4.2, popcnt, avx, ht, tsc, tscinvbit

/proc/cpuinfo:
processor	: 0
vendor_id	: GenuineIntel
cpu family	: 6
model		: 42
model name	: Intel(R) Core(TM) i3-2310M CPU @ 2.10GHz
stepping	: 7
microcode	: 0x1a
cpu MHz		: 2100.000
cache size	: 3072 KB
physical id	: 0
siblings	: 4
core id		: 0
cpu cores	: 2
apicid		: 0
initial apicid	: 0
fpu		: yes
fpu_exception	: yes
cpuid level	: 13
wp		: yes
flags		: fpu vme de pse tsc msr pae mce cx8 apic sep mtrr pge mca cmov pat pse36 clflush dts acpi mmx fxsr sse sse2 ss ht tm pbe syscall nx rdtscp lm constant_tsc arch_perfmon pebs bts nopl xtopology nonstop_tsc aperfmperf eagerfpu pni pclmulqdq dtes64 monitor ds_cpl vmx est tm2 ssse3 cx16 xtpr pdcm pcid sse4_1 sse4_2 x2apic popcnt tsc_deadline_timer xsave avx lahf_lm arat epb xsaveopt pln pts dtherm tpr_shadow vnmi flexpriority ept vpid
bogomips	: 4190.49
clflush size	: 64
cache_alignment	: 64
address sizes	: 36 bits physical, 48 bits virtual
power management:

processor	: 1
vendor_id	: GenuineIntel
cpu family	: 6
model		: 42
model name	: Intel(R) Core(TM) i3-2310M CPU @ 2.10GHz
stepping	: 7
microcode	: 0x1a
cpu MHz		: 2100.000
cache size	: 3072 KB
physical id	: 0
siblings	: 4
core id		: 0
cpu cores	: 2
apicid		: 1
initial apicid	: 1
fpu		: yes
fpu_exception	: yes
cpuid level	: 13
wp		: yes
flags		: fpu vme de pse tsc msr pae mce cx8 apic sep mtrr pge mca cmov pat pse36 clflush dts acpi mmx fxsr sse sse2 ss ht tm pbe syscall nx rdtscp lm constant_tsc arch_perfmon pebs bts nopl xtopology nonstop_tsc aperfmperf eagerfpu pni pclmulqdq dtes64 monitor ds_cpl vmx est tm2 ssse3 cx16 xtpr pdcm pcid sse4_1 sse4_2 x2apic popcnt tsc_deadline_timer xsave avx lahf_lm arat epb xsaveopt pln pts dtherm tpr_shadow vnmi flexpriority ept vpid
bogomips	: 4190.49
clflush size	: 64
cache_alignment	: 64
address sizes	: 36 bits physical, 48 bits virtual
power management:

processor	: 2
vendor_id	: GenuineIntel
cpu family	: 6
model		: 42
model name	: Intel(R) Core(TM) i3-2310M CPU @ 2.10GHz
stepping	: 7
microcode	: 0x1a
cpu MHz		: 2100.000
cache size	: 3072 KB
physical id	: 0
siblings	: 4
core id		: 1
cpu cores	: 2
apicid		: 2
initial apicid	: 2
fpu		: yes
fpu_exception	: yes
cpuid level	: 13
wp		: yes
flags		: fpu vme de pse tsc msr pae mce cx8 apic sep mtrr pge mca cmov pat pse36 clflush dts acpi mmx fxsr sse sse2 ss ht tm pbe syscall nx rdtscp lm constant_tsc arch_perfmon pebs bts nopl xtopology nonstop_tsc aperfmperf eagerfpu pni pclmulqdq dtes64 monitor ds_cpl vmx est tm2 ssse3 cx16 xtpr pdcm pcid sse4_1 sse4_2 x2apic popcnt tsc_deadline_timer xsave avx lahf_lm arat epb xsaveopt pln pts dtherm tpr_shadow vnmi flexpriority ept vpid
bogomips	: 4190.49
clflush size	: 64
cache_alignment	: 64
address sizes	: 36 bits physical, 48 bits virtual
power management:

processor	: 3
vendor_id	: GenuineIntel
cpu family	: 6
model		: 42
model name	: Intel(R) Core(TM) i3-2310M CPU @ 2.10GHz
stepping	: 7
microcode	: 0x1a
cpu MHz		: 2100.000
cache size	: 3072 KB
physical id	: 0
siblings	: 4
core id		: 1
cpu cores	: 2
apicid		: 3
initial apicid	: 3
fpu		: yes
fpu_exception	: yes
cpuid level	: 13
wp		: yes
flags		: fpu vme de pse tsc msr pae mce cx8 apic sep mtrr pge mca cmov pat pse36 clflush dts acpi mmx fxsr sse sse2 ss ht tm pbe syscall nx rdtscp lm constant_tsc arch_perfmon pebs bts nopl xtopology nonstop_tsc aperfmperf eagerfpu pni pclmulqdq dtes64 monitor ds_cpl vmx est tm2 ssse3 cx16 xtpr pdcm pcid sse4_1 sse4_2 x2apic popcnt tsc_deadline_timer xsave avx lahf_lm arat epb xsaveopt pln pts dtherm tpr_shadow vnmi flexpriority ept vpid
bogomips	: 4190.49
clflush size	: 64
cache_alignment	: 64
address sizes	: 36 bits physical, 48 bits virtual
power management:



Memory: 4k page, physical 1892500k(1100704k free), swap 0k(0k free)

vm_info: OpenJDK 64-Bit Server VM (24.85-b03) for linux-amd64 JRE (1.7.0_85-b01), built on Oct 22 2015 06:46:50 by "buildd" with gcc 4.8.2

time: Mon Dec 21 16:15:12 2015
elapsed time: 794 seconds

