#
# There is insufficient memory for the Java Runtime Environment to continue.
# Native memory allocation (malloc) failed to allocate 82313216 bytes for committing reserved memory.
# Possible reasons:
#   The system is out of physical RAM or swap space
#   In 32 bit mode, the process size limit was hit
# Possible solutions:
#   Reduce memory load on the system
#   Increase physical memory or swap space
#   Check if swap backing store is full
#   Use 64 bit Java on a 64 bit OS
#   Decrease Java heap size (-Xmx/-Xms)
#   Decrease number of Java threads
#   Decrease Java thread stack sizes (-Xss)
#   Set larger code cache with -XX:ReservedCodeCacheSize=
# This output file may be truncated or incomplete.
#
#  Out of Memory Error (os_linux.cpp:2827), pid=10985, tid=140023254963968
#
# JRE version: OpenJDK Runtime Environment (7.0_85-b01) (build 1.7.0_85-b01)
# Java VM: OpenJDK 64-Bit Server VM (24.85-b03 mixed mode linux-amd64 compressed oops)
# Derivative: IcedTea 2.6.1
# Distribution: Ubuntu 14.04 LTS, package 7u85-2.6.1-5ubuntu0.14.04.1
# Failed to write core dump. Core dumps have been disabled. To enable core dumping, try "ulimit -c unlimited" before starting Java again
#

---------------  T H R E A D  ---------------

Current thread (0x00007f59b8075800):  VMThread [stack: 0x00007f59b44f5000,0x00007f59b45f6000] [id=10996]

Stack: [0x00007f59b44f5000,0x00007f59b45f6000],  sp=0x00007f59b45f4490,  free space=1021k
Native frames: (J=compiled Java code, j=interpreted, Vv=VM code, C=native code)
V  [libjvm.so+0x953d45]  VMError::report_and_die()+0x175
V  [libjvm.so+0x48fd24]  report_vm_out_of_memory(char const*, int, unsigned long, char const*)+0x74
V  [libjvm.so+0x7cf91b]  os::pd_commit_memory(char*, unsigned long, unsigned long, bool)+0xeb
V  [libjvm.so+0x7ca3df]  os::commit_memory(char*, unsigned long, unsigned long, bool)+0x1f
V  [libjvm.so+0x83db6b]  PSVirtualSpace::expand_by(unsigned long)+0x5b
V  [libjvm.so+0x83e9d0]  PSYoungGen::resize_generation(unsigned long, unsigned long)+0xb0
V  [libjvm.so+0x83f0bb]  PSYoungGen::resize(unsigned long, unsigned long)+0x1b
V  [libjvm.so+0x83b2f8]  PSScavenge::invoke_no_policy()+0xd68
V  [libjvm.so+0x83bb68]  PSScavenge::invoke()+0x38
V  [libjvm.so+0x7f2123]  ParallelScavengeHeap::failed_mem_allocate(unsigned long)+0x63
V  [libjvm.so+0x955744]  VM_ParallelGCFailedAllocation::doit()+0x84
V  [libjvm.so+0x959847]  VM_Operation::evaluate()+0x47
V  [libjvm.so+0x958308]  VMThread::evaluate_operation(VM_Operation*)+0x318
V  [libjvm.so+0x958769]  VMThread::loop()+0x219
V  [libjvm.so+0x958bb2]  VMThread::run()+0x72
V  [libjvm.so+0x7cc7e2]  java_start(Thread*)+0xf2

VM_Operation (0x00007f596ac8c730): ParallelGCFailedAllocation, mode: safepoint, requested by thread 0x00007f59b83c1800


---------------  P R O C E S S  ---------------

Java Threads: ( => current thread )
  0x00007f5938042000 JavaThread "Timer-3" [_thread_blocked, id=11031, stack(0x00007f596a01f000,0x00007f596a120000)]
  0x00007f592c07e000 JavaThread "Timer-2" [_thread_blocked, id=11030, stack(0x00007f596a120000,0x00007f596a221000)]
  0x00007f592c07b000 JavaThread "Timer-1" [_thread_blocked, id=11029, stack(0x00007f596a221000,0x00007f596a322000)]
  0x0000000000f64800 JavaThread "Timer-0" [_thread_blocked, id=11028, stack(0x00007f596a322000,0x00007f596a423000)]
  0x00007f592c077000 JavaThread "Thread-21" daemon [_thread_blocked, id=11027, stack(0x00007f596a423000,0x00007f596a524000)]
  0x00007f5934043000 JavaThread "AWT-EventQueue-0" [_thread_blocked, id=11026, stack(0x00007f596a779000,0x00007f596a87a000)]
  0x00007f5934016000 JavaThread "AWT-Shutdown" [_thread_blocked, id=11025, stack(0x00007f596a87a000,0x00007f596a97b000)]
  0x00007f59b800a800 JavaThread "DestroyJavaVM" [_thread_blocked, id=10991, stack(0x00007f59c04f4000,0x00007f59c05f5000)]
  0x00007f59b83c1800 JavaThread "A2" [_thread_blocked, id=11024, stack(0x00007f596ab8d000,0x00007f596ac8e000)]
  0x00007f59b83c0000 JavaThread "A4" [_thread_blocked, id=11023, stack(0x00007f596ac8e000,0x00007f596ad8f000)]
  0x00007f59b83be800 JavaThread "A3" [_thread_blocked, id=11022, stack(0x00007f596ad8f000,0x00007f596ae90000)]
  0x00007f59b83bd000 JavaThread "A1" [_thread_blocked, id=11021, stack(0x00007f596ae90000,0x00007f596af91000)]
  0x00007f59b83a3000 JavaThread "Container-1-failure-monitor" [_thread_blocked, id=11020, stack(0x00007f596af91000,0x00007f596b092000)]
  0x00007f59b839e800 JavaThread "rma" [_thread_blocked, id=11019, stack(0x00007f596b092000,0x00007f596b193000)]
  0x00007f59b839d000 JavaThread "MASTER" [_thread_blocked, id=11018, stack(0x00007f596b193000,0x00007f596b294000)]
  0x00007f59b8368800 JavaThread "df" [_thread_blocked, id=11017, stack(0x00007f596b294000,0x00007f596b395000)]
  0x00007f59b8366800 JavaThread "ams" [_thread_blocked, id=11016, stack(0x00007f596b395000,0x00007f596b496000)]
  0x00007f59b8388000 JavaThread "Thread-10" [_thread_in_native, id=11015, stack(0x00007f596b496000,0x00007f596b597000)]
  0x00007f59b82ef000 JavaThread "Deliverer-4" [_thread_blocked, id=11014, stack(0x00007f596b597000,0x00007f596b698000)]
  0x00007f59b82ed000 JavaThread "Deliverer-3" [_thread_blocked, id=11013, stack(0x00007f596b698000,0x00007f596b799000)]
  0x00007f59b82e9800 JavaThread "Deliverer-2" [_thread_blocked, id=11012, stack(0x00007f596b799000,0x00007f596b89a000)]
  0x00007f59b82e7000 JavaThread "Deliverer-1" [_thread_blocked, id=11011, stack(0x00007f596b89a000,0x00007f596b99b000)]
  0x00007f59b82e2800 JavaThread "Deliverer-0" [_thread_blocked, id=11010, stack(0x00007f596b99b000,0x00007f596ba9c000)]
  0x00007f59b82d1000 JavaThread "AWT-XAWT" daemon [_thread_blocked, id=11009, stack(0x00007f596ba9c000,0x00007f596bb9d000)]
  0x00007f59b82aa000 JavaThread "Java2D Disposer" daemon [_thread_blocked, id=11008, stack(0x00007f596bfad000,0x00007f596c0ae000)]
  0x00007f59b81ed800 JavaThread "Thread-4" [_thread_in_native, id=11007, stack(0x00007f59a42a9000,0x00007f59a43aa000)]
  0x00007f59b81eb800 JavaThread "Thread-3" [_thread_blocked, id=11006, stack(0x00007f59a43aa000,0x00007f59a44ab000)]
  0x00007f59b81ea000 JavaThread "JICPServer-1099" daemon [_thread_in_native, id=11005, stack(0x00007f59a44ab000,0x00007f59a45ac000)]
  0x00007f59b8159800 JavaThread "JADE Timer dispatcher" [_thread_blocked, id=11004, stack(0x00007f59a45ac000,0x00007f59a46ad000)]
  0x00007f59b80ae800 JavaThread "Service Thread" daemon [_thread_blocked, id=11002, stack(0x00007f59a5d1a000,0x00007f59a5e1b000)]
  0x00007f59b80ac000 JavaThread "C2 CompilerThread1" daemon [_thread_blocked, id=11001, stack(0x00007f59a5e1b000,0x00007f59a5f1c000)]
  0x00007f59b80a9800 JavaThread "C2 CompilerThread0" daemon [_thread_blocked, id=11000, stack(0x00007f59b40f1000,0x00007f59b41f2000)]
  0x00007f59b80a7000 JavaThread "Signal Dispatcher" daemon [_thread_blocked, id=10999, stack(0x00007f59b41f2000,0x00007f59b42f3000)]
  0x00007f59b807c000 JavaThread "Finalizer" daemon [_thread_blocked, id=10998, stack(0x00007f59b42f3000,0x00007f59b43f4000)]
  0x00007f59b807a000 JavaThread "Reference Handler" daemon [_thread_blocked, id=10997, stack(0x00007f59b43f4000,0x00007f59b44f5000)]

Other Threads:
=>0x00007f59b8075800 VMThread [stack: 0x00007f59b44f5000,0x00007f59b45f6000] [id=10996]
  0x00007f59b80b9000 WatcherThread [stack: 0x00007f59a5c19000,0x00007f59a5d1a000] [id=11003]

VM state:at safepoint (normal execution)

VM Mutex/Monitor currently owned by a thread:  ([mutex/lock_event])
[0x00007f59b80069c0] Threads_lock - owner thread: 0x00007f59b8075800
[0x00007f59b8006ec0] Heap_lock - owner thread: 0x00007f59b83c1800

Heap
 PSYoungGen      total 136192K, used 256K [0x00000000f2200000, 0x00000000fa980000, 0x0000000100000000)
  eden space 133632K, 0% used [0x00000000f2200000,0x00000000f2200000,0x00000000fa480000)
  from space 2560K, 10% used [0x00000000fa480000,0x00000000fa4c0000,0x00000000fa700000)
  to   space 2048K, 0% used [0x00000000fa780000,0x00000000fa780000,0x00000000fa980000)
 ParOldGen       total 19456K, used 5322K [0x00000000d6600000, 0x00000000d7900000, 0x00000000f2200000)
  object space 19456K, 27% used [0x00000000d6600000,0x00000000d6b32888,0x00000000d7900000)
 PSPermGen       total 21504K, used 20816K [0x00000000cc000000, 0x00000000cd500000, 0x00000000d6600000)
  object space 21504K, 96% used [0x00000000cc000000,0x00000000cd4540a0,0x00000000cd500000)

Card table byte_map: [0x00007f59bcf9c000,0x00007f59bd13d000] byte_map_base: 0x00007f59bc93c000

Polling page: 0x00007f59c0625000

Code Cache  [0x00007f59b5000000, 0x00007f59b5270000, 0x00007f59b8000000)
 total_blobs=739 nmethods=268 adapters=424 free_code_cache=48033Kb largest_free_block=49145408

Compilation events (10 events):
Event: 9,830 Thread 0x00007f59b80ac000 nmethod 293 0x00007f59b5093f50 code [0x00007f59b50940a0, 0x00007f59b5094158]
Event: 9,833 Thread 0x00007f59b80a9800 nmethod 288 0x00007f59b5093c10 code [0x00007f59b5093d60, 0x00007f59b5093df8]
Event: 9,870 Thread 0x00007f59b80ac000  294             java.lang.String::equals (81 bytes)
Event: 9,874 Thread 0x00007f59b80ac000 nmethod 294 0x00007f59b50ab110 code [0x00007f59b50ab260, 0x00007f59b50ab498]
Event: 9,893 Thread 0x00007f59b80a9800  295             java.util.regex.Pattern::nextEscaped (19 bytes)
Event: 9,894 Thread 0x00007f59b80a9800 nmethod 295 0x00007f59b50aae90 code [0x00007f59b50aafe0, 0x00007f59b50ab078]
Event: 9,894 Thread 0x00007f59b80a9800  296             java.util.regex.Pattern::unread (11 bytes)
Event: 9,894 Thread 0x00007f59b80a9800 nmethod 296 0x00007f59b508fe10 code [0x00007f59b508ff40, 0x00007f59b508ff98]
Event: 9,894 Thread 0x00007f59b80a9800  297             java.util.regex.Pattern::sequence (553 bytes)
Event: 9,911 Thread 0x00007f59b80a9800 nmethod 297 0x00007f59b510c890 code [0x00007f59b510cae0, 0x00007f59b510d1d8]

GC Heap History (10 events):
Event: 7,876 GC heap after
Heap after GC invocations=10 (full 0):
 PSYoungGen      total 54272K, used 2038K [0x00000000f2200000, 0x00000000f5a80000, 0x0000000100000000)
  eden space 52224K, 0% used [0x00000000f2200000,0x00000000f2200000,0x00000000f5500000)
  from space 2048K, 99% used [0x00000000f5780000,0x00000000f597db28,0x00000000f5980000)
  to   space 2560K, 0% used [0x00000000f5500000,0x00000000f5500000,0x00000000f5780000)
 ParOldGen       total 19456K, used 3139K [0x00000000d6600000, 0x00000000d7900000, 0x00000000f2200000)
  object space 19456K, 16% used [0x00000000d6600000,0x00000000d6910ff0,0x00000000d7900000)
 PSPermGen       total 21504K, used 18982K [0x00000000cc000000, 0x00000000cd500000, 0x00000000d6600000)
  object space 21504K, 88% used [0x00000000cc000000,0x00000000cd289b08,0x00000000cd500000)
}
Event: 8,677 GC heap before
{Heap before GC invocations=11 (full 0):
 PSYoungGen      total 54272K, used 54262K [0x00000000f2200000, 0x00000000f5a80000, 0x0000000100000000)
  eden space 52224K, 100% used [0x00000000f2200000,0x00000000f5500000,0x00000000f5500000)
  from space 2048K, 99% used [0x00000000f5780000,0x00000000f597db28,0x00000000f5980000)
  to   space 2560K, 0% used [0x00000000f5500000,0x00000000f5500000,0x00000000f5780000)
 ParOldGen       total 19456K, used 3139K [0x00000000d6600000, 0x00000000d7900000, 0x00000000f2200000)
  object space 19456K, 16% used [0x00000000d6600000,0x00000000d6910ff0,0x00000000d7900000)
 PSPermGen       total 21504K, used 19798K [0x00000000cc000000, 0x00000000cd500000, 0x00000000d6600000)
  object space 21504K, 92% used [0x00000000cc000000,0x00000000cd355960,0x00000000cd500000)
Event: 8,681 GC heap after
Heap after GC invocations=11 (full 0):
 PSYoungGen      total 54784K, used 536K [0x00000000f2200000, 0x00000000f7900000, 0x0000000100000000)
  eden space 52224K, 0% used [0x00000000f2200000,0x00000000f2200000,0x00000000f5500000)
  from space 2560K, 20% used [0x00000000f5500000,0x00000000f55863d8,0x00000000f5780000)
  to   space 2560K, 0% used [0x00000000f7680000,0x00000000f7680000,0x00000000f7900000)
 ParOldGen       total 19456K, used 4474K [0x00000000d6600000, 0x00000000d7900000, 0x00000000f2200000)
  object space 19456K, 22% used [0x00000000d6600000,0x00000000d6a5e888,0x00000000d7900000)
 PSPermGen       total 21504K, used 19798K [0x00000000cc000000, 0x00000000cd500000, 0x00000000d6600000)
  object space 21504K, 92% used [0x00000000cc000000,0x00000000cd355960,0x00000000cd500000)
}
Event: 8,873 GC heap before
{Heap before GC invocations=12 (full 0):
 PSYoungGen      total 54784K, used 52760K [0x00000000f2200000, 0x00000000f7900000, 0x0000000100000000)
  eden space 52224K, 100% used [0x00000000f2200000,0x00000000f5500000,0x00000000f5500000)
  from space 2560K, 20% used [0x00000000f5500000,0x00000000f55863d8,0x00000000f5780000)
  to   space 2560K, 0% used [0x00000000f7680000,0x00000000f7680000,0x00000000f7900000)
 ParOldGen       total 19456K, used 4474K [0x00000000d6600000, 0x00000000d7900000, 0x00000000f2200000)
  object space 19456K, 22% used [0x00000000d6600000,0x00000000d6a5e888,0x00000000d7900000)
 PSPermGen       total 21504K, used 19827K [0x00000000cc000000, 0x00000000cd500000, 0x00000000d6600000)
  object space 21504K, 92% used [0x00000000cc000000,0x00000000cd35cd90,0x00000000cd500000)
Event: 8,879 GC heap after
Heap after GC invocations=12 (full 0):
 PSYoungGen      total 86016K, used 192K [0x00000000f2200000, 0x00000000f7a00000, 0x0000000100000000)
  eden space 83456K, 0% used [0x00000000f2200000,0x00000000f2200000,0x00000000f7380000)
  from space 2560K, 7% used [0x00000000f7680000,0x00000000f76b0000,0x00000000f7900000)
  to   space 3072K, 0% used [0x00000000f7380000,0x00000000f7380000,0x00000000f7680000)
 ParOldGen       total 19456K, used 4762K [0x00000000d6600000, 0x00000000d7900000, 0x00000000f2200000)
  object space 19456K, 24% used [0x00000000d6600000,0x00000000d6aa6888,0x00000000d7900000)
 PSPermGen       total 21504K, used 19827K [0x00000000cc000000, 0x00000000cd500000, 0x00000000d6600000)
  object space 21504K, 92% used [0x00000000cc000000,0x00000000cd35cd90,0x00000000cd500000)
}
Event: 9,262 GC heap before
{Heap before GC invocations=13 (full 0):
 PSYoungGen      total 86016K, used 83648K [0x00000000f2200000, 0x00000000f7a00000, 0x0000000100000000)
  eden space 83456K, 100% used [0x00000000f2200000,0x00000000f7380000,0x00000000f7380000)
  from space 2560K, 7% used [0x00000000f7680000,0x00000000f76b0000,0x00000000f7900000)
  to   space 3072K, 0% used [0x00000000f7380000,0x00000000f7380000,0x00000000f7680000)
 ParOldGen       total 19456K, used 4762K [0x00000000d6600000, 0x00000000d7900000, 0x00000000f2200000)
  object space 19456K, 24% used [0x00000000d6600000,0x00000000d6aa6888,0x00000000d7900000)
 PSPermGen       total 21504K, used 20221K [0x00000000cc000000, 0x00000000cd500000, 0x00000000d6600000)
  object space 21504K, 94% used [0x00000000cc000000,0x00000000cd3bf570,0x00000000cd500000)
Event: 9,267 GC heap after
Heap after GC invocations=13 (full 0):
 PSYoungGen      total 86528K, used 480K [0x00000000f2200000, 0x00000000faa80000, 0x0000000100000000)
  eden space 83456K, 0% used [0x00000000f2200000,0x00000000f2200000,0x00000000f7380000)
  from space 3072K, 15% used [0x00000000f7380000,0x00000000f73f8000,0x00000000f7680000)
  to   space 3072K, 0% used [0x00000000fa780000,0x00000000fa780000,0x00000000faa80000)
 ParOldGen       total 19456K, used 4834K [0x00000000d6600000, 0x00000000d7900000, 0x00000000f2200000)
  object space 19456K, 24% used [0x00000000d6600000,0x00000000d6ab8888,0x00000000d7900000)
 PSPermGen       total 21504K, used 20221K [0x00000000cc000000, 0x00000000cd500000, 0x00000000d6600000)
  object space 21504K, 94% used [0x00000000cc000000,0x00000000cd3bf570,0x00000000cd500000)
}
Event: 9,540 GC heap before
{Heap before GC invocations=14 (full 0):
 PSYoungGen      total 86528K, used 83936K [0x00000000f2200000, 0x00000000faa80000, 0x0000000100000000)
  eden space 83456K, 100% used [0x00000000f2200000,0x00000000f7380000,0x00000000f7380000)
  from space 3072K, 15% used [0x00000000f7380000,0x00000000f73f8000,0x00000000f7680000)
  to   space 3072K, 0% used [0x00000000fa780000,0x00000000fa780000,0x00000000faa80000)
 ParOldGen       total 19456K, used 4834K [0x00000000d6600000, 0x00000000d7900000, 0x00000000f2200000)
  object space 19456K, 24% used [0x00000000d6600000,0x00000000d6ab8888,0x00000000d7900000)
 PSPermGen       total 21504K, used 20397K [0x00000000cc000000, 0x00000000cd500000, 0x00000000d6600000)
  object space 21504K, 94% used [0x00000000cc000000,0x00000000cd3eb770,0x00000000cd500000)
Event: 9,543 GC heap after
Heap after GC invocations=14 (full 0):
 PSYoungGen      total 135680K, used 288K [0x00000000f2200000, 0x00000000fa980000, 0x0000000100000000)
  eden space 133632K, 0% used [0x00000000f2200000,0x00000000f2200000,0x00000000fa480000)
  from space 2048K, 14% used [0x00000000fa780000,0x00000000fa7c8000,0x00000000fa980000)
  to   space 2560K, 0% used [0x00000000fa480000,0x00000000fa480000,0x00000000fa700000)
 ParOldGen       total 19456K, used 5098K [0x00000000d6600000, 0x00000000d7900000, 0x00000000f2200000)
  object space 19456K, 26% used [0x00000000d6600000,0x00000000d6afa888,0x00000000d7900000)
 PSPermGen       total 21504K, used 20397K [0x00000000cc000000, 0x00000000cd500000, 0x00000000d6600000)
  object space 21504K, 94% used [0x00000000cc000000,0x00000000cd3eb770,0x00000000cd500000)
}
Event: 9,938 GC heap before
{Heap before GC invocations=15 (full 0):
 PSYoungGen      total 135680K, used 133920K [0x00000000f2200000, 0x00000000fa980000, 0x0000000100000000)
  eden space 133632K, 100% used [0x00000000f2200000,0x00000000fa480000,0x00000000fa480000)
  from space 2048K, 14% used [0x00000000fa780000,0x00000000fa7c8000,0x00000000fa980000)
  to   space 2560K, 0% used [0x00000000fa480000,0x00000000fa480000,0x00000000fa700000)
 ParOldGen       total 19456K, used 5098K [0x00000000d6600000, 0x00000000d7900000, 0x00000000f2200000)
  object space 19456K, 26% used [0x00000000d6600000,0x00000000d6afa888,0x00000000d7900000)
 PSPermGen       total 21504K, used 20816K [0x00000000cc000000, 0x00000000cd500000, 0x00000000d6600000)
  object space 21504K, 96% used [0x00000000cc000000,0x00000000cd4540a0,0x00000000cd500000)

Deoptimization events (10 events):
Event: 9,158 Thread 0x00007f59b83be800 Uncommon trap: reason=unstable_if action=reinterpret pc=0x00007f59b5092e10 method=sun.nio.cs.UTF_8$Encoder.encodeArrayLoop(Ljava/nio/CharBuffer;Ljava/nio/ByteBuffer;)Ljava/nio/charset/CoderResult; @ 87
Event: 9,493 Thread 0x00007f59b839e800 Uncommon trap: reason=class_check action=maybe_recompile pc=0x00007f59b50ff630 method=java.util.AbstractCollection.toArray([Ljava/lang/Object;)[Ljava/lang/Object; @ 1
Event: 9,574 Thread 0x00007f59b839e800 Uncommon trap: reason=predicate action=maybe_recompile pc=0x00007f59b509b03c method=java.lang.String.regionMatches(ZILjava/lang/String;II)Z @ 63
Event: 9,664 Thread 0x00007f59b839e800 Uncommon trap: reason=unstable_if action=reinterpret pc=0x00007f59b507ecf4 method=java.lang.AbstractStringBuilder.append(I)Ljava/lang/AbstractStringBuilder; @ 16
Event: 9,664 Thread 0x00007f59b839e800 Uncommon trap: reason=unstable_if action=reinterpret pc=0x00007f59b50fc600 method=java.lang.Integer.getChars(II[C)V @ 7
Event: 9,664 Thread 0x00007f59b839e800 Uncommon trap: reason=unstable_if action=reinterpret pc=0x00007f59b50ad038 method=java.lang.AbstractStringBuilder.append(I)Ljava/lang/AbstractStringBuilder; @ 16
Event: 9,796 Thread 0x00007f59b839e800 Uncommon trap: reason=class_check action=maybe_recompile pc=0x00007f59b506508c method=java.lang.String.equals(Ljava/lang/Object;)Z @ 8
Event: 9,797 Thread 0x00007f59b839e800 Uncommon trap: reason=class_check action=maybe_recompile pc=0x00007f59b506508c method=java.lang.String.equals(Ljava/lang/Object;)Z @ 8
Event: 9,797 Thread 0x00007f59b839e800 Uncommon trap: reason=class_check action=maybe_recompile pc=0x00007f59b506508c method=java.lang.String.equals(Ljava/lang/Object;)Z @ 8
Event: 9,797 Thread 0x00007f59b839e800 Uncommon trap: reason=class_check action=maybe_recompile pc=0x00007f59b506508c method=java.lang.String.equals(Ljava/lang/Object;)Z @ 8

Internal exceptions (10 events):
Event: 8,805 Thread 0x00007f59b839d000 Threw 0x00000000f40a3518 at /build/openjdk-7-65SuYz/openjdk-7-7u85-2.6.1/build/openjdk/hotspot/src/share/vm/prims/jvm.cpp:1322
Event: 8,817 Thread 0x00007f59b839d000 Threw 0x00000000f40acac0 at /build/openjdk-7-65SuYz/openjdk-7-7u85-2.6.1/build/openjdk/hotspot/src/share/vm/prims/jvm.cpp:1322
Event: 8,831 Thread 0x00007f59b83c0000 Threw 0x00000000f4ea2520 at /build/openjdk-7-65SuYz/openjdk-7-7u85-2.6.1/build/openjdk/hotspot/src/share/vm/prims/jvm.cpp:1322
Event: 9,675 Thread 0x00007f59b839e800 Threw 0x00000000f5e60fa0 at /build/openjdk-7-65SuYz/openjdk-7-7u85-2.6.1/build/openjdk/hotspot/src/share/vm/prims/jvm.cpp:1322
Event: 9,695 Thread 0x00007f59b839e800 Threw 0x00000000f5e637f0 at /build/openjdk-7-65SuYz/openjdk-7-7u85-2.6.1/build/openjdk/hotspot/src/share/vm/prims/jvm.cpp:1322
Event: 9,709 Thread 0x00007f59b839e800 Threw 0x00000000f651de20 at /build/openjdk-7-65SuYz/openjdk-7-7u85-2.6.1/build/openjdk/hotspot/src/share/vm/prims/jvm.cpp:1322
Event: 9,828 Thread 0x00007f59b839e800 Threw 0x00000000f8147ea0 at /build/openjdk-7-65SuYz/openjdk-7-7u85-2.6.1/build/openjdk/hotspot/src/share/vm/prims/jvm.cpp:1322
Event: 9,843 Thread 0x00007f59b839e800 Threw 0x00000000f814aab8 at /build/openjdk-7-65SuYz/openjdk-7-7u85-2.6.1/build/openjdk/hotspot/src/share/vm/prims/jvm.cpp:1322
Event: 9,851 Thread 0x00007f59b839e800 Threw 0x00000000f814dab8 at /build/openjdk-7-65SuYz/openjdk-7-7u85-2.6.1/build/openjdk/hotspot/src/share/vm/prims/jvm.cpp:1322
Event: 9,879 Thread 0x00007f59b839e800 Threw 0x00000000f88151b8 at /build/openjdk-7-65SuYz/openjdk-7-7u85-2.6.1/build/openjdk/hotspot/src/share/vm/prims/jvm.cpp:1322

Events (10 events):
Event: 9,842 loading class 0x00007f593400cd80
Event: 9,842 loading class 0x00007f593400cd80 done
Event: 9,851 loading class 0x00007f593400cdc0
Event: 9,851 loading class 0x00007f593400cdc0 done
Event: 9,853 loading class 0x00007f5934006e80
Event: 9,879 loading class 0x00007f5934006e80 done
Event: 9,879 loading class 0x00007f5934006ed0
Event: 9,879 loading class 0x00007f5934006ed0 done
Event: 9,905 loading class 0x00007f5934005c00
Event: 9,913 Executing VM operation: ParallelGCFailedAllocation


Dynamic libraries:
00400000-00401000 r-xp 00000000 08:04 1842859                            /usr/lib/jvm/java-7-openjdk-amd64/jre/bin/java
00600000-00601000 r--p 00000000 08:04 1842859                            /usr/lib/jvm/java-7-openjdk-amd64/jre/bin/java
00601000-00602000 rw-p 00001000 08:04 1842859                            /usr/lib/jvm/java-7-openjdk-amd64/jre/bin/java
00e96000-01023000 rw-p 00000000 00:00 0                                  [heap]
cc000000-cd500000 rw-p 00000000 00:00 0 
cd500000-d6600000 rw-p 00000000 00:00 0 
d6600000-d7900000 rw-p 00000000 00:00 0 
d7900000-f2200000 rw-p 00000000 00:00 0 
f2200000-fa980000 rw-p 00000000 00:00 0 
ff800000-100000000 rw-p 00000000 00:00 0 
7f592c000000-7f592c0c9000 rw-p 00000000 00:00 0 
7f592c0c9000-7f5930000000 ---p 00000000 00:00 0 
7f5934000000-7f59341b8000 rw-p 00000000 00:00 0 
7f59341b8000-7f5938000000 ---p 00000000 00:00 0 
7f5938000000-7f5938060000 rw-p 00000000 00:00 0 
7f5938060000-7f593c000000 ---p 00000000 00:00 0 
7f593c000000-7f593c257000 rw-p 00000000 00:00 0 
7f593c257000-7f5940000000 ---p 00000000 00:00 0 
7f5940000000-7f5940025000 rw-p 00000000 00:00 0 
7f5940025000-7f5944000000 ---p 00000000 00:00 0 
7f5944000000-7f5944021000 rw-p 00000000 00:00 0 
7f5944021000-7f5948000000 ---p 00000000 00:00 0 
7f5948000000-7f5948056000 rw-p 00000000 00:00 0 
7f5948056000-7f594c000000 ---p 00000000 00:00 0 
7f594c000000-7f594c021000 rw-p 00000000 00:00 0 
7f594c021000-7f5950000000 ---p 00000000 00:00 0 
7f5950000000-7f5950021000 rw-p 00000000 00:00 0 
7f5950021000-7f5954000000 ---p 00000000 00:00 0 
7f5954000000-7f5954021000 rw-p 00000000 00:00 0 
7f5954021000-7f5958000000 ---p 00000000 00:00 0 
7f5958000000-7f5958021000 rw-p 00000000 00:00 0 
7f5958021000-7f595c000000 ---p 00000000 00:00 0 
7f595c000000-7f595c021000 rw-p 00000000 00:00 0 
7f595c021000-7f5960000000 ---p 00000000 00:00 0 
7f5960000000-7f5960021000 rw-p 00000000 00:00 0 
7f5960021000-7f5964000000 ---p 00000000 00:00 0 
7f5964000000-7f5964021000 rw-p 00000000 00:00 0 
7f5964021000-7f5968000000 ---p 00000000 00:00 0 
7f5969f93000-7f5969f94000 rw-p 00000000 00:00 0 
7f5969f94000-7f5969f99000 r--s 0004e000 08:04 1842932                    /usr/lib/jvm/java-7-openjdk-amd64/jre/lib/jsse.jar
7f5969f99000-7f5969f9a000 r--s 00000000 08:04 4085002                    /var/cache/fontconfig/087e1975ba9a574b140bb1df193bf770-le64.cache-4
7f5969f9a000-7f5969fa8000 r--s 00000000 08:04 4079927                    /var/cache/fontconfig/6aa41aa22e18b8fa06a12da28ea9c28b-le64.cache-4
7f5969fa8000-7f5969fa9000 r--s 00000000 08:04 4063327                    /var/cache/fontconfig/c05880de57d1f5e948fdfacc138775d9-le64.cache-4
7f5969fa9000-7f5969fb4000 r--s 00000000 08:04 4063321                    /var/cache/fontconfig/945677eb7aeaf62f1d50efc3fb3ec7d8-le64.cache-4
7f5969fb4000-7f5969fba000 r--s 00000000 08:04 4063307                    /var/cache/fontconfig/2cd17615ca594fa2959ae173292e504c-le64.cache-4
7f5969fba000-7f5969fbb000 r--s 00000000 08:04 4063337                    /var/cache/fontconfig/e7071f4a29fa870f4323321c154eba04-le64.cache-4
7f5969fbb000-7f5969fbc000 r--s 00000000 08:04 4063304                    /var/cache/fontconfig/0d8c3b2ac0904cb8a57a757ad11a4a08-le64.cache-4
7f5969fbc000-7f5969fc3000 r--s 00000000 08:04 4063324                    /var/cache/fontconfig/a755afe4a08bf5b97852ceb7400b47bc-le64.cache-4
7f5969fc3000-7f5969fc7000 r--s 00000000 08:04 4075315                    /var/cache/fontconfig/6d41288fd70b0be22e8c3a91e032eec0-le64.cache-4
7f5969fc7000-7f5969fdb000 r--s 00000000 08:04 4063302                    /var/cache/fontconfig/04aabc0a78ac019cf9454389977116d2-le64.cache-4
7f5969fdb000-7f5969fdc000 r--s 00000000 08:04 4063306                    /var/cache/fontconfig/1ac9eb803944fde146138c791f5cc56a-le64.cache-4
7f5969fdc000-7f5969fdd000 r--s 00000000 08:04 4085001                    /var/cache/fontconfig/b95bc8ffbebda2bbdae4265e45b8178d-le64.cache-4
7f5969fdd000-7f5969fe1000 r--s 00000000 08:04 4063310                    /var/cache/fontconfig/385c0604a188198f04d133e54aba7fe7-le64.cache-4
7f5969fe1000-7f5969fe2000 r--s 00000000 08:04 4085000                    /var/cache/fontconfig/9c956a7723ca69a44b382d9179c9802f-le64.cache-4
7f5969fe2000-7f5969fe3000 r--s 00000000 08:04 4063334                    /var/cache/fontconfig/dc05db6664285cc2f12bf69c139ae4c3-le64.cache-4
7f5969fe3000-7f5969fe4000 r--s 00000000 08:04 4084999                    /var/cache/fontconfig/5d1cca7074f29429a8d18692746c2426-le64.cache-4
7f5969fe4000-7f5969fe6000 r--s 00000000 08:04 4063318                    /var/cache/fontconfig/767a8244fc0220cfb567a839d0392e0b-le64.cache-4
7f5969fe6000-7f5969fe7000 r--s 00000000 08:04 4069335                    /var/cache/fontconfig/4794a0821666d79190d59a36cb4f44b5-le64.cache-4
7f5969fe7000-7f5969fe8000 r--s 00000000 08:04 4084998                    /var/cache/fontconfig/9eae20f1ff8cc0a7d125749e875856bd-le64.cache-4
7f5969fe8000-7f5969fea000 r--s 00000000 08:04 4084997                    /var/cache/fontconfig/bf2c1853a9e9b00bb02fe2e9bcf1e201-le64.cache-4
7f5969fea000-7f5969fef000 r--s 00000000 08:04 4063320                    /var/cache/fontconfig/8801497958630a81b71ace7c5f9b32a8-le64.cache-4
7f5969fef000-7f5969ff3000 r--s 00000000 08:04 4074564                    /var/cache/fontconfig/c57959a16110560c8d0fcea73374aeeb-le64.cache-4
7f5969ff3000-7f5969ffa000 r--s 00000000 08:04 4063308                    /var/cache/fontconfig/3047814df9a2f067bd2d96a2b9c36e5a-le64.cache-4
7f5969ffa000-7f5969ffe000 r--s 00000000 08:04 4084996                    /var/cache/fontconfig/bf3b770c553c462765856025a94f1ce6-le64.cache-4
7f5969ffe000-7f5969fff000 r--s 00000000 08:04 4063314                    /var/cache/fontconfig/56cf4f4769d0f4abc89a4895d7bd3ae1-le64.cache-4
7f5969fff000-7f596a000000 r--s 00000000 08:04 4063326                    /var/cache/fontconfig/b9d506c9ac06c20b433354fa67a72993-le64.cache-4
7f596a000000-7f596a006000 r--s 00000000 08:04 4063325                    /var/cache/fontconfig/b47c4e1ecd0709278f4910c18777a504-le64.cache-4
7f596a006000-7f596a009000 r--s 00000000 08:04 4084995                    /var/cache/fontconfig/14d493b97896515cad3840ba4896e372-le64.cache-4
7f596a009000-7f596a00c000 r--s 00000000 08:04 4084993                    /var/cache/fontconfig/e49e89034d371f0f9de17aab02136486-le64.cache-4
7f596a00c000-7f596a01f000 r--s 00000000 08:04 4063331                    /var/cache/fontconfig/d52a8644073d54c13679302ca1180695-le64.cache-4
7f596a01f000-7f596a022000 ---p 00000000 00:00 0 
7f596a022000-7f596a120000 rw-p 00000000 00:00 0                          [stack:11031]
7f596a120000-7f596a123000 ---p 00000000 00:00 0 
7f596a123000-7f596a221000 rw-p 00000000 00:00 0                          [stack:11030]
7f596a221000-7f596a224000 ---p 00000000 00:00 0 
7f596a224000-7f596a322000 rw-p 00000000 00:00 0                          [stack:11029]
7f596a322000-7f596a325000 ---p 00000000 00:00 0 
7f596a325000-7f596a423000 rw-p 00000000 00:00 0                          [stack:11028]
7f596a423000-7f596a426000 ---p 00000000 00:00 0 
7f596a426000-7f596a524000 rw-p 00000000 00:00 0                          [stack:11027]
7f596a524000-7f596a576000 r-xp 00000000 08:04 1842903                    /usr/lib/jvm/java-7-openjdk-amd64/jre/lib/amd64/libfontmanager.so
7f596a576000-7f596a775000 ---p 00052000 08:04 1842903                    /usr/lib/jvm/java-7-openjdk-amd64/jre/lib/amd64/libfontmanager.so
7f596a775000-7f596a778000 r--p 00051000 08:04 1842903                    /usr/lib/jvm/java-7-openjdk-amd64/jre/lib/amd64/libfontmanager.so
7f596a778000-7f596a779000 rw-p 00054000 08:04 1842903                    /usr/lib/jvm/java-7-openjdk-amd64/jre/lib/amd64/libfontmanager.so
7f596a779000-7f596a77c000 ---p 00000000 00:00 0 
7f596a77c000-7f596a87a000 rw-p 00000000 00:00 0                          [stack:11026]
7f596a87a000-7f596a87d000 ---p 00000000 00:00 0 
7f596a87d000-7f596a97b000 rw-p 00000000 00:00 0                          [stack:11025]
7f596a97b000-7f596a98b000 r-xp 00000000 08:04 1842894                    /usr/lib/jvm/java-7-openjdk-amd64/jre/lib/amd64/libnio.so
7f596a98b000-7f596ab8b000 ---p 00010000 08:04 1842894                    /usr/lib/jvm/java-7-openjdk-amd64/jre/lib/amd64/libnio.so
7f596ab8b000-7f596ab8c000 r--p 00010000 08:04 1842894                    /usr/lib/jvm/java-7-openjdk-amd64/jre/lib/amd64/libnio.so
7f596ab8c000-7f596ab8d000 rw-p 00011000 08:04 1842894                    /usr/lib/jvm/java-7-openjdk-amd64/jre/lib/amd64/libnio.so
7f596ab8d000-7f596ab90000 ---p 00000000 00:00 0 
7f596ab90000-7f596ac8e000 rw-p 00000000 00:00 0                          [stack:11024]
7f596ac8e000-7f596ac91000 ---p 00000000 00:00 0 
7f596ac91000-7f596ad8f000 rw-p 00000000 00:00 0                          [stack:11023]
7f596ad8f000-7f596ad92000 ---p 00000000 00:00 0 
7f596ad92000-7f596ae90000 rw-p 00000000 00:00 0                          [stack:11022]
7f596ae90000-7f596ae93000 ---p 00000000 00:00 0 
7f596ae93000-7f596af91000 rw-p 00000000 00:00 0                          [stack:11021]
7f596af91000-7f596af94000 ---p 00000000 00:00 0 
7f596af94000-7f596b092000 rw-p 00000000 00:00 0                          [stack:11020]
7f596b092000-7f596b095000 ---p 00000000 00:00 0 
7f596b095000-7f596b193000 rw-p 00000000 00:00 0                          [stack:11019]
7f596b193000-7f596b196000 ---p 00000000 00:00 0 
7f596b196000-7f596b294000 rw-p 00000000 00:00 0                          [stack:11018]
7f596b294000-7f596b297000 ---p 00000000 00:00 0 
7f596b297000-7f596b395000 rw-p 00000000 00:00 0                          [stack:11017]
7f596b395000-7f596b398000 ---p 00000000 00:00 0 
7f596b398000-7f596b496000 rw-p 00000000 00:00 0                          [stack:11016]
7f596b496000-7f596b499000 ---p 00000000 00:00 0 
7f596b499000-7f596b597000 rw-p 00000000 00:00 0                          [stack:11015]
7f596b597000-7f596b59a000 ---p 00000000 00:00 0 
7f596b59a000-7f596b698000 rw-p 00000000 00:00 0                          [stack:11014]
7f596b698000-7f596b69b000 ---p 00000000 00:00 0 
7f596b69b000-7f596b799000 rw-p 00000000 00:00 0                          [stack:11013]
7f596b799000-7f596b79c000 ---p 00000000 00:00 0 
7f596b79c000-7f596b89a000 rw-p 00000000 00:00 0                          [stack:11012]
7f596b89a000-7f596b89d000 ---p 00000000 00:00 0 
7f596b89d000-7f596b99b000 rw-p 00000000 00:00 0                          [stack:11011]
7f596b99b000-7f596b99e000 ---p 00000000 00:00 0 
7f596b99e000-7f596ba9c000 rw-p 00000000 00:00 0                          [stack:11010]
7f596ba9c000-7f596ba9f000 ---p 00000000 00:00 0 
7f596ba9f000-7f596bb9d000 rw-p 00000000 00:00 0                          [stack:11009]
7f596bb9d000-7f596bba2000 r-xp 00000000 08:04 1060152                    /usr/lib/x86_64-linux-gnu/libXfixes.so.3.1.0
7f596bba2000-7f596bda1000 ---p 00005000 08:04 1060152                    /usr/lib/x86_64-linux-gnu/libXfixes.so.3.1.0
7f596bda1000-7f596bda2000 r--p 00004000 08:04 1060152                    /usr/lib/x86_64-linux-gnu/libXfixes.so.3.1.0
7f596bda2000-7f596bda3000 rw-p 00005000 08:04 1060152                    /usr/lib/x86_64-linux-gnu/libXfixes.so.3.1.0
7f596bda3000-7f596bdac000 r-xp 00000000 08:04 1056846                    /usr/lib/x86_64-linux-gnu/libXcursor.so.1.0.2
7f596bdac000-7f596bfab000 ---p 00009000 08:04 1056846                    /usr/lib/x86_64-linux-gnu/libXcursor.so.1.0.2
7f596bfab000-7f596bfac000 r--p 00008000 08:04 1056846                    /usr/lib/x86_64-linux-gnu/libXcursor.so.1.0.2
7f596bfac000-7f596bfad000 rw-p 00009000 08:04 1056846                    /usr/lib/x86_64-linux-gnu/libXcursor.so.1.0.2
7f596bfad000-7f596bfb0000 ---p 00000000 00:00 0 
7f596bfb0000-7f596c0ae000 rw-p 00000000 00:00 0                          [stack:11008]
7f596c0ae000-7f596c0b2000 r-xp 00000000 08:04 3018726                    /lib/x86_64-linux-gnu/libgpg-error.so.0.10.0
7f596c0b2000-7f596c2b1000 ---p 00004000 08:04 3018726                    /lib/x86_64-linux-gnu/libgpg-error.so.0.10.0
7f596c2b1000-7f596c2b2000 r--p 00003000 08:04 3018726                    /lib/x86_64-linux-gnu/libgpg-error.so.0.10.0
7f596c2b2000-7f596c2b3000 rw-p 00004000 08:04 3018726                    /lib/x86_64-linux-gnu/libgpg-error.so.0.10.0
7f596c2b3000-7f596c2b5000 r-xp 00000000 08:04 3018736                    /lib/x86_64-linux-gnu/libkeyutils.so.1.4
7f596c2b5000-7f596c4b5000 ---p 00002000 08:04 3018736                    /lib/x86_64-linux-gnu/libkeyutils.so.1.4
7f596c4b5000-7f596c4b6000 r--p 00002000 08:04 3018736                    /lib/x86_64-linux-gnu/libkeyutils.so.1.4
7f596c4b6000-7f596c4b7000 rw-p 00003000 08:04 3018736                    /lib/x86_64-linux-gnu/libkeyutils.so.1.4
7f596c4b7000-7f596c4dc000 r-xp 00000000 08:04 3018808                    /lib/x86_64-linux-gnu/libpng12.so.0.50.0
7f596c4dc000-7f596c6db000 ---p 00025000 08:04 3018808                    /lib/x86_64-linux-gnu/libpng12.so.0.50.0
7f596c6db000-7f596c6dc000 r--p 00024000 08:04 3018808                    /lib/x86_64-linux-gnu/libpng12.so.0.50.0
7f596c6dc000-7f596c6dd000 rw-p 00025000 08:04 3018808                    /lib/x86_64-linux-gnu/libpng12.so.0.50.0
7f596c6dd000-7f596c721000 r-xp 00000000 08:04 3018684                    /lib/x86_64-linux-gnu/libdbus-1.so.3.7.6
7f596c721000-7f596c920000 ---p 00044000 08:04 3018684                    /lib/x86_64-linux-gnu/libdbus-1.so.3.7.6
7f596c920000-7f596c921000 r--p 00043000 08:04 3018684                    /lib/x86_64-linux-gnu/libdbus-1.so.3.7.6
7f596c921000-7f596c922000 rw-p 00044000 08:04 3018684                    /lib/x86_64-linux-gnu/libdbus-1.so.3.7.6
7f596c922000-7f596c95d000 r-xp 00000000 08:04 1057566                    /usr/lib/x86_64-linux-gnu/libp11-kit.so.0.0.0
7f596c95d000-7f596cb5c000 ---p 0003b000 08:04 1057566                    /usr/lib/x86_64-linux-gnu/libp11-kit.so.0.0.0
7f596cb5c000-7f596cb62000 r--p 0003a000 08:04 1057566                    /usr/lib/x86_64-linux-gnu/libp11-kit.so.0.0.0
7f596cb62000-7f596cb64000 rw-p 00040000 08:04 1057566                    /usr/lib/x86_64-linux-gnu/libp11-kit.so.0.0.0
7f596cb64000-7f596cb76000 r-xp 00000000 08:04 1052910                    /usr/lib/x86_64-linux-gnu/libtasn1.so.6.2.0
7f596cb76000-7f596cd76000 ---p 00012000 08:04 1052910                    /usr/lib/x86_64-linux-gnu/libtasn1.so.6.2.0
7f596cd76000-7f596cd77000 r--p 00012000 08:04 1052910                    /usr/lib/x86_64-linux-gnu/libtasn1.so.6.2.0
7f596cd77000-7f596cd78000 rw-p 00013000 08:04 1052910                    /usr/lib/x86_64-linux-gnu/libtasn1.so.6.2.0
7f596cd78000-7f596cdf4000 r-xp 00000000 08:04 3023628                    /lib/x86_64-linux-gnu/libgcrypt.so.11.8.2
7f596cdf4000-7f596cff4000 ---p 0007c000 08:04 3023628                    /lib/x86_64-linux-gnu/libgcrypt.so.11.8.2
7f596cff4000-7f596cff5000 r--p 0007c000 08:04 3023628                    /lib/x86_64-linux-gnu/libgcrypt.so.11.8.2
7f596cff5000-7f596cff8000 rw-p 0007d000 08:04 3023628                    /lib/x86_64-linux-gnu/libgcrypt.so.11.8.2
7f596cff8000-7f596d002000 r-xp 00000000 08:04 1057356                    /usr/lib/x86_64-linux-gnu/libkrb5support.so.0.1
7f596d002000-7f596d201000 ---p 0000a000 08:04 1057356                    /usr/lib/x86_64-linux-gnu/libkrb5support.so.0.1
7f596d201000-7f596d202000 r--p 00009000 08:04 1057356                    /usr/lib/x86_64-linux-gnu/libkrb5support.so.0.1
7f596d202000-7f596d203000 rw-p 0000a000 08:04 1057356                    /usr/lib/x86_64-linux-gnu/libkrb5support.so.0.1
7f596d203000-7f596d206000 r-xp 00000000 08:04 3023614                    /lib/x86_64-linux-gnu/libcom_err.so.2.1
7f596d206000-7f596d405000 ---p 00003000 08:04 3023614                    /lib/x86_64-linux-gnu/libcom_err.so.2.1
7f596d405000-7f596d406000 r--p 00002000 08:04 3023614                    /lib/x86_64-linux-gnu/libcom_err.so.2.1
7f596d406000-7f596d407000 rw-p 00003000 08:04 3023614                    /lib/x86_64-linux-gnu/libcom_err.so.2.1
7f596d407000-7f596d433000 r-xp 00000000 08:04 1059027                    /usr/lib/x86_64-linux-gnu/libk5crypto.so.3.1
7f596d433000-7f596d632000 ---p 0002c000 08:04 1059027                    /usr/lib/x86_64-linux-gnu/libk5crypto.so.3.1
7f596d632000-7f596d634000 r--p 0002b000 08:04 1059027                    /usr/lib/x86_64-linux-gnu/libk5crypto.so.3.1
7f596d634000-7f596d635000 rw-p 0002d000 08:04 1059027                    /usr/lib/x86_64-linux-gnu/libk5crypto.so.3.1
7f596d635000-7f596d636000 rw-p 00000000 00:00 0 
7f596d636000-7f596d6f2000 r-xp 00000000 08:04 1057249                    /usr/lib/x86_64-linux-gnu/libkrb5.so.3.3
7f596d6f2000-7f596d8f2000 ---p 000bc000 08:04 1057249                    /usr/lib/x86_64-linux-gnu/libkrb5.so.3.3
7f596d8f2000-7f596d8ff000 r--p 000bc000 08:04 1057249                    /usr/lib/x86_64-linux-gnu/libkrb5.so.3.3
7f596d8ff000-7f596d901000 rw-p 000c9000 08:04 1057249                    /usr/lib/x86_64-linux-gnu/libkrb5.so.3.3
7f596d901000-7f596d906000 r-xp 00000000 08:04 1056850                    /usr/lib/x86_64-linux-gnu/libXdmcp.so.6.0.0
7f596d906000-7f596db05000 ---p 00005000 08:04 1056850                    /usr/lib/x86_64-linux-gnu/libXdmcp.so.6.0.0
7f596db05000-7f596db06000 r--p 00004000 08:04 1056850                    /usr/lib/x86_64-linux-gnu/libXdmcp.so.6.0.0
7f596db06000-7f596db07000 rw-p 00005000 08:04 1056850                    /usr/lib/x86_64-linux-gnu/libXdmcp.so.6.0.0
7f596db07000-7f596db09000 r-xp 00000000 08:04 1056839                    /usr/lib/x86_64-linux-gnu/libXau.so.6.0.0
7f596db09000-7f596dd09000 ---p 00002000 08:04 1056839                    /usr/lib/x86_64-linux-gnu/libXau.so.6.0.0
7f596dd09000-7f596dd0a000 r--p 00002000 08:04 1056839                    /usr/lib/x86_64-linux-gnu/libXau.so.6.0.0
7f596dd0a000-7f596dd0b000 rw-p 00003000 08:04 1056839                    /usr/lib/x86_64-linux-gnu/libXau.so.6.0.0
7f596dd0b000-7f596dd32000 r-xp 00000000 08:04 3023625                    /lib/x86_64-linux-gnu/libexpat.so.1.6.0
7f596dd32000-7f596df32000 ---p 00027000 08:04 3023625                    /lib/x86_64-linux-gnu/libexpat.so.1.6.0
7f596df32000-7f596df34000 r--p 00027000 08:04 3023625                    /lib/x86_64-linux-gnu/libexpat.so.1.6.0
7f596df34000-7f596df35000 rw-p 00029000 08:04 3023625                    /lib/x86_64-linux-gnu/libexpat.so.1.6.0
7f596df35000-7f596dfd2000 r-xp 00000000 08:04 1059779                    /usr/lib/x86_64-linux-gnu/libfreetype.so.6.11.1
7f596dfd2000-7f596e1d1000 ---p 0009d000 08:04 1059779                    /usr/lib/x86_64-linux-gnu/libfreetype.so.6.11.1
7f596e1d1000-7f596e1d7000 r--p 0009c000 08:04 1059779                    /usr/lib/x86_64-linux-gnu/libfreetype.so.6.11.1
7f596e1d7000-7f596e1d8000 rw-p 000a2000 08:04 1059779                    /usr/lib/x86_64-linux-gnu/libfreetype.so.6.11.1
7f596e1d8000-7f596e1e7000 r-xp 00000000 08:04 1056943                    /usr/lib/x86_64-linux-gnu/libavahi-client.so.3.2.9
7f596e1e7000-7f596e3e7000 ---p 0000f000 08:04 1056943                    /usr/lib/x86_64-linux-gnu/libavahi-client.so.3.2.9
7f596e3e7000-7f596e3e8000 r--p 0000f000 08:04 1056943                    /usr/lib/x86_64-linux-gnu/libavahi-client.so.3.2.9
7f596e3e8000-7f596e3e9000 rw-p 00010000 08:04 1056943                    /usr/lib/x86_64-linux-gnu/libavahi-client.so.3.2.9
7f596e3e9000-7f596e3f4000 r-xp 00000000 08:04 1056945                    /usr/lib/x86_64-linux-gnu/libavahi-common.so.3.5.3
7f596e3f4000-7f596e5f3000 ---p 0000b000 08:04 1056945                    /usr/lib/x86_64-linux-gnu/libavahi-common.so.3.5.3
7f596e5f3000-7f596e5f4000 r--p 0000a000 08:04 1056945                    /usr/lib/x86_64-linux-gnu/libavahi-common.so.3.5.3
7f596e5f4000-7f596e5f5000 rw-p 0000b000 08:04 1056945                    /usr/lib/x86_64-linux-gnu/libavahi-common.so.3.5.3
7f596e5f5000-7f596e6ab000 r-xp 00000000 08:04 1052914                    /usr/lib/x86_64-linux-gnu/libgnutls.so.26.22.6
7f596e6ab000-7f596e8ab000 ---p 000b6000 08:04 1052914                    /usr/lib/x86_64-linux-gnu/libgnutls.so.26.22.6
7f596e8ab000-7f596e8b1000 r--p 000b6000 08:04 1052914                    /usr/lib/x86_64-linux-gnu/libgnutls.so.26.22.6
7f596e8b1000-7f596e8b2000 rw-p 000bc000 08:04 1052914                    /usr/lib/x86_64-linux-gnu/libgnutls.so.26.22.6
7f596e8b2000-7f596e8b3000 rw-p 00000000 00:00 0 
7f596e8b3000-7f596e8f6000 r-xp 00000000 08:04 1057219                    /usr/lib/x86_64-linux-gnu/libgssapi_krb5.so.2.2
7f596e8f6000-7f596eaf6000 ---p 00043000 08:04 1057219                    /usr/lib/x86_64-linux-gnu/libgssapi_krb5.so.2.2
7f596eaf6000-7f596eaf7000 r--p 00043000 08:04 1057219                    /usr/lib/x86_64-linux-gnu/libgssapi_krb5.so.2.2
7f596eaf7000-7f596eaf9000 rw-p 00044000 08:04 1057219                    /usr/lib/x86_64-linux-gnu/libgssapi_krb5.so.2.2
7f596eaf9000-7f596eb16000 r-xp 00000000 08:04 1057909                    /usr/lib/x86_64-linux-gnu/libxcb.so.1.1.0
7f596eb16000-7f596ed16000 ---p 0001d000 08:04 1057909                    /usr/lib/x86_64-linux-gnu/libxcb.so.1.1.0
7f596ed16000-7f596ed17000 r--p 0001d000 08:04 1057909                    /usr/lib/x86_64-linux-gnu/libxcb.so.1.1.0
7f596ed17000-7f596ed18000 rw-p 0001e000 08:04 1057909                    /usr/lib/x86_64-linux-gnu/libxcb.so.1.1.0
7f596ed18000-7f596ed52000 r-xp 00000000 08:04 1057131                    /usr/lib/x86_64-linux-gnu/libfontconfig.so.1.8.0
7f596ed52000-7f596ef51000 ---p 0003a000 08:04 1057131                    /usr/lib/x86_64-linux-gnu/libfontconfig.so.1.8.0
7f596ef51000-7f596ef53000 r--p 00039000 08:04 1057131                    /usr/lib/x86_64-linux-gnu/libfontconfig.so.1.8.0
7f596ef53000-7f596ef54000 rw-p 0003b000 08:04 1057131                    /usr/lib/x86_64-linux-gnu/libfontconfig.so.1.8.0
7f596ef54000-7f596efc0000 r-xp 00000000 08:04 1049446                    /usr/lib/x86_64-linux-gnu/libcups.so.2
7f596efc0000-7f596f1c0000 ---p 0006c000 08:04 1049446                    /usr/lib/x86_64-linux-gnu/libcups.so.2
7f596f1c0000-7f596f1c7000 r--p 0006c000 08:04 1049446                    /usr/lib/x86_64-linux-gnu/libcups.so.2
7f596f1c7000-7f596f1c8000 rw-p 00073000 08:04 1049446                    /usr/lib/x86_64-linux-gnu/libcups.so.2
7f596f1c8000-7f596f1d7000 r-xp 00000000 08:04 1059969                    /usr/lib/x86_64-linux-gnu/libXi.so.6.1.0
7f596f1d7000-7f596f3d6000 ---p 0000f000 08:04 1059969                    /usr/lib/x86_64-linux-gnu/libXi.so.6.1.0
7f596f3d6000-7f596f3d7000 r--p 0000e000 08:04 1059969                    /usr/lib/x86_64-linux-gnu/libXi.so.6.1.0
7f596f3d7000-7f596f3d8000 rw-p 0000f000 08:04 1059969                    /usr/lib/x86_64-linux-gnu/libXi.so.6.1.0
7f596f3d8000-7f596f3dd000 r-xp 00000000 08:04 1056880                    /usr/lib/x86_64-linux-gnu/libXtst.so.6.1.0
7f596f3dd000-7f596f5dc000 ---p 00005000 08:04 1056880                    /usr/lib/x86_64-linux-gnu/libXtst.so.6.1.0
7f596f5dc000-7f596f5dd000 r--p 00004000 08:04 1056880                    /usr/lib/x86_64-linux-gnu/libXtst.so.6.1.0
7f596f5dd000-7f596f5de000 rw-p 00005000 08:04 1056880                    /usr/lib/x86_64-linux-gnu/libXtst.so.6.1.0
7f596f5de000-7f596f5e7000 r-xp 00000000 08:04 1056820                    /usr/lib/x86_64-linux-gnu/libXrender.so.1.3.0
7f596f5e7000-7f596f7e6000 ---p 00009000 08:04 1056820                    /usr/lib/x86_64-linux-gnu/libXrender.so.1.3.0
7f596f7e6000-7f596f7e7000 r--p 00008000 08:04 1056820                    /usr/lib/x86_64-linux-gnu/libXrender.so.1.3.0
7f596f7e7000-7f596f7e8000 rw-p 00009000 08:04 1056820                    /usr/lib/x86_64-linux-gnu/libXrender.so.1.3.0
7f596f7e8000-7f596f918000 r-xp 00000000 08:04 1056835                    /usr/lib/x86_64-linux-gnu/libX11.so.6.3.0
7f596f918000-7f596fb18000 ---p 00130000 08:04 1056835                    /usr/lib/x86_64-linux-gnu/libX11.so.6.3.0
7f596fb18000-7f596fb19000 r--p 00130000 08:04 1056835                    /usr/lib/x86_64-linux-gnu/libX11.so.6.3.0
7f596fb19000-7f596fb1d000 rw-p 00131000 08:04 1056835                    /usr/lib/x86_64-linux-gnu/libX11.so.6.3.0
7f596fb1d000-7f596fb2e000 r-xp 00000000 08:04 1059909                    /usr/lib/x86_64-linux-gnu/libXext.so.6.4.0
7f596fb2e000-7f596fd2d000 ---p 00011000 08:04 1059909                    /usr/lib/x86_64-linux-gnu/libXext.so.6.4.0
7f596fd2d000-7f596fd2e000 r--p 00010000 08:04 1059909                    /usr/lib/x86_64-linux-gnu/libXext.so.6.4.0
7f596fd2e000-7f596fd2f000 rw-p 00011000 08:04 1059909                    /usr/lib/x86_64-linux-gnu/libXext.so.6.4.0
7f596fd2f000-7f596fdcf000 r-xp 00000000 08:04 1842899                    /usr/lib/jvm/java-7-openjdk-amd64/jre/lib/amd64/libawt.so
7f596fdcf000-7f596ffcf000 ---p 000a0000 08:04 1842899                    /usr/lib/jvm/java-7-openjdk-amd64/jre/lib/amd64/libawt.so
7f596ffcf000-7f596ffd0000 r--p 000a0000 08:04 1842899                    /usr/lib/jvm/java-7-openjdk-amd64/jre/lib/amd64/libawt.so
7f596ffd0000-7f596ffdb000 rw-p 000a1000 08:04 1842899                    /usr/lib/jvm/java-7-openjdk-amd64/jre/lib/amd64/libawt.so
7f596ffdb000-7f5970000000 rw-p 00000000 00:00 0 
7f5970000000-7f5970021000 rw-p 00000000 00:00 0 
7f5970021000-7f5974000000 ---p 00000000 00:00 0 
7f5974000000-7f5974021000 rw-p 00000000 00:00 0 
7f5974021000-7f5978000000 ---p 00000000 00:00 0 
7f5978000000-7f5978021000 rw-p 00000000 00:00 0 
7f5978021000-7f597c000000 ---p 00000000 00:00 0 
7f597c000000-7f597c021000 rw-p 00000000 00:00 0 
7f597c021000-7f5980000000 ---p 00000000 00:00 0 
7f5980000000-7f5980021000 rw-p 00000000 00:00 0 
7f5980021000-7f5984000000 ---p 00000000 00:00 0 
7f5984000000-7f5984021000 rw-p 00000000 00:00 0 
7f5984021000-7f5988000000 ---p 00000000 00:00 0 
7f5988000000-7f59885b9000 rw-p 00000000 00:00 0 
7f59885b9000-7f598c000000 ---p 00000000 00:00 0 
7f598c000000-7f598c446000 rw-p 00000000 00:00 0 
7f598c446000-7f5990000000 ---p 00000000 00:00 0 
7f5990000000-7f5990021000 rw-p 00000000 00:00 0 
7f5990021000-7f5994000000 ---p 00000000 00:00 0 
7f5994000000-7f5994021000 rw-p 00000000 00:00 0 
7f5994021000-7f5998000000 ---p 00000000 00:00 0 
7f5998000000-7f5998249000 rw-p 00000000 00:00 0 
7f5998249000-7f599c000000 ---p 00000000 00:00 0 
7f599c000000-7f599c021000 rw-p 00000000 00:00 0 
7f599c021000-7f59a0000000 ---p 00000000 00:00 0 
7f59a0000000-7f59a0021000 rw-p 00000000 00:00 0 
7f59a0021000-7f59a4000000 ---p 00000000 00:00 0 
7f59a4000000-7f59a4001000 r--s 00000000 08:04 4084994                    /var/cache/fontconfig/89034621ae2a8922916bb6bfa5799546-le64.cache-4
7f59a4001000-7f59a4003000 r--s 00000000 08:04 4084992                    /var/cache/fontconfig/4b14b093aebc79c320de5e86ae1d3314-le64.cache-4
7f59a4003000-7f59a4004000 r--s 00000000 08:04 4084991                    /var/cache/fontconfig/8aec10f4cc8391dcef22ca549f1e4354-le64.cache-4
7f59a4004000-7f59a4005000 r--s 00000000 08:04 4084990                    /var/cache/fontconfig/8a687c406b77f27d99abfeeba937fcce-le64.cache-4
7f59a4005000-7f59a400e000 r--s 00000000 08:04 4069329                    /var/cache/fontconfig/3f7329c5293ffd510edef78f73874cfd-le64.cache-4
7f59a400e000-7f59a400f000 r--s 00000000 08:04 4084989                    /var/cache/fontconfig/ac2cf712d852da827a87a9baf682f5b9-le64.cache-4
7f59a400f000-7f59a4011000 r--s 00000000 08:04 4084988                    /var/cache/fontconfig/65f976e5259cbe6dc7697b8648396239-le64.cache-4
7f59a4011000-7f59a401c000 r--s 00000000 08:04 4084987                    /var/cache/fontconfig/d589a48862398ed80a3d6066f4f56f4c-le64.cache-4
7f59a401c000-7f59a401d000 r--s 00000000 08:04 4084986                    /var/cache/fontconfig/94f7fe9bd33aadfac165873bd010d595-le64.cache-4
7f59a401d000-7f59a401f000 r--s 00000000 08:04 4084985                    /var/cache/fontconfig/423767150eb258c59035de29db6fca84-le64.cache-4
7f59a401f000-7f59a4020000 r--s 00000000 08:04 4084984                    /var/cache/fontconfig/845c20fd2c4814bcec78e05d37a63ccc-le64.cache-4
7f59a4020000-7f59a4021000 r--s 00000000 08:04 4084983                    /var/cache/fontconfig/e7de81b01590fb7e12b38e274e17d0db-le64.cache-4
7f59a4021000-7f59a4022000 r--s 00000000 08:04 4084982                    /var/cache/fontconfig/406a1d2d2bf3ed7664fbadefac0b2f66-le64.cache-4
7f59a4022000-7f59a4024000 r--s 00000000 08:04 4084981                    /var/cache/fontconfig/67709b7835c0f764c1135060c9575660-le64.cache-4
7f59a4024000-7f59a402e000 r--s 00000000 08:04 4084980                    /var/cache/fontconfig/198d8fcf01c96d0cf813f74fd759bdb7-le64.cache-4
7f59a402e000-7f59a4039000 r--s 00000000 08:04 4084978                    /var/cache/fontconfig/83bf95040141907cd45bb53cf7c1c148-le64.cache-4
7f59a4039000-7f59a403b000 r--s 00000000 08:04 4084977                    /var/cache/fontconfig/6e6b34ae150a7ad95e82fb4a522f0bda-le64.cache-4
7f59a403b000-7f59a4042000 r--s 00000000 08:04 4084975                    /var/cache/fontconfig/53d14c92082a93e67d5078324eb314ca-le64.cache-4
7f59a4042000-7f59a4046000 r--s 00000000 08:04 4084974                    /var/cache/fontconfig/6c08beecf0dac481ec92e759e0c2e6d7-le64.cache-4
7f59a4046000-7f59a404a000 r--s 00000000 08:04 4084973                    /var/cache/fontconfig/4d6aee6d44eccb37054d3216e945f618-le64.cache-4
7f59a404a000-7f59a405d000 r--s 00000000 08:04 4084970                    /var/cache/fontconfig/4ac51e5cfbc76fc3f983e470323a16d3-le64.cache-4
7f59a405d000-7f59a40a5000 r-xp 00000000 08:04 1842970                    /usr/lib/jvm/java-7-openjdk-amd64/jre/lib/amd64/xawt/libmawt.so
7f59a40a5000-7f59a42a4000 ---p 00048000 08:04 1842970                    /usr/lib/jvm/java-7-openjdk-amd64/jre/lib/amd64/xawt/libmawt.so
7f59a42a4000-7f59a42a5000 r--p 00047000 08:04 1842970                    /usr/lib/jvm/java-7-openjdk-amd64/jre/lib/amd64/xawt/libmawt.so
7f59a42a5000-7f59a42a8000 rw-p 00048000 08:04 1842970                    /usr/lib/jvm/java-7-openjdk-amd64/jre/lib/amd64/xawt/libmawt.so
7f59a42a8000-7f59a42a9000 rw-p 00000000 00:00 0 
7f59a42a9000-7f59a42ac000 ---p 00000000 00:00 0 
7f59a42ac000-7f59a43aa000 rw-p 00000000 00:00 0                          [stack:11007]
7f59a43aa000-7f59a43ad000 ---p 00000000 00:00 0 
7f59a43ad000-7f59a44ab000 rw-p 00000000 00:00 0                          [stack:11006]
7f59a44ab000-7f59a44ae000 ---p 00000000 00:00 0 
7f59a44ae000-7f59a45ac000 rw-p 00000000 00:00 0                          [stack:11005]
7f59a45ac000-7f59a45af000 ---p 00000000 00:00 0 
7f59a45af000-7f59a46ad000 rw-p 00000000 00:00 0                          [stack:11004]
7f59a46ad000-7f59a46ea000 r-xp 00000000 08:04 3023619                    /lib/x86_64-linux-gnu/libpcre.so.3.13.1
7f59a46ea000-7f59a48e9000 ---p 0003d000 08:04 3023619                    /lib/x86_64-linux-gnu/libpcre.so.3.13.1
7f59a48e9000-7f59a48ea000 r--p 0003c000 08:04 3023619                    /lib/x86_64-linux-gnu/libpcre.so.3.13.1
7f59a48ea000-7f59a48eb000 rw-p 0003d000 08:04 3023619                    /lib/x86_64-linux-gnu/libpcre.so.3.13.1
7f59a48eb000-7f59a48f2000 r-xp 00000000 08:04 1057117                    /usr/lib/x86_64-linux-gnu/libffi.so.6.0.1
7f59a48f2000-7f59a4af1000 ---p 00007000 08:04 1057117                    /usr/lib/x86_64-linux-gnu/libffi.so.6.0.1
7f59a4af1000-7f59a4af2000 r--p 00006000 08:04 1057117                    /usr/lib/x86_64-linux-gnu/libffi.so.6.0.1
7f59a4af2000-7f59a4af3000 rw-p 00007000 08:04 1057117                    /usr/lib/x86_64-linux-gnu/libffi.so.6.0.1
7f59a4af3000-7f59a4b0a000 r-xp 00000000 08:04 3023556                    /lib/x86_64-linux-gnu/libresolv-2.19.so
7f59a4b0a000-7f59a4d0a000 ---p 00017000 08:04 3023556                    /lib/x86_64-linux-gnu/libresolv-2.19.so
7f59a4d0a000-7f59a4d0b000 r--p 00017000 08:04 3023556                    /lib/x86_64-linux-gnu/libresolv-2.19.so
7f59a4d0b000-7f59a4d0c000 rw-p 00018000 08:04 3023556                    /lib/x86_64-linux-gnu/libresolv-2.19.so
7f59a4d0c000-7f59a4d0e000 rw-p 00000000 00:00 0 
7f59a4d0e000-7f59a4d2e000 r-xp 00000000 08:04 3018823                    /lib/x86_64-linux-gnu/libselinux.so.1
7f59a4d2e000-7f59a4f2d000 ---p 00020000 08:04 3018823                    /lib/x86_64-linux-gnu/libselinux.so.1
7f59a4f2d000-7f59a4f2e000 r--p 0001f000 08:04 3018823                    /lib/x86_64-linux-gnu/libselinux.so.1
7f59a4f2e000-7f59a4f2f000 rw-p 00020000 08:04 3018823                    /lib/x86_64-linux-gnu/libselinux.so.1
7f59a4f2f000-7f59a4f31000 rw-p 00000000 00:00 0 
7f59a4f31000-7f59a4f34000 r-xp 00000000 08:04 1048940                    /usr/lib/x86_64-linux-gnu/libgmodule-2.0.so.0.4002.0
7f59a4f34000-7f59a5133000 ---p 00003000 08:04 1048940                    /usr/lib/x86_64-linux-gnu/libgmodule-2.0.so.0.4002.0
7f59a5133000-7f59a5134000 r--p 00002000 08:04 1048940                    /usr/lib/x86_64-linux-gnu/libgmodule-2.0.so.0.4002.0
7f59a5134000-7f59a5135000 rw-p 00003000 08:04 1048940                    /usr/lib/x86_64-linux-gnu/libgmodule-2.0.so.0.4002.0
7f59a5135000-7f59a523b000 r-xp 00000000 08:04 3020247                    /lib/x86_64-linux-gnu/libglib-2.0.so.0.4002.0
7f59a523b000-7f59a543a000 ---p 00106000 08:04 3020247                    /lib/x86_64-linux-gnu/libglib-2.0.so.0.4002.0
7f59a543a000-7f59a543b000 r--p 00105000 08:04 3020247                    /lib/x86_64-linux-gnu/libglib-2.0.so.0.4002.0
7f59a543b000-7f59a543c000 rw-p 00106000 08:04 3020247                    /lib/x86_64-linux-gnu/libglib-2.0.so.0.4002.0
7f59a543c000-7f59a543d000 rw-p 00000000 00:00 0 
7f59a543d000-7f59a548c000 r-xp 00000000 08:04 1048958                    /usr/lib/x86_64-linux-gnu/libgobject-2.0.so.0.4002.0
7f59a548c000-7f59a568c000 ---p 0004f000 08:04 1048958                    /usr/lib/x86_64-linux-gnu/libgobject-2.0.so.0.4002.0
7f59a568c000-7f59a568d000 r--p 0004f000 08:04 1048958                    /usr/lib/x86_64-linux-gnu/libgobject-2.0.so.0.4002.0
7f59a568d000-7f59a568e000 rw-p 00050000 08:04 1048958                    /usr/lib/x86_64-linux-gnu/libgobject-2.0.so.0.4002.0
7f59a568e000-7f59a57fa000 r-xp 00000000 08:04 1048962                    /usr/lib/x86_64-linux-gnu/libgio-2.0.so.0.4002.0
7f59a57fa000-7f59a59f9000 ---p 0016c000 08:04 1048962                    /usr/lib/x86_64-linux-gnu/libgio-2.0.so.0.4002.0
7f59a59f9000-7f59a59fd000 r--p 0016b000 08:04 1048962                    /usr/lib/x86_64-linux-gnu/libgio-2.0.so.0.4002.0
7f59a59fd000-7f59a59ff000 rw-p 0016f000 08:04 1048962                    /usr/lib/x86_64-linux-gnu/libgio-2.0.so.0.4002.0
7f59a59ff000-7f59a5a01000 rw-p 00000000 00:00 0 
7f59a5a01000-7f59a5a18000 r-xp 00000000 08:04 1842928                    /usr/lib/jvm/java-7-openjdk-amd64/jre/lib/amd64/libnet.so
7f59a5a18000-7f59a5c17000 ---p 00017000 08:04 1842928                    /usr/lib/jvm/java-7-openjdk-amd64/jre/lib/amd64/libnet.so
7f59a5c17000-7f59a5c18000 r--p 00016000 08:04 1842928                    /usr/lib/jvm/java-7-openjdk-amd64/jre/lib/amd64/libnet.so
7f59a5c18000-7f59a5c19000 rw-p 00017000 08:04 1842928                    /usr/lib/jvm/java-7-openjdk-amd64/jre/lib/amd64/libnet.so
7f59a5c19000-7f59a5c1a000 ---p 00000000 00:00 0 
7f59a5c1a000-7f59a5d1a000 rw-p 00000000 00:00 0                          [stack:11003]
7f59a5d1a000-7f59a5d1d000 ---p 00000000 00:00 0 
7f59a5d1d000-7f59a5e1b000 rw-p 00000000 00:00 0                          [stack:11002]
7f59a5e1b000-7f59a5e1e000 ---p 00000000 00:00 0 
7f59a5e1e000-7f59a5f1c000 rw-p 00000000 00:00 0                          [stack:11001]
7f59a5f1c000-7f59a6600000 r--p 00000000 08:04 1055749                    /usr/lib/locale/locale-archive
7f59a6600000-7f59a8000000 rw-p 00000000 00:00 0 
7f59a8000000-7f59a8021000 rw-p 00000000 00:00 0 
7f59a8021000-7f59ac000000 ---p 00000000 00:00 0 
7f59ac000000-7f59ac021000 rw-p 00000000 00:00 0 
7f59ac021000-7f59b0000000 ---p 00000000 00:00 0 
7f59b0000000-7f59b0021000 rw-p 00000000 00:00 0 
7f59b0021000-7f59b4000000 ---p 00000000 00:00 0 
7f59b4000000-7f59b4001000 r--s 00000000 08:04 4063303                    /var/cache/fontconfig/0c9eb80ebd1c36541ebe2852d3bb0c49-le64.cache-4
7f59b4001000-7f59b4002000 r--s 00000000 08:04 4084976                    /var/cache/fontconfig/3334a778d104e76d188e9df399bc24d2-le64.cache-4
7f59b4002000-7f59b4006000 r--s 00000000 08:04 4084972                    /var/cache/fontconfig/d6c6df98c3df5faf9bd0f8ef4d91efe5-le64.cache-4
7f59b4006000-7f59b400a000 r--s 00000000 08:04 4084971                    /var/cache/fontconfig/9fb319ef52839f11ee26ab8b4cffa12b-le64.cache-4
7f59b400a000-7f59b400d000 r--s 00000000 08:04 4084969                    /var/cache/fontconfig/c19b55eb3b4c5b40ea175e31682068a5-le64.cache-4
7f59b400d000-7f59b400e000 r--s 00000000 08:04 4084968                    /var/cache/fontconfig/c277e94e32b20404286a1ddafa5a80f0-le64.cache-4
7f59b400e000-7f59b4025000 r--s 00000000 08:04 4079917                    /var/cache/fontconfig/e13b20fdb08344e0e664864cc2ede53d-le64.cache-4
7f59b4025000-7f59b402a000 r--s 00000000 08:04 4071671                    /var/cache/fontconfig/7ef2298fde41cc6eeb7af42e48b7d293-le64.cache-4
7f59b402a000-7f59b4037000 r--s 00000000 08:04 4085005                    /var/cache/fontconfig/8f02d4cb045bd6ce15663e43f347c9f8-le64.cache-4
7f59b4037000-7f59b4055000 r--s 00000000 08:04 4079928                    /var/cache/fontconfig/467c019e582ee353435ea5c21d137ef6-le64.cache-4
7f59b4055000-7f59b4094000 r--s 002ff000 08:04 2631179                    /home/ghizlane/workspace/ABT Last Version/lib/choco-solver-2.1.5.jar
7f59b4094000-7f59b40c5000 rw-p 00000000 00:00 0 
7f59b40c5000-7f59b40cf000 r--s 000ae000 08:04 1842934                    /usr/lib/jvm/java-7-openjdk-amd64/jre/lib/resources.jar
7f59b40cf000-7f59b40d8000 r--s 0002d000 08:04 2631184                    /home/ghizlane/workspace/ABT Last Version/lib/jdom-2.0.5/lib/xml-apis.jar
7f59b40d8000-7f59b40f1000 r--s 00135000 08:04 2631188                    /home/ghizlane/workspace/ABT Last Version/lib/jdom-2.0.5/lib/xercesImpl.jar
7f59b40f1000-7f59b40f4000 ---p 00000000 00:00 0 
7f59b40f4000-7f59b41f2000 rw-p 00000000 00:00 0                          [stack:11000]
7f59b41f2000-7f59b41f5000 ---p 00000000 00:00 0 
7f59b41f5000-7f59b42f3000 rw-p 00000000 00:00 0                          [stack:10999]
7f59b42f3000-7f59b42f6000 ---p 00000000 00:00 0 
7f59b42f6000-7f59b43f4000 rw-p 00000000 00:00 0                          [stack:10998]
7f59b43f4000-7f59b43f7000 ---p 00000000 00:00 0 
7f59b43f7000-7f59b44f5000 rw-p 00000000 00:00 0                          [stack:10997]
7f59b44f5000-7f59b44f6000 ---p 00000000 00:00 0 
7f59b44f6000-7f59b5000000 rw-p 00000000 00:00 0                          [stack:10996]
7f59b5000000-7f59b5270000 rwxp 00000000 00:00 0 
7f59b5270000-7f59b83de000 rw-p 00000000 00:00 0 
7f59b83de000-7f59bc000000 ---p 00000000 00:00 0 
7f59bc000000-7f59bc003000 r--s 00000000 08:04 4084967                    /var/cache/fontconfig/de83a0a961185c8bd1f159015d56c039-le64.cache-4
7f59bc003000-7f59bc009000 r--s 00033000 08:04 2631182                    /home/ghizlane/workspace/ABT Last Version/lib/jdom-2.0.5/lib/jaxen-1.1.6.jar
7f59bc009000-7f59bc00f000 r--s 00044000 08:04 2631192                    /home/ghizlane/workspace/ABT Last Version/lib/jdom-2.0.5/jdom-2.0.5.jar
7f59bc00f000-7f59bc018000 r--s 000c5000 08:04 2631190                    /home/ghizlane/workspace/ABT Last Version/lib/jdom-2.0.5/jdom-2.0.5-sources.jar
7f59bc018000-7f59bc020000 r--s 0006e000 08:04 2631194                    /home/ghizlane/workspace/ABT Last Version/lib/jdom-2.0.5/jdom-2.0.5-junit.jar
7f59bc020000-7f59bc029000 r--s 000ef000 08:04 2631191                    /home/ghizlane/workspace/ABT Last Version/lib/jdom-2.0.5/jdom-2.0.5-javadoc.jar
7f59bc029000-7f59bc61c000 rw-p 00000000 00:00 0 
7f59bc61c000-7f59bc7ce000 r--s 01d30000 08:04 1842886                    /usr/lib/jvm/java-7-openjdk-amd64/jre/lib/rt.jar
7f59bc7ce000-7f59bca67000 rw-p 00000000 00:00 0 
7f59bca67000-7f59bca68000 ---p 00000000 00:00 0 
7f59bca68000-7f59bcb68000 rw-p 00000000 00:00 0                          [stack:10995]
7f59bcb68000-7f59bcb69000 ---p 00000000 00:00 0 
7f59bcb69000-7f59bcc69000 rw-p 00000000 00:00 0                          [stack:10994]
7f59bcc69000-7f59bcc6a000 ---p 00000000 00:00 0 
7f59bcc6a000-7f59bcd6a000 rw-p 00000000 00:00 0                          [stack:10993]
7f59bcd6a000-7f59bcd6b000 ---p 00000000 00:00 0 
7f59bcd6b000-7f59bce76000 rw-p 00000000 00:00 0                          [stack:10992]
7f59bce76000-7f59bcebe000 rw-p 00000000 00:00 0 
7f59bcebe000-7f59bcec8000 rw-p 00000000 00:00 0 
7f59bcec8000-7f59bcf9c000 rw-p 00000000 00:00 0 
7f59bcf9c000-7f59bcfa7000 rw-p 00000000 00:00 0 
7f59bcfa7000-7f59bcfef000 rw-p 00000000 00:00 0 
7f59bcfef000-7f59bcff9000 rw-p 00000000 00:00 0 
7f59bcff9000-7f59bd0cd000 rw-p 00000000 00:00 0 
7f59bd0cd000-7f59bd111000 rw-p 00000000 00:00 0 
7f59bd111000-7f59bd112000 ---p 00000000 00:00 0 
7f59bd112000-7f59bd13c000 rw-p 00000000 00:00 0 
7f59bd13c000-7f59bd13d000 rw-p 00000000 00:00 0 
7f59bd13d000-7f59bd145000 r-xp 00000000 08:04 1842898                    /usr/lib/jvm/java-7-openjdk-amd64/jre/lib/amd64/libzip.so
7f59bd145000-7f59bd344000 ---p 00008000 08:04 1842898                    /usr/lib/jvm/java-7-openjdk-amd64/jre/lib/amd64/libzip.so
7f59bd344000-7f59bd345000 r--p 00007000 08:04 1842898                    /usr/lib/jvm/java-7-openjdk-amd64/jre/lib/amd64/libzip.so
7f59bd345000-7f59bd346000 rw-p 00008000 08:04 1842898                    /usr/lib/jvm/java-7-openjdk-amd64/jre/lib/amd64/libzip.so
7f59bd346000-7f59bd351000 r-xp 00000000 08:04 3023558                    /lib/x86_64-linux-gnu/libnss_files-2.19.so
7f59bd351000-7f59bd550000 ---p 0000b000 08:04 3023558                    /lib/x86_64-linux-gnu/libnss_files-2.19.so
7f59bd550000-7f59bd551000 r--p 0000a000 08:04 3023558                    /lib/x86_64-linux-gnu/libnss_files-2.19.so
7f59bd551000-7f59bd552000 rw-p 0000b000 08:04 3023558                    /lib/x86_64-linux-gnu/libnss_files-2.19.so
7f59bd552000-7f59bd55d000 r-xp 00000000 08:04 3023578                    /lib/x86_64-linux-gnu/libnss_nis-2.19.so
7f59bd55d000-7f59bd75c000 ---p 0000b000 08:04 3023578                    /lib/x86_64-linux-gnu/libnss_nis-2.19.so
7f59bd75c000-7f59bd75d000 r--p 0000a000 08:04 3023578                    /lib/x86_64-linux-gnu/libnss_nis-2.19.so
7f59bd75d000-7f59bd75e000 rw-p 0000b000 08:04 3023578                    /lib/x86_64-linux-gnu/libnss_nis-2.19.so
7f59bd75e000-7f59bd775000 r-xp 00000000 08:04 3023567                    /lib/x86_64-linux-gnu/libnsl-2.19.so
7f59bd775000-7f59bd974000 ---p 00017000 08:04 3023567                    /lib/x86_64-linux-gnu/libnsl-2.19.so
7f59bd974000-7f59bd975000 r--p 00016000 08:04 3023567                    /lib/x86_64-linux-gnu/libnsl-2.19.so
7f59bd975000-7f59bd976000 rw-p 00017000 08:04 3023567                    /lib/x86_64-linux-gnu/libnsl-2.19.so
7f59bd976000-7f59bd978000 rw-p 00000000 00:00 0 
7f59bd978000-7f59bd981000 r-xp 00000000 08:04 3023566                    /lib/x86_64-linux-gnu/libnss_compat-2.19.so
7f59bd981000-7f59bdb80000 ---p 00009000 08:04 3023566                    /lib/x86_64-linux-gnu/libnss_compat-2.19.so
7f59bdb80000-7f59bdb81000 r--p 00008000 08:04 3023566                    /lib/x86_64-linux-gnu/libnss_compat-2.19.so
7f59bdb81000-7f59bdb82000 rw-p 00009000 08:04 3023566                    /lib/x86_64-linux-gnu/libnss_compat-2.19.so
7f59bdb82000-7f59bdbad000 r-xp 00000000 08:04 1842907                    /usr/lib/jvm/java-7-openjdk-amd64/jre/lib/amd64/libjava.so
7f59bdbad000-7f59bddad000 ---p 0002b000 08:04 1842907                    /usr/lib/jvm/java-7-openjdk-amd64/jre/lib/amd64/libjava.so
7f59bddad000-7f59bddae000 r--p 0002b000 08:04 1842907                    /usr/lib/jvm/java-7-openjdk-amd64/jre/lib/amd64/libjava.so
7f59bddae000-7f59bddb0000 rw-p 0002c000 08:04 1842907                    /usr/lib/jvm/java-7-openjdk-amd64/jre/lib/amd64/libjava.so
7f59bddb0000-7f59bddc0000 r-xp 00000000 08:04 1842925                    /usr/lib/jvm/java-7-openjdk-amd64/jre/lib/amd64/libverify.so
7f59bddc0000-7f59bdfbf000 ---p 00010000 08:04 1842925                    /usr/lib/jvm/java-7-openjdk-amd64/jre/lib/amd64/libverify.so
7f59bdfbf000-7f59bdfc1000 r--p 0000f000 08:04 1842925                    /usr/lib/jvm/java-7-openjdk-amd64/jre/lib/amd64/libverify.so
7f59bdfc1000-7f59bdfc2000 rw-p 00011000 08:04 1842925                    /usr/lib/jvm/java-7-openjdk-amd64/jre/lib/amd64/libverify.so
7f59bdfc2000-7f59bdfc9000 r-xp 00000000 08:04 3023575                    /lib/x86_64-linux-gnu/librt-2.19.so
7f59bdfc9000-7f59be1c8000 ---p 00007000 08:04 3023575                    /lib/x86_64-linux-gnu/librt-2.19.so
7f59be1c8000-7f59be1c9000 r--p 00006000 08:04 3023575                    /lib/x86_64-linux-gnu/librt-2.19.so
7f59be1c9000-7f59be1ca000 rw-p 00007000 08:04 3023575                    /lib/x86_64-linux-gnu/librt-2.19.so
7f59be1ca000-7f59be1e0000 r-xp 00000000 08:04 3018670                    /lib/x86_64-linux-gnu/libgcc_s.so.1
7f59be1e0000-7f59be3df000 ---p 00016000 08:04 3018670                    /lib/x86_64-linux-gnu/libgcc_s.so.1
7f59be3df000-7f59be3e0000 rw-p 00015000 08:04 3018670                    /lib/x86_64-linux-gnu/libgcc_s.so.1
7f59be3e0000-7f59be4e5000 r-xp 00000000 08:04 3023557                    /lib/x86_64-linux-gnu/libm-2.19.so
7f59be4e5000-7f59be6e4000 ---p 00105000 08:04 3023557                    /lib/x86_64-linux-gnu/libm-2.19.so
7f59be6e4000-7f59be6e5000 r--p 00104000 08:04 3023557                    /lib/x86_64-linux-gnu/libm-2.19.so
7f59be6e5000-7f59be6e6000 rw-p 00105000 08:04 3023557                    /lib/x86_64-linux-gnu/libm-2.19.so
7f59be6e6000-7f59be7cc000 r-xp 00000000 08:04 1052839                    /usr/lib/x86_64-linux-gnu/libstdc++.so.6.0.19
7f59be7cc000-7f59be9cb000 ---p 000e6000 08:04 1052839                    /usr/lib/x86_64-linux-gnu/libstdc++.so.6.0.19
7f59be9cb000-7f59be9d3000 r--p 000e5000 08:04 1052839                    /usr/lib/x86_64-linux-gnu/libstdc++.so.6.0.19
7f59be9d3000-7f59be9d5000 rw-p 000ed000 08:04 1052839                    /usr/lib/x86_64-linux-gnu/libstdc++.so.6.0.19
7f59be9d5000-7f59be9ea000 rw-p 00000000 00:00 0 
7f59be9ea000-7f59bf50e000 r-xp 00000000 08:04 1842915                    /usr/lib/jvm/java-7-openjdk-amd64/jre/lib/amd64/server/libjvm.so
7f59bf50e000-7f59bf70d000 ---p 00b24000 08:04 1842915                    /usr/lib/jvm/java-7-openjdk-amd64/jre/lib/amd64/server/libjvm.so
7f59bf70d000-7f59bf7a7000 r--p 00b23000 08:04 1842915                    /usr/lib/jvm/java-7-openjdk-amd64/jre/lib/amd64/server/libjvm.so
7f59bf7a7000-7f59bf7ca000 rw-p 00bbd000 08:04 1842915                    /usr/lib/jvm/java-7-openjdk-amd64/jre/lib/amd64/server/libjvm.so
7f59bf7ca000-7f59bf7f8000 rw-p 00000000 00:00 0 
7f59bf7f8000-7f59bf810000 r-xp 00000000 08:04 3018856                    /lib/x86_64-linux-gnu/libz.so.1.2.8
7f59bf810000-7f59bfa0f000 ---p 00018000 08:04 3018856                    /lib/x86_64-linux-gnu/libz.so.1.2.8
7f59bfa0f000-7f59bfa10000 r--p 00017000 08:04 3018856                    /lib/x86_64-linux-gnu/libz.so.1.2.8
7f59bfa10000-7f59bfa11000 rw-p 00018000 08:04 3018856                    /lib/x86_64-linux-gnu/libz.so.1.2.8
7f59bfa11000-7f59bfa2a000 r-xp 00000000 08:04 3023573                    /lib/x86_64-linux-gnu/libpthread-2.19.so
7f59bfa2a000-7f59bfc29000 ---p 00019000 08:04 3023573                    /lib/x86_64-linux-gnu/libpthread-2.19.so
7f59bfc29000-7f59bfc2a000 r--p 00018000 08:04 3023573                    /lib/x86_64-linux-gnu/libpthread-2.19.so
7f59bfc2a000-7f59bfc2b000 rw-p 00019000 08:04 3023573                    /lib/x86_64-linux-gnu/libpthread-2.19.so
7f59bfc2b000-7f59bfc2f000 rw-p 00000000 00:00 0 
7f59bfc2f000-7f59bfc32000 r-xp 00000000 08:04 3023561                    /lib/x86_64-linux-gnu/libdl-2.19.so
7f59bfc32000-7f59bfe31000 ---p 00003000 08:04 3023561                    /lib/x86_64-linux-gnu/libdl-2.19.so
7f59bfe31000-7f59bfe32000 r--p 00002000 08:04 3023561                    /lib/x86_64-linux-gnu/libdl-2.19.so
7f59bfe32000-7f59bfe33000 rw-p 00003000 08:04 3023561                    /lib/x86_64-linux-gnu/libdl-2.19.so
7f59bfe33000-7f59bffee000 r-xp 00000000 08:04 3023572                    /lib/x86_64-linux-gnu/libc-2.19.so
7f59bffee000-7f59c01ed000 ---p 001bb000 08:04 3023572                    /lib/x86_64-linux-gnu/libc-2.19.so
7f59c01ed000-7f59c01f1000 r--p 001ba000 08:04 3023572                    /lib/x86_64-linux-gnu/libc-2.19.so
7f59c01f1000-7f59c01f3000 rw-p 001be000 08:04 3023572                    /lib/x86_64-linux-gnu/libc-2.19.so
7f59c01f3000-7f59c01f8000 rw-p 00000000 00:00 0 
7f59c01f8000-7f59c0205000 r-xp 00000000 08:04 1978705                    /usr/lib/jvm/java-7-openjdk-amd64/jre/lib/amd64/jli/libjli.so
7f59c0205000-7f59c0404000 ---p 0000d000 08:04 1978705                    /usr/lib/jvm/java-7-openjdk-amd64/jre/lib/amd64/jli/libjli.so
7f59c0404000-7f59c0405000 r--p 0000c000 08:04 1978705                    /usr/lib/jvm/java-7-openjdk-amd64/jre/lib/amd64/jli/libjli.so
7f59c0405000-7f59c0406000 rw-p 0000d000 08:04 1978705                    /usr/lib/jvm/java-7-openjdk-amd64/jre/lib/amd64/jli/libjli.so
7f59c0406000-7f59c0429000 r-xp 00000000 08:04 3023569                    /lib/x86_64-linux-gnu/ld-2.19.so
7f59c0429000-7f59c042b000 r--s 00000000 08:04 4085006                    /var/cache/fontconfig/16326683038b281783a0ef8c680e3a10-le64.cache-4
7f59c042b000-7f59c042c000 r--s 00000000 08:04 4085004                    /var/cache/fontconfig/e0aa53bcfa504e64f87823c16bc01eb6-le64.cache-4
7f59c042c000-7f59c042f000 r--s 00026000 08:04 2631193                    /home/ghizlane/workspace/ABT Last Version/lib/jdom-2.0.5/jdom-2.0.5-contrib.jar
7f59c042f000-7f59c0431000 r--s 0000a000 08:04 2895085                    /home/ghizlane/workspace/ABT Last Version/lib/JADE-all-4.3.3/JADE-src-4.3.3/jade/lib/commons-codec/commons-codec-1.3.jar
7f59c0431000-7f59c0432000 r--s 00002000 08:04 1842882                    /usr/lib/jvm/java-7-openjdk-amd64/jre/lib/ext/dnsns.jar
7f59c0432000-7f59c0434000 r--s 00006000 08:04 1454461                    /usr/share/java/java-atk-wrapper.jar
7f59c0434000-7f59c043e000 rw-p 00000000 00:00 0 
7f59c043e000-7f59c04f4000 rw-p 00000000 00:00 0 
7f59c04f4000-7f59c04f7000 ---p 00000000 00:00 0 
7f59c04f7000-7f59c05fa000 rw-p 00000000 00:00 0                          [stack:10991]
7f59c05fa000-7f59c05fd000 r--s 0000f000 08:04 1842879                    /usr/lib/jvm/java-7-openjdk-amd64/jre/lib/ext/icedtea-sound.jar
7f59c05fd000-7f59c0601000 r--s 0003c000 08:04 1842881                    /usr/lib/jvm/java-7-openjdk-amd64/jre/lib/ext/sunpkcs11.jar
7f59c0601000-7f59c0605000 r--s 00085000 08:04 1842878                    /usr/lib/jvm/java-7-openjdk-amd64/jre/lib/ext/localedata.jar
7f59c0605000-7f59c0609000 r--s 00034000 08:04 1842880                    /usr/lib/jvm/java-7-openjdk-amd64/jre/lib/ext/sunjce_provider.jar
7f59c0609000-7f59c060b000 r--s 00012000 08:04 1842876                    /usr/lib/jvm/java-7-openjdk-amd64/jre/lib/ext/zipfs.jar
7f59c060b000-7f59c061c000 rw-p 00000000 00:00 0 
7f59c061c000-7f59c0624000 rw-s 00000000 08:04 5767338                    /tmp/hsperfdata_ghizlane/10985
7f59c0624000-7f59c0625000 rw-p 00000000 00:00 0 
7f59c0625000-7f59c0626000 ---p 00000000 00:00 0 
7f59c0626000-7f59c0628000 rw-p 00000000 00:00 0 
7f59c0628000-7f59c0629000 r--p 00022000 08:04 3023569                    /lib/x86_64-linux-gnu/ld-2.19.so
7f59c0629000-7f59c062a000 rw-p 00023000 08:04 3023569                    /lib/x86_64-linux-gnu/ld-2.19.so
7f59c062a000-7f59c062b000 rw-p 00000000 00:00 0 
7fff0f95e000-7fff0f97f000 rw-p 00000000 00:00 0                          [stack]
7fff0f9ec000-7fff0f9ee000 r-xp 00000000 00:00 0                          [vdso]
ffffffffff600000-ffffffffff601000 r-xp 00000000 00:00 0                  [vsyscall]

VM Arguments:
jvm_args: -Dfile.encoding=UTF-8 
java_command: DisSolver.Agent
Launcher Type: SUN_STANDARD

Environment Variables:
PATH=/usr/local/sbin:/usr/local/bin:/usr/sbin:/usr/bin:/sbin:/bin:/usr/games:/usr/local/games
SHELL=/bin/bash
DISPLAY=:0

Signal Handlers:
SIGSEGV: [libjvm.so+0x954820], sa_mask[0]=0x7ffbfeff, sa_flags=0x10000004
SIGBUS: [libjvm.so+0x954820], sa_mask[0]=0x7ffbfeff, sa_flags=0x10000004
SIGFPE: [libjvm.so+0x7cb150], sa_mask[0]=0x7ffbfeff, sa_flags=0x10000004
SIGPIPE: [libjvm.so+0x7cb150], sa_mask[0]=0x7ffbfeff, sa_flags=0x10000004
SIGXFSZ: [libjvm.so+0x7cb150], sa_mask[0]=0x7ffbfeff, sa_flags=0x10000004
SIGILL: [libjvm.so+0x7cb150], sa_mask[0]=0x7ffbfeff, sa_flags=0x10000004
SIGUSR1: SIG_DFL, sa_mask[0]=0x00000000, sa_flags=0x00000000
SIGUSR2: [libjvm.so+0x7caff0], sa_mask[0]=0x00000004, sa_flags=0x10000004
SIGHUP: [libjvm.so+0x7cb1d0], sa_mask[0]=0x7ffbfeff, sa_flags=0x10000004
SIGINT: [libjvm.so+0x7cb1d0], sa_mask[0]=0x7ffbfeff, sa_flags=0x10000004
SIGTERM: [libjvm.so+0x7cb1d0], sa_mask[0]=0x7ffbfeff, sa_flags=0x10000004
SIGQUIT: [libjvm.so+0x7cb1d0], sa_mask[0]=0x7ffbfeff, sa_flags=0x10000004
SIGTRAP: SIG_DFL, sa_mask[0]=0x00000000, sa_flags=0x00000000


---------------  S Y S T E M  ---------------

OS:Ubuntu 14.04 (trusty)
uname:Linux 3.13.0-44-generic #73-Ubuntu SMP Tue Dec 16 00:22:43 UTC 2014 x86_64
libc:glibc 2.19 NPTL 2.19 
rlimit: STACK 8192k, CORE 0k, NPROC 14616, NOFILE 4096, AS infinity
load average:2,79 2,15 2,26

/proc/meminfo:
MemTotal:        1892500 kB
MemFree:          101668 kB
Buffers:            1268 kB
Cached:           255444 kB
SwapCached:            0 kB
Active:          1425348 kB
Inactive:         240096 kB
Active(anon):    1411384 kB
Inactive(anon):   219504 kB
Active(file):      13964 kB
Inactive(file):    20592 kB
Unevictable:          32 kB
Mlocked:              32 kB
SwapTotal:             0 kB
SwapFree:              0 kB
Dirty:               924 kB
Writeback:             0 kB
AnonPages:       1409080 kB
Mapped:            82312 kB
Shmem:            221840 kB
Slab:              55444 kB
SReclaimable:      26184 kB
SUnreclaim:        29260 kB
KernelStack:        4136 kB
PageTables:        28952 kB
NFS_Unstable:          0 kB
Bounce:                0 kB
WritebackTmp:          0 kB
CommitLimit:      946248 kB
Committed_AS:    4297948 kB
VmallocTotal:   34359738367 kB
VmallocUsed:      343556 kB
VmallocChunk:   34359386492 kB
HardwareCorrupted:     0 kB
AnonHugePages:    532480 kB
HugePages_Total:       0
HugePages_Free:        0
HugePages_Rsvd:        0
HugePages_Surp:        0
Hugepagesize:       2048 kB
DirectMap4k:       67520 kB
DirectMap2M:     1941504 kB


CPU:total 4 (2 cores per cpu, 2 threads per core) family 6 model 42 stepping 7, cmov, cx8, fxsr, mmx, sse, sse2, sse3, ssse3, sse4.1, sse4.2, popcnt, avx, ht, tsc, tscinvbit

/proc/cpuinfo:
processor	: 0
vendor_id	: GenuineIntel
cpu family	: 6
model		: 42
model name	: Intel(R) Core(TM) i3-2310M CPU @ 2.10GHz
stepping	: 7
microcode	: 0x1a
cpu MHz		: 2100.000
cache size	: 3072 KB
physical id	: 0
siblings	: 4
core id		: 0
cpu cores	: 2
apicid		: 0
initial apicid	: 0
fpu		: yes
fpu_exception	: yes
cpuid level	: 13
wp		: yes
flags		: fpu vme de pse tsc msr pae mce cx8 apic sep mtrr pge mca cmov pat pse36 clflush dts acpi mmx fxsr sse sse2 ss ht tm pbe syscall nx rdtscp lm constant_tsc arch_perfmon pebs bts nopl xtopology nonstop_tsc aperfmperf eagerfpu pni pclmulqdq dtes64 monitor ds_cpl vmx est tm2 ssse3 cx16 xtpr pdcm pcid sse4_1 sse4_2 x2apic popcnt tsc_deadline_timer xsave avx lahf_lm arat epb xsaveopt pln pts dtherm tpr_shadow vnmi flexpriority ept vpid
bogomips	: 4190.73
clflush size	: 64
cache_alignment	: 64
address sizes	: 36 bits physical, 48 bits virtual
power management:

processor	: 1
vendor_id	: GenuineIntel
cpu family	: 6
model		: 42
model name	: Intel(R) Core(TM) i3-2310M CPU @ 2.10GHz
stepping	: 7
microcode	: 0x1a
cpu MHz		: 800.000
cache size	: 3072 KB
physical id	: 0
siblings	: 4
core id		: 0
cpu cores	: 2
apicid		: 1
initial apicid	: 1
fpu		: yes
fpu_exception	: yes
cpuid level	: 13
wp		: yes
flags		: fpu vme de pse tsc msr pae mce cx8 apic sep mtrr pge mca cmov pat pse36 clflush dts acpi mmx fxsr sse sse2 ss ht tm pbe syscall nx rdtscp lm constant_tsc arch_perfmon pebs bts nopl xtopology nonstop_tsc aperfmperf eagerfpu pni pclmulqdq dtes64 monitor ds_cpl vmx est tm2 ssse3 cx16 xtpr pdcm pcid sse4_1 sse4_2 x2apic popcnt tsc_deadline_timer xsave avx lahf_lm arat epb xsaveopt pln pts dtherm tpr_shadow vnmi flexpriority ept vpid
bogomips	: 4190.73
clflush size	: 64
cache_alignment	: 64
address sizes	: 36 bits physical, 48 bits virtual
power management:

processor	: 2
vendor_id	: GenuineIntel
cpu family	: 6
model		: 42
model name	: Intel(R) Core(TM) i3-2310M CPU @ 2.10GHz
stepping	: 7
microcode	: 0x1a
cpu MHz		: 2100.000
cache size	: 3072 KB
physical id	: 0
siblings	: 4
core id		: 1
cpu cores	: 2
apicid		: 2
initial apicid	: 2
fpu		: yes
fpu_exception	: yes
cpuid level	: 13
wp		: yes
flags		: fpu vme de pse tsc msr pae mce cx8 apic sep mtrr pge mca cmov pat pse36 clflush dts acpi mmx fxsr sse sse2 ss ht tm pbe syscall nx rdtscp lm constant_tsc arch_perfmon pebs bts nopl xtopology nonstop_tsc aperfmperf eagerfpu pni pclmulqdq dtes64 monitor ds_cpl vmx est tm2 ssse3 cx16 xtpr pdcm pcid sse4_1 sse4_2 x2apic popcnt tsc_deadline_timer xsave avx lahf_lm arat epb xsaveopt pln pts dtherm tpr_shadow vnmi flexpriority ept vpid
bogomips	: 4190.73
clflush size	: 64
cache_alignment	: 64
address sizes	: 36 bits physical, 48 bits virtual
power management:

processor	: 3
vendor_id	: GenuineIntel
cpu family	: 6
model		: 42
model name	: Intel(R) Core(TM) i3-2310M CPU @ 2.10GHz
stepping	: 7
microcode	: 0x1a
cpu MHz		: 800.000
cache size	: 3072 KB
physical id	: 0
siblings	: 4
core id		: 1
cpu cores	: 2
apicid		: 3
initial apicid	: 3
fpu		: yes
fpu_exception	: yes
cpuid level	: 13
wp		: yes
flags		: fpu vme de pse tsc msr pae mce cx8 apic sep mtrr pge mca cmov pat pse36 clflush dts acpi mmx fxsr sse sse2 ss ht tm pbe syscall nx rdtscp lm constant_tsc arch_perfmon pebs bts nopl xtopology nonstop_tsc aperfmperf eagerfpu pni pclmulqdq dtes64 monitor ds_cpl vmx est tm2 ssse3 cx16 xtpr pdcm pcid sse4_1 sse4_2 x2apic popcnt tsc_deadline_timer xsave avx lahf_lm arat epb xsaveopt pln pts dtherm tpr_shadow vnmi flexpriority ept vpid
bogomips	: 4190.73
clflush size	: 64
cache_alignment	: 64
address sizes	: 36 bits physical, 48 bits virtual
power management:



Memory: 4k page, physical 1892500k(101668k free), swap 0k(0k free)

vm_info: OpenJDK 64-Bit Server VM (24.85-b03) for linux-amd64 JRE (1.7.0_85-b01), built on Oct 22 2015 06:46:50 by "buildd" with gcc 4.8.2

time: Wed Nov 11 13:12:15 2015
elapsed time: 11 seconds

